2026-04-21 13:15:19 +0000 - dagster - DEBUG - __ASSET_JOB - 8c6d8eb1-1764-49b0-ada3-c147f27aabca - 7229 - LOGS_CAPTURED - Started capturing logs in process (pid: 7229).
2026-04-21 13:15:19 +0000 - dagster - DEBUG - __ASSET_JOB - 8c6d8eb1-1764-49b0-ada3-c147f27aabca - 7229 - dbt_staging - STEP_START - Started execution of step "dbt_staging".
2026-04-21 13:15:19 +0000 - dagster - INFO - __ASSET_JOB - 8c6d8eb1-1764-49b0-ada3-c147f27aabca - dbt_staging - Lancement dbt run --select staging...
2026-04-21 13:15:30 +0000 - dagster - INFO - __ASSET_JOB - 8c6d8eb1-1764-49b0-ada3-c147f27aabca - dbt_staging - [0m13:15:23  Running with dbt=1.7.19
2026-04-21 13:15:30 +0000 - dagster - INFO - __ASSET_JOB - 8c6d8eb1-1764-49b0-ada3-c147f27aabca - dbt_staging - [0m13:15:23  Registered adapter: clickhouse=1.7.7
2026-04-21 13:15:30 +0000 - dagster - INFO - __ASSET_JOB - 8c6d8eb1-1764-49b0-ada3-c147f27aabca - dbt_staging - [0m13:15:23  Unable to do partial parsing because of a version mismatch
2026-04-21 13:15:30 +0000 - dagster - INFO - __ASSET_JOB - 8c6d8eb1-1764-49b0-ada3-c147f27aabca - dbt_staging - [0m13:15:28  Found 18 models, 130 tests, 10 sources, 0 exposures, 0 metrics, 545 macros, 1 group, 0 semantic models
2026-04-21 13:15:30 +0000 - dagster - INFO - __ASSET_JOB - 8c6d8eb1-1764-49b0-ada3-c147f27aabca - dbt_staging - [0m13:15:28  
2026-04-21 13:15:30 +0000 - dagster - INFO - __ASSET_JOB - 8c6d8eb1-1764-49b0-ada3-c147f27aabca - dbt_staging - [0m13:15:28  Concurrency: 4 threads (target='dev')
2026-04-21 13:15:30 +0000 - dagster - INFO - __ASSET_JOB - 8c6d8eb1-1764-49b0-ada3-c147f27aabca - dbt_staging - [0m13:15:28  
2026-04-21 13:15:30 +0000 - dagster - INFO - __ASSET_JOB - 8c6d8eb1-1764-49b0-ada3-c147f27aabca - dbt_staging - [0m13:15:28  1 of 10 START sql view model `gold`.`stg_client` ............................... [RUN]
2026-04-21 13:15:30 +0000 - dagster - INFO - __ASSET_JOB - 8c6d8eb1-1764-49b0-ada3-c147f27aabca - dbt_staging - [0m13:15:28  2 of 10 START sql view model `gold`.`stg_document` ............................. [RUN]
2026-04-21 13:15:30 +0000 - dagster - INFO - __ASSET_JOB - 8c6d8eb1-1764-49b0-ada3-c147f27aabca - dbt_staging - [0m13:15:28  3 of 10 START sql view model `gold`.`stg_document_line` ........................ [RUN]
2026-04-21 13:15:30 +0000 - dagster - INFO - __ASSET_JOB - 8c6d8eb1-1764-49b0-ada3-c147f27aabca - dbt_staging - [0m13:15:28  4 of 10 START sql view model `gold`.`stg_document_status` ...................... [RUN]
2026-04-21 13:15:30 +0000 - dagster - INFO - __ASSET_JOB - 8c6d8eb1-1764-49b0-ada3-c147f27aabca - dbt_staging - [0m13:15:28  1 of 10 OK created sql view model `gold`.`stg_client` .......................... [[32mOK[0m in 0.24s]
2026-04-21 13:15:30 +0000 - dagster - INFO - __ASSET_JOB - 8c6d8eb1-1764-49b0-ada3-c147f27aabca - dbt_staging - [0m13:15:29  2 of 10 OK created sql view model `gold`.`stg_document` ........................ [[32mOK[0m in 0.25s]
2026-04-21 13:15:30 +0000 - dagster - INFO - __ASSET_JOB - 8c6d8eb1-1764-49b0-ada3-c147f27aabca - dbt_staging - [0m13:15:29  5 of 10 START sql view model `gold`.`stg_document_type` ........................ [RUN]
2026-04-21 13:15:30 +0000 - dagster - INFO - __ASSET_JOB - 8c6d8eb1-1764-49b0-ada3-c147f27aabca - dbt_staging - [0m13:15:29  6 of 10 START sql view model `gold`.`stg_family` ............................... [RUN]
2026-04-21 13:15:30 +0000 - dagster - INFO - __ASSET_JOB - 8c6d8eb1-1764-49b0-ada3-c147f27aabca - dbt_staging - [0m13:15:29  4 of 10 OK created sql view model `gold`.`stg_document_status` ................. [[32mOK[0m in 0.31s]
2026-04-21 13:15:30 +0000 - dagster - INFO - __ASSET_JOB - 8c6d8eb1-1764-49b0-ada3-c147f27aabca - dbt_staging - [0m13:15:29  7 of 10 START sql view model `gold`.`stg_geographical_area` .................... [RUN]
2026-04-21 13:15:30 +0000 - dagster - INFO - __ASSET_JOB - 8c6d8eb1-1764-49b0-ada3-c147f27aabca - dbt_staging - [0m13:15:29  3 of 10 OK created sql view model `gold`.`stg_document_line` ................... [[32mOK[0m in 0.33s]
2026-04-21 13:15:30 +0000 - dagster - INFO - __ASSET_JOB - 8c6d8eb1-1764-49b0-ada3-c147f27aabca - dbt_staging - [0m13:15:29  8 of 10 START sql view model `gold`.`stg_item` ................................. [RUN]
2026-04-21 13:15:30 +0000 - dagster - INFO - __ASSET_JOB - 8c6d8eb1-1764-49b0-ada3-c147f27aabca - dbt_staging - [0m13:15:29  5 of 10 OK created sql view model `gold`.`stg_document_type` ................... [[32mOK[0m in 0.19s]
2026-04-21 13:15:30 +0000 - dagster - INFO - __ASSET_JOB - 8c6d8eb1-1764-49b0-ada3-c147f27aabca - dbt_staging - [0m13:15:29  6 of 10 OK created sql view model `gold`.`stg_family` .......................... [[32mOK[0m in 0.18s]
2026-04-21 13:15:30 +0000 - dagster - INFO - __ASSET_JOB - 8c6d8eb1-1764-49b0-ada3-c147f27aabca - dbt_staging - [0m13:15:29  9 of 10 START sql view model `gold`.`stg_product_item` ......................... [RUN]
2026-04-21 13:15:30 +0000 - dagster - INFO - __ASSET_JOB - 8c6d8eb1-1764-49b0-ada3-c147f27aabca - dbt_staging - [0m13:15:29  10 of 10 START sql view model `gold`.`stg_warehouse` ........................... [RUN]
2026-04-21 13:15:30 +0000 - dagster - INFO - __ASSET_JOB - 8c6d8eb1-1764-49b0-ada3-c147f27aabca - dbt_staging - [0m13:15:29  7 of 10 OK created sql view model `gold`.`stg_geographical_area` ............... [[32mOK[0m in 0.17s]
2026-04-21 13:15:30 +0000 - dagster - INFO - __ASSET_JOB - 8c6d8eb1-1764-49b0-ada3-c147f27aabca - dbt_staging - [0m13:15:29  8 of 10 OK created sql view model `gold`.`stg_item` ............................ [[32mOK[0m in 0.16s]
2026-04-21 13:15:30 +0000 - dagster - INFO - __ASSET_JOB - 8c6d8eb1-1764-49b0-ada3-c147f27aabca - dbt_staging - [0m13:15:29  9 of 10 OK created sql view model `gold`.`stg_product_item` .................... [[32mOK[0m in 0.12s]
2026-04-21 13:15:30 +0000 - dagster - INFO - __ASSET_JOB - 8c6d8eb1-1764-49b0-ada3-c147f27aabca - dbt_staging - [0m13:15:29  10 of 10 OK created sql view model `gold`.`stg_warehouse` ...................... [[32mOK[0m in 0.13s]
2026-04-21 13:15:30 +0000 - dagster - INFO - __ASSET_JOB - 8c6d8eb1-1764-49b0-ada3-c147f27aabca - dbt_staging - [0m13:15:29  
2026-04-21 13:15:30 +0000 - dagster - INFO - __ASSET_JOB - 8c6d8eb1-1764-49b0-ada3-c147f27aabca - dbt_staging - [0m13:15:29  Finished running 10 view models in 0 hours 0 minutes and 1.08 seconds (1.08s).
2026-04-21 13:15:30 +0000 - dagster - INFO - __ASSET_JOB - 8c6d8eb1-1764-49b0-ada3-c147f27aabca - dbt_staging - [0m13:15:29  
2026-04-21 13:15:31 +0000 - dagster - INFO - __ASSET_JOB - 8c6d8eb1-1764-49b0-ada3-c147f27aabca - dbt_staging - [0m13:15:29  [32mCompleted successfully[0m
2026-04-21 13:15:31 +0000 - dagster - INFO - __ASSET_JOB - 8c6d8eb1-1764-49b0-ada3-c147f27aabca - dbt_staging - [0m13:15:29  
2026-04-21 13:15:31 +0000 - dagster - INFO - __ASSET_JOB - 8c6d8eb1-1764-49b0-ada3-c147f27aabca - dbt_staging - [0m13:15:29  Done. PASS=10 WARN=0 ERROR=0 SKIP=0 TOTAL=10
2026-04-21 13:15:31 +0000 - dagster - INFO - __ASSET_JOB - 8c6d8eb1-1764-49b0-ada3-c147f27aabca - dbt_staging - dbt staging termine avec succes.
2026-04-21 13:15:31 +0000 - dagster - DEBUG - __ASSET_JOB - 8c6d8eb1-1764-49b0-ada3-c147f27aabca - 7229 - dbt_staging - STEP_OUTPUT - Yielded output "result" of type "Any". (Type check passed).
2026-04-21 13:15:31 +0000 - dagster - DEBUG - __ASSET_JOB - 8c6d8eb1-1764-49b0-ada3-c147f27aabca - dbt_staging - Writing file at: /dagster/storage/dbt_staging using PickledObjectFilesystemIOManager...
2026-04-21 13:15:31 +0000 - dagster - DEBUG - __ASSET_JOB - 8c6d8eb1-1764-49b0-ada3-c147f27aabca - 7229 - dbt_staging - ASSET_MATERIALIZATION - Materialized value dbt_staging.
2026-04-21 13:15:31 +0000 - dagster - DEBUG - __ASSET_JOB - 8c6d8eb1-1764-49b0-ada3-c147f27aabca - 7229 - dbt_staging - HANDLED_OUTPUT - Handled output "result" using IO manager "io_manager"
2026-04-21 13:15:31 +0000 - dagster - DEBUG - __ASSET_JOB - 8c6d8eb1-1764-49b0-ada3-c147f27aabca - 7229 - dbt_staging - STEP_SUCCESS - Finished execution of step "dbt_staging" in 11.63s.
