2026-04-27 15:34:55 +0000 - dagster - DEBUG - __ASSET_JOB - ed2cb6f2-3008-4155-80ff-bb8e2ae0c367 - 2699 - LOGS_CAPTURED - Started capturing logs in process (pid: 2699).
2026-04-27 15:34:55 +0000 - dagster - DEBUG - __ASSET_JOB - ed2cb6f2-3008-4155-80ff-bb8e2ae0c367 - 2699 - airbyte_sync - STEP_START - Started execution of step "airbyte_sync".
2026-04-27 15:34:55 +0000 - dagster - INFO - __ASSET_JOB - ed2cb6f2-3008-4155-80ff-bb8e2ae0c367 - airbyte_sync - Obtention du token OAuth2 Airbyte...
2026-04-27 15:34:55 +0000 - dagster - INFO - __ASSET_JOB - ed2cb6f2-3008-4155-80ff-bb8e2ae0c367 - airbyte_sync - Token OAuth2 obtenu.
2026-04-27 15:34:56 +0000 - dagster - INFO - __ASSET_JOB - ed2cb6f2-3008-4155-80ff-bb8e2ae0c367 - airbyte_sync - Declenchement sync Airbyte connection_id=012ac2da-0a87-4781-8930-2f3fa69063c5...
2026-04-27 15:34:56 +0000 - dagster - INFO - __ASSET_JOB - ed2cb6f2-3008-4155-80ff-bb8e2ae0c367 - airbyte_sync - Sync declenchee - job_id=61
2026-04-27 15:35:06 +0000 - dagster - INFO - __ASSET_JOB - ed2cb6f2-3008-4155-80ff-bb8e2ae0c367 - airbyte_sync - [1/360] Airbyte job status: running
2026-04-27 15:35:16 +0000 - dagster - INFO - __ASSET_JOB - ed2cb6f2-3008-4155-80ff-bb8e2ae0c367 - airbyte_sync - [2/360] Airbyte job status: running
2026-04-27 15:35:26 +0000 - dagster - INFO - __ASSET_JOB - ed2cb6f2-3008-4155-80ff-bb8e2ae0c367 - airbyte_sync - [3/360] Airbyte job status: running
2026-04-27 15:35:36 +0000 - dagster - INFO - __ASSET_JOB - ed2cb6f2-3008-4155-80ff-bb8e2ae0c367 - airbyte_sync - [4/360] Airbyte job status: running
2026-04-27 15:35:46 +0000 - dagster - INFO - __ASSET_JOB - ed2cb6f2-3008-4155-80ff-bb8e2ae0c367 - airbyte_sync - [5/360] Airbyte job status: running
2026-04-27 15:35:56 +0000 - dagster - INFO - __ASSET_JOB - ed2cb6f2-3008-4155-80ff-bb8e2ae0c367 - airbyte_sync - [6/360] Airbyte job status: running
2026-04-27 15:36:06 +0000 - dagster - INFO - __ASSET_JOB - ed2cb6f2-3008-4155-80ff-bb8e2ae0c367 - airbyte_sync - [7/360] Airbyte job status: running
2026-04-27 15:36:16 +0000 - dagster - INFO - __ASSET_JOB - ed2cb6f2-3008-4155-80ff-bb8e2ae0c367 - airbyte_sync - [8/360] Airbyte job status: running
2026-04-27 15:36:26 +0000 - dagster - INFO - __ASSET_JOB - ed2cb6f2-3008-4155-80ff-bb8e2ae0c367 - airbyte_sync - [9/360] Airbyte job status: succeeded
2026-04-27 15:36:26 +0000 - dagster - INFO - __ASSET_JOB - ed2cb6f2-3008-4155-80ff-bb8e2ae0c367 - airbyte_sync - Sync Airbyte terminee avec succes.
2026-04-27 15:36:26 +0000 - dagster - DEBUG - __ASSET_JOB - ed2cb6f2-3008-4155-80ff-bb8e2ae0c367 - 2699 - airbyte_sync - STEP_OUTPUT - Yielded output "result" of type "Any". (Type check passed).
2026-04-27 15:36:26 +0000 - dagster - DEBUG - __ASSET_JOB - ed2cb6f2-3008-4155-80ff-bb8e2ae0c367 - airbyte_sync - Writing file at: /dagster/storage/airbyte_sync using PickledObjectFilesystemIOManager...
2026-04-27 15:36:26 +0000 - dagster - DEBUG - __ASSET_JOB - ed2cb6f2-3008-4155-80ff-bb8e2ae0c367 - 2699 - airbyte_sync - ASSET_MATERIALIZATION - Materialized value airbyte_sync.
2026-04-27 15:36:26 +0000 - dagster - DEBUG - __ASSET_JOB - ed2cb6f2-3008-4155-80ff-bb8e2ae0c367 - 2699 - airbyte_sync - HANDLED_OUTPUT - Handled output "result" using IO manager "io_manager"
2026-04-27 15:36:26 +0000 - dagster - DEBUG - __ASSET_JOB - ed2cb6f2-3008-4155-80ff-bb8e2ae0c367 - 2699 - airbyte_sync - STEP_SUCCESS - Finished execution of step "airbyte_sync" in 1m30s.
