2026-04-27 16:18:11 +0000 - dagster - DEBUG - full_pipeline - 9e9053c5-d2b3-4e9b-bcab-bdf04796374c - 11251 - LOGS_CAPTURED - Started capturing logs in process (pid: 11251).
2026-04-27 16:18:11 +0000 - dagster - DEBUG - full_pipeline - 9e9053c5-d2b3-4e9b-bcab-bdf04796374c - 11251 - silver_ready - STEP_START - Started execution of step "silver_ready".
2026-04-27 16:18:11 +0000 - dagster - INFO - full_pipeline - 9e9053c5-d2b3-4e9b-bcab-bdf04796374c - silver_ready - Connexion ClickHouse clickhouse:8123 db=silver...
2026-04-27 16:18:11 +0000 - dagster - INFO - full_pipeline - 9e9053c5-d2b3-4e9b-bcab-bdf04796374c - silver_ready - [1/30] Verification tables Silver ClickHouse...
2026-04-27 16:18:11 +0000 - dagster - INFO - full_pipeline - 9e9053c5-d2b3-4e9b-bcab-bdf04796374c - silver_ready -   ok client - 837 lignes
2026-04-27 16:18:12 +0000 - dagster - INFO - full_pipeline - 9e9053c5-d2b3-4e9b-bcab-bdf04796374c - silver_ready -   ok document - 489237 lignes
2026-04-27 16:18:14 +0000 - dagster - INFO - full_pipeline - 9e9053c5-d2b3-4e9b-bcab-bdf04796374c - silver_ready -   ok documentline - 1878451 lignes
2026-04-27 16:18:14 +0000 - dagster - INFO - full_pipeline - 9e9053c5-d2b3-4e9b-bcab-bdf04796374c - silver_ready -   ok documentstatus - 16 lignes
2026-04-27 16:18:14 +0000 - dagster - INFO - full_pipeline - 9e9053c5-d2b3-4e9b-bcab-bdf04796374c - silver_ready -   ok documenttype - 7 lignes
2026-04-27 16:18:14 +0000 - dagster - INFO - full_pipeline - 9e9053c5-d2b3-4e9b-bcab-bdf04796374c - silver_ready -   ok item - 65626 lignes
2026-04-27 16:18:14 +0000 - dagster - INFO - full_pipeline - 9e9053c5-d2b3-4e9b-bcab-bdf04796374c - silver_ready -   ok family - 49 lignes
2026-04-27 16:18:14 +0000 - dagster - INFO - full_pipeline - 9e9053c5-d2b3-4e9b-bcab-bdf04796374c - silver_ready -   ok geographicalarea - 8 lignes
2026-04-27 16:18:14 +0000 - dagster - INFO - full_pipeline - 9e9053c5-d2b3-4e9b-bcab-bdf04796374c - silver_ready -   ok productitem - 850 lignes
2026-04-27 16:18:14 +0000 - dagster - INFO - full_pipeline - 9e9053c5-d2b3-4e9b-bcab-bdf04796374c - silver_ready -   ok warehouse - 6 lignes
2026-04-27 16:18:14 +0000 - dagster - INFO - full_pipeline - 9e9053c5-d2b3-4e9b-bcab-bdf04796374c - silver_ready - Toutes les tables Silver sont pretes.
2026-04-27 16:18:14 +0000 - dagster - DEBUG - full_pipeline - 9e9053c5-d2b3-4e9b-bcab-bdf04796374c - 11251 - silver_ready - STEP_OUTPUT - Yielded output "result" of type "Any". (Type check passed).
2026-04-27 16:18:14 +0000 - dagster - DEBUG - full_pipeline - 9e9053c5-d2b3-4e9b-bcab-bdf04796374c - silver_ready - Writing file at: /dagster/storage/silver_ready using PickledObjectFilesystemIOManager...
2026-04-27 16:18:14 +0000 - dagster - DEBUG - full_pipeline - 9e9053c5-d2b3-4e9b-bcab-bdf04796374c - 11251 - silver_ready - ASSET_MATERIALIZATION - Materialized value silver_ready.
2026-04-27 16:18:14 +0000 - dagster - DEBUG - full_pipeline - 9e9053c5-d2b3-4e9b-bcab-bdf04796374c - 11251 - silver_ready - HANDLED_OUTPUT - Handled output "result" using IO manager "io_manager"
2026-04-27 16:18:14 +0000 - dagster - DEBUG - full_pipeline - 9e9053c5-d2b3-4e9b-bcab-bdf04796374c - 11251 - silver_ready - STEP_SUCCESS - Finished execution of step "silver_ready" in 2.97s.
2026-04-27 16:18:16 +0000 - dagster - DEBUG - full_pipeline - 9e9053c5-d2b3-4e9b-bcab-bdf04796374c - silver_ready - HOOK_COMPLETED - Finished the execution of hook "email_on_success" triggered for "silver_ready".
2026-04-27 16:18:16 +0000 - dagster - DEBUG - full_pipeline - 9e9053c5-d2b3-4e9b-bcab-bdf04796374c - silver_ready - HOOK_SKIPPED - Skipped the execution of hook "email_on_failure". It did not meet its triggering condition during the execution of "silver_ready".
