2026-04-13 14:46:54 +0000 - dagster - DEBUG - __ASSET_JOB - 9491a116-ebb0-4e24-894b-bc5b18e6e6de - 8173 - LOGS_CAPTURED - Started capturing logs in process (pid: 8173).
2026-04-13 14:46:54 +0000 - dagster - DEBUG - __ASSET_JOB - 9491a116-ebb0-4e24-894b-bc5b18e6e6de - 8173 - airbyte_sync - STEP_START - Started execution of step "airbyte_sync".
2026-04-13 14:46:54 +0000 - dagster - INFO - __ASSET_JOB - 9491a116-ebb0-4e24-894b-bc5b18e6e6de - airbyte_sync - Déclenchement sync Airbyte connection_id=012ac2da-0a87-4781-8930-2f3fa69063c5...
2026-04-13 14:46:54 +0000 - dagster - ERROR - __ASSET_JOB - 9491a116-ebb0-4e24-894b-bc5b18e6e6de - 8173 - airbyte_sync - STEP_FAILURE - Execution of step "airbyte_sync" failed.

dagster._core.errors.DagsterExecutionStepExecutionError: Error occurred while executing op "airbyte_sync"::

requests.exceptions.HTTPError: 401 Client Error: Unauthorized for url: http://192.168.3.17:8000/api/v1/connections/sync

Stack Trace:
  File "/usr/local/lib/python3.11/site-packages/dagster/_core/execution/plan/utils.py", line 54, in op_execution_error_boundary
    yield
  File "/usr/local/lib/python3.11/site-packages/dagster/_utils/__init__.py", line 473, in iterate_with_context
    next_output = next(iterator)
                  ^^^^^^^^^^^^^^
  File "/usr/local/lib/python3.11/site-packages/dagster/_core/execution/plan/compute_generator.py", line 141, in _coerce_op_compute_fn_to_iterator
    result = invoke_compute_fn(
             ^^^^^^^^^^^^^^^^^^
  File "/usr/local/lib/python3.11/site-packages/dagster/_core/execution/plan/compute_generator.py", line 129, in invoke_compute_fn
    return fn(context, **args_to_pass) if context_arg_provided else fn(**args_to_pass)
           ^^^^^^^^^^^^^^^^^^^^^^^^^^^
  File "/dagster/pipeline.py", line 58, in airbyte_sync
    trigger_resp.raise_for_status()
  File "/usr/local/lib/python3.11/site-packages/requests/models.py", line 1028, in raise_for_status
    raise HTTPError(http_error_msg, response=self)

