2026-05-13 07:12:41 +0000 - dagster - DEBUG - __ASSET_JOB - 0e856d57-8d9a-44ec-a4cf-87734ebbbed9 - 2399 - LOGS_CAPTURED - Started capturing logs in process (pid: 2399).
2026-05-13 07:12:41 +0000 - dagster - DEBUG - __ASSET_JOB - 0e856d57-8d9a-44ec-a4cf-87734ebbbed9 - 2399 - superset_sync - STEP_START - Started execution of step "superset_sync".
2026-05-13 07:12:44 +0000 - dagster - ERROR - __ASSET_JOB - 0e856d57-8d9a-44ec-a4cf-87734ebbbed9 - 2399 - superset_sync - STEP_FAILURE - Execution of step "superset_sync" failed.

dagster._core.errors.DagsterExecutionStepExecutionError: Error occurred while executing op "superset_sync"::

FileNotFoundError: [Errno 2] No such file or directory: 'docker'

Stack Trace:
  File "/usr/local/lib/python3.11/site-packages/dagster/_core/execution/plan/utils.py", line 54, in op_execution_error_boundary
    yield
  File "/usr/local/lib/python3.11/site-packages/dagster/_utils/__init__.py", line 473, in iterate_with_context
    next_output = next(iterator)
                  ^^^^^^^^^^^^^^
  File "/usr/local/lib/python3.11/site-packages/dagster/_core/execution/plan/compute_generator.py", line 141, in _coerce_op_compute_fn_to_iterator
    result = invoke_compute_fn(
             ^^^^^^^^^^^^^^^^^^
  File "/usr/local/lib/python3.11/site-packages/dagster/_core/execution/plan/compute_generator.py", line 129, in invoke_compute_fn
    return fn(context, **args_to_pass) if context_arg_provided else fn(**args_to_pass)
           ^^^^^^^^^^^^^^^^^^^^^^^^^^^
  File "/dagster/pipeline.py", line 248, in superset_sync
    result = subprocess.run(
             ^^^^^^^^^^^^^^^
  File "/usr/local/lib/python3.11/subprocess.py", line 548, in run
    with Popen(*popenargs, **kwargs) as process:
         ^^^^^^^^^^^^^^^^^^^^^^^^^^^
  File "/usr/local/lib/python3.11/subprocess.py", line 1026, in __init__
    self._execute_child(args, executable, preexec_fn, close_fds,
  File "/usr/local/lib/python3.11/subprocess.py", line 1955, in _execute_child
    raise child_exception_type(errno_num, err_msg, err_filename)

