2026-04-27 15:34:11 +0000 - dagster - DEBUG - __ASSET_JOB - 250b8f39-2262-4d95-a12d-40573483504d - 2240 - LOGS_CAPTURED - Started capturing logs in process (pid: 2240).
2026-04-27 15:34:11 +0000 - dagster - DEBUG - __ASSET_JOB - 250b8f39-2262-4d95-a12d-40573483504d - 2240 - airbyte_sync - STEP_START - Started execution of step "airbyte_sync".
2026-04-27 15:34:11 +0000 - dagster - INFO - __ASSET_JOB - 250b8f39-2262-4d95-a12d-40573483504d - airbyte_sync - Obtention du token OAuth2 Airbyte...
2026-04-27 15:34:11 +0000 - dagster - INFO - __ASSET_JOB - 250b8f39-2262-4d95-a12d-40573483504d - airbyte_sync - Token OAuth2 obtenu.
2026-04-27 15:34:11 +0000 - dagster - INFO - __ASSET_JOB - 250b8f39-2262-4d95-a12d-40573483504d - airbyte_sync - Declenchement sync Airbyte connection_id=012ac2da-0a87-4781-8930-2f3fa69063c5...
2026-04-27 15:34:12 +0000 - dagster - INFO - __ASSET_JOB - 250b8f39-2262-4d95-a12d-40573483504d - airbyte_sync - Sync declenchee - job_id=60
2026-04-27 15:34:22 +0000 - dagster - INFO - __ASSET_JOB - 250b8f39-2262-4d95-a12d-40573483504d - airbyte_sync - [1/360] Airbyte job status: running
2026-04-27 15:34:32 +0000 - dagster - INFO - __ASSET_JOB - 250b8f39-2262-4d95-a12d-40573483504d - airbyte_sync - [2/360] Airbyte job status: failed
2026-04-27 15:34:32 +0000 - dagster - ERROR - __ASSET_JOB - 250b8f39-2262-4d95-a12d-40573483504d - 2240 - airbyte_sync - STEP_FAILURE - Execution of step "airbyte_sync" failed.

dagster._core.errors.DagsterExecutionStepExecutionError: Error occurred while executing op "airbyte_sync"::

Exception: Sync Airbyte echouee - status=failed, job_id=60

Stack Trace:
  File "/usr/local/lib/python3.11/site-packages/dagster/_core/execution/plan/utils.py", line 54, in op_execution_error_boundary
    yield
  File "/usr/local/lib/python3.11/site-packages/dagster/_utils/__init__.py", line 473, in iterate_with_context
    next_output = next(iterator)
                  ^^^^^^^^^^^^^^
  File "/usr/local/lib/python3.11/site-packages/dagster/_core/execution/plan/compute_generator.py", line 141, in _coerce_op_compute_fn_to_iterator
    result = invoke_compute_fn(
             ^^^^^^^^^^^^^^^^^^
  File "/usr/local/lib/python3.11/site-packages/dagster/_core/execution/plan/compute_generator.py", line 129, in invoke_compute_fn
    return fn(context, **args_to_pass) if context_arg_provided else fn(**args_to_pass)
           ^^^^^^^^^^^^^^^^^^^^^^^^^^^
  File "/dagster/pipeline.py", line 168, in airbyte_sync
    raise Exception(f"Sync Airbyte echouee - status={status}, job_id={job_id}")

