2026-04-20 14:04:15 +0000 - dagster - DEBUG - __ASSET_JOB - 28baf504-aeb9-4cfc-a367-022a2456ac21 - 220867 - LOGS_CAPTURED - Started capturing logs in process (pid: 220867).
2026-04-20 14:04:15 +0000 - dagster - DEBUG - __ASSET_JOB - 28baf504-aeb9-4cfc-a367-022a2456ac21 - 220867 - silver_ready - STEP_START - Started execution of step "silver_ready".
2026-04-20 14:04:15 +0000 - dagster - INFO - __ASSET_JOB - 28baf504-aeb9-4cfc-a367-022a2456ac21 - silver_ready - Connexion ClickHouse clickhouse:8123 db=silver...
2026-04-20 14:04:15 +0000 - dagster - INFO - __ASSET_JOB - 28baf504-aeb9-4cfc-a367-022a2456ac21 - silver_ready - [1/30] Verification tables Silver ClickHouse...
2026-04-20 14:04:15 +0000 - dagster - INFO - __ASSET_JOB - 28baf504-aeb9-4cfc-a367-022a2456ac21 - silver_ready -   ok client - 837 lignes
2026-04-20 14:04:17 +0000 - dagster - INFO - __ASSET_JOB - 28baf504-aeb9-4cfc-a367-022a2456ac21 - silver_ready -   ok document - 488192 lignes
2026-04-20 14:04:21 +0000 - dagster - INFO - __ASSET_JOB - 28baf504-aeb9-4cfc-a367-022a2456ac21 - silver_ready -   ok documentline - 1394677 lignes
2026-04-20 14:04:21 +0000 - dagster - INFO - __ASSET_JOB - 28baf504-aeb9-4cfc-a367-022a2456ac21 - silver_ready -   ok documentstatus - 16 lignes
2026-04-20 14:04:21 +0000 - dagster - INFO - __ASSET_JOB - 28baf504-aeb9-4cfc-a367-022a2456ac21 - silver_ready -   ok documenttype - 7 lignes
2026-04-20 14:04:22 +0000 - dagster - INFO - __ASSET_JOB - 28baf504-aeb9-4cfc-a367-022a2456ac21 - silver_ready -   ok item - 65626 lignes
2026-04-20 14:04:22 +0000 - dagster - INFO - __ASSET_JOB - 28baf504-aeb9-4cfc-a367-022a2456ac21 - silver_ready -   ok family - 49 lignes
2026-04-20 14:04:22 +0000 - dagster - INFO - __ASSET_JOB - 28baf504-aeb9-4cfc-a367-022a2456ac21 - silver_ready -   ok geographicalarea - 8 lignes
2026-04-20 14:04:22 +0000 - dagster - INFO - __ASSET_JOB - 28baf504-aeb9-4cfc-a367-022a2456ac21 - silver_ready -   ok productitem - 850 lignes
2026-04-20 14:04:22 +0000 - dagster - ERROR - __ASSET_JOB - 28baf504-aeb9-4cfc-a367-022a2456ac21 - 220867 - silver_ready - STEP_FAILURE - Execution of step "silver_ready" failed.

dagster._core.errors.DagsterExecutionStepExecutionError: Error occurred while executing op "silver_ready"::

Exception: Erreur ClickHouse inattendue sur 'warehouse': Received ClickHouse exception, code: 60, server response: Code: 60. DB::Exception: Table silver.warehouse does not exist. (UNKNOWN_TABLE) (version 23.8.16.16 (official build)) (for url http://clickhouse:8123)

Stack Trace:
  File "/usr/local/lib/python3.11/site-packages/dagster/_core/execution/plan/utils.py", line 54, in op_execution_error_boundary
    yield
  File "/usr/local/lib/python3.11/site-packages/dagster/_utils/__init__.py", line 473, in iterate_with_context
    next_output = next(iterator)
                  ^^^^^^^^^^^^^^
  File "/usr/local/lib/python3.11/site-packages/dagster/_core/execution/plan/compute_generator.py", line 141, in _coerce_op_compute_fn_to_iterator
    result = invoke_compute_fn(
             ^^^^^^^^^^^^^^^^^^
  File "/usr/local/lib/python3.11/site-packages/dagster/_core/execution/plan/compute_generator.py", line 129, in invoke_compute_fn
    return fn(context, **args_to_pass) if context_arg_provided else fn(**args_to_pass)
           ^^^^^^^^^^^^^^^^^^^^^^^^^^^
  File "/dagster/pipeline.py", line 172, in silver_ready
    raise Exception(f"Erreur ClickHouse inattendue sur '{table}': {e}")

The above exception occurred during handling of the following exception:
clickhouse_connect.driver.exceptions.DatabaseError: Received ClickHouse exception, code: 60, server response: Code: 60. DB::Exception: Table silver.warehouse does not exist. (UNKNOWN_TABLE) (version 23.8.16.16 (official build)) (for url http://clickhouse:8123)

Stack Trace:
  File "/dagster/pipeline.py", line 161, in silver_ready
    result = client.query(f"SELECT count() FROM `{CLICKHOUSE_DB}`.`{table}` LIMIT 1")
             ^^^^^^^^^^^^^^^^^^^^^^^^^^^^^^^^^^^^^^^^^^^^^^^^^^^^^^^^^^^^^^^^^^^^^^^^
  File "/usr/local/lib/python3.11/site-packages/clickhouse_connect/driver/client.py", line 402, in query
    return self._query_with_context(query_context)
           ^^^^^^^^^^^^^^^^^^^^^^^^^^^^^^^^^^^^^^^
  File "/usr/local/lib/python3.11/site-packages/clickhouse_connect/driver/httpclient.py", line 304, in _query_with_context
    response = self._raw_request(body,
               ^^^^^^^^^^^^^^^^^^^^^^^
  File "/usr/local/lib/python3.11/site-packages/clickhouse_connect/driver/httpclient.py", line 571, in _raw_request
    self._error_handler(response)
  File "/usr/local/lib/python3.11/site-packages/clickhouse_connect/driver/httpclient.py", line 488, in _error_handler
    raise OperationalError(err_str) if retried else DatabaseError(err_str) from None

