2026-04-14 13:35:35 +0000 - dagster - DEBUG - __ASSET_JOB - 8833192b-fe15-4d79-8479-4fa04a933b60 - 350 - LOGS_CAPTURED - Started capturing logs in process (pid: 350).
2026-04-14 13:35:35 +0000 - dagster - DEBUG - __ASSET_JOB - 8833192b-fe15-4d79-8479-4fa04a933b60 - 350 - airbyte_sync - STEP_START - Started execution of step "airbyte_sync".
2026-04-14 13:35:35 +0000 - dagster - INFO - __ASSET_JOB - 8833192b-fe15-4d79-8479-4fa04a933b60 - airbyte_sync - Obtention du token OAuth2 Airbyte...
2026-04-14 13:35:36 +0000 - dagster - INFO - __ASSET_JOB - 8833192b-fe15-4d79-8479-4fa04a933b60 - airbyte_sync - Token OAuth2 obtenu.
2026-04-14 13:35:36 +0000 - dagster - INFO - __ASSET_JOB - 8833192b-fe15-4d79-8479-4fa04a933b60 - airbyte_sync - Déclenchement sync Airbyte connection_id=012ac2da-0a87-4781-8930-2f3fa69063c5...
2026-04-14 13:35:41 +0000 - dagster - INFO - __ASSET_JOB - 8833192b-fe15-4d79-8479-4fa04a933b60 - airbyte_sync - Sync déclenchée — job_id=42
2026-04-14 13:35:52 +0000 - dagster - INFO - __ASSET_JOB - 8833192b-fe15-4d79-8479-4fa04a933b60 - airbyte_sync - [1/360] Airbyte job status: running
2026-04-14 13:36:02 +0000 - dagster - INFO - __ASSET_JOB - 8833192b-fe15-4d79-8479-4fa04a933b60 - airbyte_sync - [2/360] Airbyte job status: running
2026-04-14 13:36:12 +0000 - dagster - INFO - __ASSET_JOB - 8833192b-fe15-4d79-8479-4fa04a933b60 - airbyte_sync - [3/360] Airbyte job status: running
2026-04-14 13:36:22 +0000 - dagster - INFO - __ASSET_JOB - 8833192b-fe15-4d79-8479-4fa04a933b60 - airbyte_sync - [4/360] Airbyte job status: running
2026-04-14 13:36:32 +0000 - dagster - INFO - __ASSET_JOB - 8833192b-fe15-4d79-8479-4fa04a933b60 - airbyte_sync - [5/360] Airbyte job status: running
2026-04-14 13:36:42 +0000 - dagster - INFO - __ASSET_JOB - 8833192b-fe15-4d79-8479-4fa04a933b60 - airbyte_sync - [6/360] Airbyte job status: running
2026-04-14 13:36:53 +0000 - dagster - INFO - __ASSET_JOB - 8833192b-fe15-4d79-8479-4fa04a933b60 - airbyte_sync - [7/360] Airbyte job status: running
2026-04-14 13:37:03 +0000 - dagster - INFO - __ASSET_JOB - 8833192b-fe15-4d79-8479-4fa04a933b60 - airbyte_sync - [8/360] Airbyte job status: running
2026-04-14 13:37:13 +0000 - dagster - INFO - __ASSET_JOB - 8833192b-fe15-4d79-8479-4fa04a933b60 - airbyte_sync - [9/360] Airbyte job status: succeeded
2026-04-14 13:37:13 +0000 - dagster - INFO - __ASSET_JOB - 8833192b-fe15-4d79-8479-4fa04a933b60 - airbyte_sync - Sync Airbyte terminée avec succès.
2026-04-14 13:37:13 +0000 - dagster - DEBUG - __ASSET_JOB - 8833192b-fe15-4d79-8479-4fa04a933b60 - 350 - airbyte_sync - STEP_OUTPUT - Yielded output "result" of type "Any". (Type check passed).
2026-04-14 13:37:13 +0000 - dagster - DEBUG - __ASSET_JOB - 8833192b-fe15-4d79-8479-4fa04a933b60 - airbyte_sync - Writing file at: /dagster/storage/airbyte_sync using PickledObjectFilesystemIOManager...
2026-04-14 13:37:13 +0000 - dagster - DEBUG - __ASSET_JOB - 8833192b-fe15-4d79-8479-4fa04a933b60 - 350 - airbyte_sync - ASSET_MATERIALIZATION - Materialized value airbyte_sync.
2026-04-14 13:37:13 +0000 - dagster - DEBUG - __ASSET_JOB - 8833192b-fe15-4d79-8479-4fa04a933b60 - 350 - airbyte_sync - HANDLED_OUTPUT - Handled output "result" using IO manager "io_manager"
2026-04-14 13:37:13 +0000 - dagster - DEBUG - __ASSET_JOB - 8833192b-fe15-4d79-8479-4fa04a933b60 - 350 - airbyte_sync - STEP_SUCCESS - Finished execution of step "airbyte_sync" in 1m37s.
