2026-05-12 20:00:24 +0000 - dagster - DEBUG - __ASSET_JOB - 8bb0baba-1406-40ef-a9dc-2276af184fc2 - 106074 - LOGS_CAPTURED - Started capturing logs in process (pid: 106074).
2026-05-12 20:00:24 +0000 - dagster - DEBUG - __ASSET_JOB - 8bb0baba-1406-40ef-a9dc-2276af184fc2 - 106074 - dbt_models - STEP_START - Started execution of step "dbt_models".
2026-05-12 20:00:24 +0000 - dagster - INFO - __ASSET_JOB - 8bb0baba-1406-40ef-a9dc-2276af184fc2 - dbt_models - A dbt subsetted execution is not being performed. Using the default dbt selection arguments `['--select', 'fqn:*']`.
2026-05-12 20:00:24 +0000 - dagster - INFO - __ASSET_JOB - 8bb0baba-1406-40ef-a9dc-2276af184fc2 - dbt_models - Copying `/dbt/target/partial_parse.msgpack` to `/dbt/target/dbt_models-8bb0bab-ef248a0/partial_parse.msgpack` to take advantage of partial parsing.
2026-05-12 20:00:24 +0000 - dagster - INFO - __ASSET_JOB - 8bb0baba-1406-40ef-a9dc-2276af184fc2 - dbt_models - Running dbt command: `dbt build --target dev --select fqn:*`.
2026-05-12 20:00:27 +0000 - dagster - WARNING - __ASSET_JOB - 8bb0baba-1406-40ef-a9dc-2276af184fc2 - dbt_models - Logging an `AssetObservation` instead of an `AssetCheckResult` for dbt test `source_not_null_silver_client_Id`.

This test was included in Dagster's asset check selection, and was likely executed due to dbt indirect selection.
2026-05-12 20:00:27 +0000 - dagster - DEBUG - __ASSET_JOB - 8bb0baba-1406-40ef-a9dc-2276af184fc2 - 106074 - dbt_models - ASSET_OBSERVATION - DagsterEventType.ASSET_OBSERVATION for step dbt_models
2026-05-12 20:00:27 +0000 - dagster - WARNING - __ASSET_JOB - 8bb0baba-1406-40ef-a9dc-2276af184fc2 - dbt_models - Logging an `AssetObservation` instead of an `AssetCheckResult` for dbt test `source_not_null_silver_client_Code`.

This test was included in Dagster's asset check selection, and was likely executed due to dbt indirect selection.
2026-05-12 20:00:27 +0000 - dagster - DEBUG - __ASSET_JOB - 8bb0baba-1406-40ef-a9dc-2276af184fc2 - 106074 - dbt_models - ASSET_OBSERVATION - DagsterEventType.ASSET_OBSERVATION for step dbt_models
2026-05-12 20:00:27 +0000 - dagster - WARNING - __ASSET_JOB - 8bb0baba-1406-40ef-a9dc-2276af184fc2 - dbt_models - Logging an `AssetObservation` instead of an `AssetCheckResult` for dbt test `source_not_null_silver_client_IsActive`.

This test was included in Dagster's asset check selection, and was likely executed due to dbt indirect selection.
2026-05-12 20:00:27 +0000 - dagster - DEBUG - __ASSET_JOB - 8bb0baba-1406-40ef-a9dc-2276af184fc2 - 106074 - dbt_models - ASSET_OBSERVATION - DagsterEventType.ASSET_OBSERVATION for step dbt_models
2026-05-12 20:00:27 +0000 - dagster - WARNING - __ASSET_JOB - 8bb0baba-1406-40ef-a9dc-2276af184fc2 - dbt_models - Logging an `AssetObservation` instead of an `AssetCheckResult` for dbt test `source_not_null_silver_client_IsBTOB`.

This test was included in Dagster's asset check selection, and was likely executed due to dbt indirect selection.
2026-05-12 20:00:27 +0000 - dagster - DEBUG - __ASSET_JOB - 8bb0baba-1406-40ef-a9dc-2276af184fc2 - 106074 - dbt_models - ASSET_OBSERVATION - DagsterEventType.ASSET_OBSERVATION for step dbt_models
2026-05-12 20:00:27 +0000 - dagster - WARNING - __ASSET_JOB - 8bb0baba-1406-40ef-a9dc-2276af184fc2 - dbt_models - Logging an `AssetObservation` instead of an `AssetCheckResult` for dbt test `source_not_null_silver_client_Name`.

This test was included in Dagster's asset check selection, and was likely executed due to dbt indirect selection.
2026-05-12 20:00:27 +0000 - dagster - DEBUG - __ASSET_JOB - 8bb0baba-1406-40ef-a9dc-2276af184fc2 - 106074 - dbt_models - ASSET_OBSERVATION - DagsterEventType.ASSET_OBSERVATION for step dbt_models
2026-05-12 20:00:27 +0000 - dagster - WARNING - __ASSET_JOB - 8bb0baba-1406-40ef-a9dc-2276af184fc2 - dbt_models - Logging an `AssetObservation` instead of an `AssetCheckResult` for dbt test `source_not_null_silver_document_DocumentDate`.

This test was included in Dagster's asset check selection, and was likely executed due to dbt indirect selection.
2026-05-12 20:00:27 +0000 - dagster - DEBUG - __ASSET_JOB - 8bb0baba-1406-40ef-a9dc-2276af184fc2 - 106074 - dbt_models - ASSET_OBSERVATION - DagsterEventType.ASSET_OBSERVATION for step dbt_models
2026-05-12 20:00:27 +0000 - dagster - WARNING - __ASSET_JOB - 8bb0baba-1406-40ef-a9dc-2276af184fc2 - dbt_models - Logging an `AssetObservation` instead of an `AssetCheckResult` for dbt test `source_not_null_silver_document_Code`.

This test was included in Dagster's asset check selection, and was likely executed due to dbt indirect selection.
2026-05-12 20:00:27 +0000 - dagster - DEBUG - __ASSET_JOB - 8bb0baba-1406-40ef-a9dc-2276af184fc2 - 106074 - dbt_models - ASSET_OBSERVATION - DagsterEventType.ASSET_OBSERVATION for step dbt_models
2026-05-12 20:00:27 +0000 - dagster - WARNING - __ASSET_JOB - 8bb0baba-1406-40ef-a9dc-2276af184fc2 - dbt_models - Logging an `AssetObservation` instead of an `AssetCheckResult` for dbt test `source_not_null_silver_document_DocumentTypeCode`.

This test was included in Dagster's asset check selection, and was likely executed due to dbt indirect selection.
2026-05-12 20:00:27 +0000 - dagster - DEBUG - __ASSET_JOB - 8bb0baba-1406-40ef-a9dc-2276af184fc2 - 106074 - dbt_models - ASSET_OBSERVATION - DagsterEventType.ASSET_OBSERVATION for step dbt_models
2026-05-12 20:00:27 +0000 - dagster - WARNING - __ASSET_JOB - 8bb0baba-1406-40ef-a9dc-2276af184fc2 - dbt_models - Logging an `AssetObservation` instead of an `AssetCheckResult` for dbt test `source_not_null_silver_document_Id`.

This test was included in Dagster's asset check selection, and was likely executed due to dbt indirect selection.
2026-05-12 20:00:28 +0000 - dagster - DEBUG - __ASSET_JOB - 8bb0baba-1406-40ef-a9dc-2276af184fc2 - 106074 - dbt_models - ASSET_OBSERVATION - DagsterEventType.ASSET_OBSERVATION for step dbt_models
2026-05-12 20:00:28 +0000 - dagster - WARNING - __ASSET_JOB - 8bb0baba-1406-40ef-a9dc-2276af184fc2 - dbt_models - Logging an `AssetObservation` instead of an `AssetCheckResult` for dbt test `source_not_null_silver_document_IdDocumentStatus`.

This test was included in Dagster's asset check selection, and was likely executed due to dbt indirect selection.
2026-05-12 20:00:28 +0000 - dagster - DEBUG - __ASSET_JOB - 8bb0baba-1406-40ef-a9dc-2276af184fc2 - 106074 - dbt_models - ASSET_OBSERVATION - DagsterEventType.ASSET_OBSERVATION for step dbt_models
2026-05-12 20:00:28 +0000 - dagster - WARNING - __ASSET_JOB - 8bb0baba-1406-40ef-a9dc-2276af184fc2 - dbt_models - Logging an `AssetObservation` instead of an `AssetCheckResult` for dbt test `source_not_null_silver_documentline_HtTotalLine`.

This test was included in Dagster's asset check selection, and was likely executed due to dbt indirect selection.
2026-05-12 20:00:28 +0000 - dagster - DEBUG - __ASSET_JOB - 8bb0baba-1406-40ef-a9dc-2276af184fc2 - 106074 - dbt_models - ASSET_OBSERVATION - DagsterEventType.ASSET_OBSERVATION for step dbt_models
2026-05-12 20:00:28 +0000 - dagster - WARNING - __ASSET_JOB - 8bb0baba-1406-40ef-a9dc-2276af184fc2 - dbt_models - Logging an `AssetObservation` instead of an `AssetCheckResult` for dbt test `source_not_null_silver_document_IdTiers`.

This test was included in Dagster's asset check selection, and was likely executed due to dbt indirect selection.
2026-05-12 20:00:28 +0000 - dagster - DEBUG - __ASSET_JOB - 8bb0baba-1406-40ef-a9dc-2276af184fc2 - 106074 - dbt_models - ASSET_OBSERVATION - DagsterEventType.ASSET_OBSERVATION for step dbt_models
2026-05-12 20:00:28 +0000 - dagster - WARNING - __ASSET_JOB - 8bb0baba-1406-40ef-a9dc-2276af184fc2 - dbt_models - Logging an `AssetObservation` instead of an `AssetCheckResult` for dbt test `source_not_null_silver_documentline_Id`.

This test was included in Dagster's asset check selection, and was likely executed due to dbt indirect selection.
2026-05-12 20:00:28 +0000 - dagster - DEBUG - __ASSET_JOB - 8bb0baba-1406-40ef-a9dc-2276af184fc2 - 106074 - dbt_models - ASSET_OBSERVATION - DagsterEventType.ASSET_OBSERVATION for step dbt_models
2026-05-12 20:00:28 +0000 - dagster - WARNING - __ASSET_JOB - 8bb0baba-1406-40ef-a9dc-2276af184fc2 - dbt_models - Logging an `AssetObservation` instead of an `AssetCheckResult` for dbt test `source_not_null_silver_documentline_IdDocument`.

This test was included in Dagster's asset check selection, and was likely executed due to dbt indirect selection.
2026-05-12 20:00:28 +0000 - dagster - DEBUG - __ASSET_JOB - 8bb0baba-1406-40ef-a9dc-2276af184fc2 - 106074 - dbt_models - ASSET_OBSERVATION - DagsterEventType.ASSET_OBSERVATION for step dbt_models
2026-05-12 20:00:28 +0000 - dagster - WARNING - __ASSET_JOB - 8bb0baba-1406-40ef-a9dc-2276af184fc2 - dbt_models - Logging an `AssetObservation` instead of an `AssetCheckResult` for dbt test `source_not_null_silver_documentline_IdItem`.

This test was included in Dagster's asset check selection, and was likely executed due to dbt indirect selection.
2026-05-12 20:00:28 +0000 - dagster - DEBUG - __ASSET_JOB - 8bb0baba-1406-40ef-a9dc-2276af184fc2 - 106074 - dbt_models - ASSET_OBSERVATION - DagsterEventType.ASSET_OBSERVATION for step dbt_models
2026-05-12 20:00:28 +0000 - dagster - WARNING - __ASSET_JOB - 8bb0baba-1406-40ef-a9dc-2276af184fc2 - dbt_models - Logging an `AssetObservation` instead of an `AssetCheckResult` for dbt test `source_not_null_silver_documentline_MovementQty`.

This test was included in Dagster's asset check selection, and was likely executed due to dbt indirect selection.
2026-05-12 20:00:28 +0000 - dagster - DEBUG - __ASSET_JOB - 8bb0baba-1406-40ef-a9dc-2276af184fc2 - 106074 - dbt_models - ASSET_OBSERVATION - DagsterEventType.ASSET_OBSERVATION for step dbt_models
2026-05-12 20:00:28 +0000 - dagster - WARNING - __ASSET_JOB - 8bb0baba-1406-40ef-a9dc-2276af184fc2 - dbt_models - Logging an `AssetObservation` instead of an `AssetCheckResult` for dbt test `source_not_null_silver_documentstatus_Id`.

This test was included in Dagster's asset check selection, and was likely executed due to dbt indirect selection.
2026-05-12 20:00:28 +0000 - dagster - DEBUG - __ASSET_JOB - 8bb0baba-1406-40ef-a9dc-2276af184fc2 - 106074 - dbt_models - ASSET_OBSERVATION - DagsterEventType.ASSET_OBSERVATION for step dbt_models
2026-05-12 20:00:28 +0000 - dagster - WARNING - __ASSET_JOB - 8bb0baba-1406-40ef-a9dc-2276af184fc2 - dbt_models - Logging an `AssetObservation` instead of an `AssetCheckResult` for dbt test `source_not_null_silver_documentstatus_Label`.

This test was included in Dagster's asset check selection, and was likely executed due to dbt indirect selection.
2026-05-12 20:00:28 +0000 - dagster - DEBUG - __ASSET_JOB - 8bb0baba-1406-40ef-a9dc-2276af184fc2 - 106074 - dbt_models - ASSET_OBSERVATION - DagsterEventType.ASSET_OBSERVATION for step dbt_models
2026-05-12 20:00:28 +0000 - dagster - WARNING - __ASSET_JOB - 8bb0baba-1406-40ef-a9dc-2276af184fc2 - dbt_models - Logging an `AssetObservation` instead of an `AssetCheckResult` for dbt test `source_not_null_silver_documenttype_Code`.

This test was included in Dagster's asset check selection, and was likely executed due to dbt indirect selection.
2026-05-12 20:00:28 +0000 - dagster - DEBUG - __ASSET_JOB - 8bb0baba-1406-40ef-a9dc-2276af184fc2 - 106074 - dbt_models - ASSET_OBSERVATION - DagsterEventType.ASSET_OBSERVATION for step dbt_models
2026-05-12 20:00:28 +0000 - dagster - WARNING - __ASSET_JOB - 8bb0baba-1406-40ef-a9dc-2276af184fc2 - dbt_models - Logging an `AssetObservation` instead of an `AssetCheckResult` for dbt test `source_not_null_silver_documenttype_Label`.

This test was included in Dagster's asset check selection, and was likely executed due to dbt indirect selection.
2026-05-12 20:00:28 +0000 - dagster - DEBUG - __ASSET_JOB - 8bb0baba-1406-40ef-a9dc-2276af184fc2 - 106074 - dbt_models - ASSET_OBSERVATION - DagsterEventType.ASSET_OBSERVATION for step dbt_models
2026-05-12 20:00:28 +0000 - dagster - WARNING - __ASSET_JOB - 8bb0baba-1406-40ef-a9dc-2276af184fc2 - dbt_models - Logging an `AssetObservation` instead of an `AssetCheckResult` for dbt test `source_not_null_silver_family_Code`.

This test was included in Dagster's asset check selection, and was likely executed due to dbt indirect selection.
2026-05-12 20:00:28 +0000 - dagster - DEBUG - __ASSET_JOB - 8bb0baba-1406-40ef-a9dc-2276af184fc2 - 106074 - dbt_models - ASSET_OBSERVATION - DagsterEventType.ASSET_OBSERVATION for step dbt_models
2026-05-12 20:00:28 +0000 - dagster - WARNING - __ASSET_JOB - 8bb0baba-1406-40ef-a9dc-2276af184fc2 - dbt_models - Logging an `AssetObservation` instead of an `AssetCheckResult` for dbt test `source_not_null_silver_family_Id`.

This test was included in Dagster's asset check selection, and was likely executed due to dbt indirect selection.
2026-05-12 20:00:28 +0000 - dagster - DEBUG - __ASSET_JOB - 8bb0baba-1406-40ef-a9dc-2276af184fc2 - 106074 - dbt_models - ASSET_OBSERVATION - DagsterEventType.ASSET_OBSERVATION for step dbt_models
2026-05-12 20:00:28 +0000 - dagster - WARNING - __ASSET_JOB - 8bb0baba-1406-40ef-a9dc-2276af184fc2 - dbt_models - Logging an `AssetObservation` instead of an `AssetCheckResult` for dbt test `source_not_null_silver_family_Label`.

This test was included in Dagster's asset check selection, and was likely executed due to dbt indirect selection.
2026-05-12 20:00:28 +0000 - dagster - DEBUG - __ASSET_JOB - 8bb0baba-1406-40ef-a9dc-2276af184fc2 - 106074 - dbt_models - ASSET_OBSERVATION - DagsterEventType.ASSET_OBSERVATION for step dbt_models
2026-05-12 20:00:28 +0000 - dagster - WARNING - __ASSET_JOB - 8bb0baba-1406-40ef-a9dc-2276af184fc2 - dbt_models - Logging an `AssetObservation` instead of an `AssetCheckResult` for dbt test `source_not_null_silver_geographicalarea_Label`.

This test was included in Dagster's asset check selection, and was likely executed due to dbt indirect selection.
2026-05-12 20:00:28 +0000 - dagster - DEBUG - __ASSET_JOB - 8bb0baba-1406-40ef-a9dc-2276af184fc2 - 106074 - dbt_models - ASSET_OBSERVATION - DagsterEventType.ASSET_OBSERVATION for step dbt_models
2026-05-12 20:00:28 +0000 - dagster - WARNING - __ASSET_JOB - 8bb0baba-1406-40ef-a9dc-2276af184fc2 - dbt_models - Logging an `AssetObservation` instead of an `AssetCheckResult` for dbt test `source_not_null_silver_geographicalarea_Id`.

This test was included in Dagster's asset check selection, and was likely executed due to dbt indirect selection.
2026-05-12 20:00:28 +0000 - dagster - DEBUG - __ASSET_JOB - 8bb0baba-1406-40ef-a9dc-2276af184fc2 - 106074 - dbt_models - ASSET_OBSERVATION - DagsterEventType.ASSET_OBSERVATION for step dbt_models
2026-05-12 20:00:29 +0000 - dagster - WARNING - __ASSET_JOB - 8bb0baba-1406-40ef-a9dc-2276af184fc2 - dbt_models - Logging an `AssetObservation` instead of an `AssetCheckResult` for dbt test `source_not_null_silver_item_Code`.

This test was included in Dagster's asset check selection, and was likely executed due to dbt indirect selection.
2026-05-12 20:00:29 +0000 - dagster - DEBUG - __ASSET_JOB - 8bb0baba-1406-40ef-a9dc-2276af184fc2 - 106074 - dbt_models - ASSET_OBSERVATION - DagsterEventType.ASSET_OBSERVATION for step dbt_models
2026-05-12 20:00:29 +0000 - dagster - WARNING - __ASSET_JOB - 8bb0baba-1406-40ef-a9dc-2276af184fc2 - dbt_models - Logging an `AssetObservation` instead of an `AssetCheckResult` for dbt test `source_not_null_silver_item_Id`.

This test was included in Dagster's asset check selection, and was likely executed due to dbt indirect selection.
2026-05-12 20:00:29 +0000 - dagster - DEBUG - __ASSET_JOB - 8bb0baba-1406-40ef-a9dc-2276af184fc2 - 106074 - dbt_models - ASSET_OBSERVATION - DagsterEventType.ASSET_OBSERVATION for step dbt_models
2026-05-12 20:00:29 +0000 - dagster - WARNING - __ASSET_JOB - 8bb0baba-1406-40ef-a9dc-2276af184fc2 - dbt_models - Logging an `AssetObservation` instead of an `AssetCheckResult` for dbt test `source_not_null_silver_item_Label`.

This test was included in Dagster's asset check selection, and was likely executed due to dbt indirect selection.
2026-05-12 20:00:29 +0000 - dagster - DEBUG - __ASSET_JOB - 8bb0baba-1406-40ef-a9dc-2276af184fc2 - 106074 - dbt_models - ASSET_OBSERVATION - DagsterEventType.ASSET_OBSERVATION for step dbt_models
2026-05-12 20:00:29 +0000 - dagster - WARNING - __ASSET_JOB - 8bb0baba-1406-40ef-a9dc-2276af184fc2 - dbt_models - Logging an `AssetObservation` instead of an `AssetCheckResult` for dbt test `source_not_null_silver_productitem_Id`.

This test was included in Dagster's asset check selection, and was likely executed due to dbt indirect selection.
2026-05-12 20:00:29 +0000 - dagster - DEBUG - __ASSET_JOB - 8bb0baba-1406-40ef-a9dc-2276af184fc2 - 106074 - dbt_models - ASSET_OBSERVATION - DagsterEventType.ASSET_OBSERVATION for step dbt_models
2026-05-12 20:00:29 +0000 - dagster - WARNING - __ASSET_JOB - 8bb0baba-1406-40ef-a9dc-2276af184fc2 - dbt_models - Logging an `AssetObservation` instead of an `AssetCheckResult` for dbt test `source_not_null_silver_productitem_LabelProduct`.

This test was included in Dagster's asset check selection, and was likely executed due to dbt indirect selection.
2026-05-12 20:00:29 +0000 - dagster - DEBUG - __ASSET_JOB - 8bb0baba-1406-40ef-a9dc-2276af184fc2 - 106074 - dbt_models - ASSET_OBSERVATION - DagsterEventType.ASSET_OBSERVATION for step dbt_models
2026-05-12 20:00:29 +0000 - dagster - WARNING - __ASSET_JOB - 8bb0baba-1406-40ef-a9dc-2276af184fc2 - dbt_models - Logging an `AssetObservation` instead of an `AssetCheckResult` for dbt test `source_not_null_silver_warehouse_Id`.

This test was included in Dagster's asset check selection, and was likely executed due to dbt indirect selection.
2026-05-12 20:00:29 +0000 - dagster - DEBUG - __ASSET_JOB - 8bb0baba-1406-40ef-a9dc-2276af184fc2 - 106074 - dbt_models - ASSET_OBSERVATION - DagsterEventType.ASSET_OBSERVATION for step dbt_models
2026-05-12 20:00:29 +0000 - dagster - WARNING - __ASSET_JOB - 8bb0baba-1406-40ef-a9dc-2276af184fc2 - dbt_models - Logging an `AssetObservation` instead of an `AssetCheckResult` for dbt test `source_not_null_silver_warehouse_WarehouseCode`.

This test was included in Dagster's asset check selection, and was likely executed due to dbt indirect selection.
2026-05-12 20:00:29 +0000 - dagster - DEBUG - __ASSET_JOB - 8bb0baba-1406-40ef-a9dc-2276af184fc2 - 106074 - dbt_models - ASSET_OBSERVATION - DagsterEventType.ASSET_OBSERVATION for step dbt_models
2026-05-12 20:00:29 +0000 - dagster - WARNING - __ASSET_JOB - 8bb0baba-1406-40ef-a9dc-2276af184fc2 - dbt_models - Logging an `AssetObservation` instead of an `AssetCheckResult` for dbt test `source_not_null_silver_warehouse_WarehouseName`.

This test was included in Dagster's asset check selection, and was likely executed due to dbt indirect selection.
2026-05-12 20:00:29 +0000 - dagster - DEBUG - __ASSET_JOB - 8bb0baba-1406-40ef-a9dc-2276af184fc2 - 106074 - dbt_models - ASSET_OBSERVATION - DagsterEventType.ASSET_OBSERVATION for step dbt_models
2026-05-12 20:00:29 +0000 - dagster - WARNING - __ASSET_JOB - 8bb0baba-1406-40ef-a9dc-2276af184fc2 - dbt_models - Logging an `AssetObservation` instead of an `AssetCheckResult` for dbt test `source_relationships_silver_client_IdGeographicalArea__Id__source_silver_geographicalarea_`.

`source_relationships_silver_client_IdGeographicalArea__Id__source_silver_geographicalarea_` is a singular test with multiple dependencies. Configure an asset key in the test's dbt meta to load it as an asset check.

This test was included in Dagster's asset check selection, and was likely executed due to dbt indirect selection.
2026-05-12 20:00:29 +0000 - dagster - DEBUG - __ASSET_JOB - 8bb0baba-1406-40ef-a9dc-2276af184fc2 - 106074 - dbt_models - ASSET_OBSERVATION - DagsterEventType.ASSET_OBSERVATION for step dbt_models
2026-05-12 20:00:29 +0000 - dagster - DEBUG - __ASSET_JOB - 8bb0baba-1406-40ef-a9dc-2276af184fc2 - 106074 - dbt_models - ASSET_OBSERVATION - DagsterEventType.ASSET_OBSERVATION for step dbt_models
2026-05-12 20:00:29 +0000 - dagster - WARNING - __ASSET_JOB - 8bb0baba-1406-40ef-a9dc-2276af184fc2 - dbt_models - Logging an `AssetObservation` instead of an `AssetCheckResult` for dbt test `source_relationships_silver_document_DocumentTypeCode__Code__source_silver_documenttype_`.

`source_relationships_silver_document_DocumentTypeCode__Code__source_silver_documenttype_` is a singular test with multiple dependencies. Configure an asset key in the test's dbt meta to load it as an asset check.

This test was included in Dagster's asset check selection, and was likely executed due to dbt indirect selection.
2026-05-12 20:00:29 +0000 - dagster - DEBUG - __ASSET_JOB - 8bb0baba-1406-40ef-a9dc-2276af184fc2 - 106074 - dbt_models - ASSET_OBSERVATION - DagsterEventType.ASSET_OBSERVATION for step dbt_models
2026-05-12 20:00:29 +0000 - dagster - DEBUG - __ASSET_JOB - 8bb0baba-1406-40ef-a9dc-2276af184fc2 - 106074 - dbt_models - ASSET_OBSERVATION - DagsterEventType.ASSET_OBSERVATION for step dbt_models
2026-05-12 20:00:29 +0000 - dagster - WARNING - __ASSET_JOB - 8bb0baba-1406-40ef-a9dc-2276af184fc2 - dbt_models - Logging an `AssetObservation` instead of an `AssetCheckResult` for dbt test `source_relationships_silver_document_IdDocumentStatus__Id__source_silver_documentstatus_`.

`source_relationships_silver_document_IdDocumentStatus__Id__source_silver_documentstatus_` is a singular test with multiple dependencies. Configure an asset key in the test's dbt meta to load it as an asset check.

This test was included in Dagster's asset check selection, and was likely executed due to dbt indirect selection.
2026-05-12 20:00:29 +0000 - dagster - DEBUG - __ASSET_JOB - 8bb0baba-1406-40ef-a9dc-2276af184fc2 - 106074 - dbt_models - ASSET_OBSERVATION - DagsterEventType.ASSET_OBSERVATION for step dbt_models
2026-05-12 20:00:29 +0000 - dagster - DEBUG - __ASSET_JOB - 8bb0baba-1406-40ef-a9dc-2276af184fc2 - 106074 - dbt_models - ASSET_OBSERVATION - DagsterEventType.ASSET_OBSERVATION for step dbt_models
2026-05-12 20:00:29 +0000 - dagster - WARNING - __ASSET_JOB - 8bb0baba-1406-40ef-a9dc-2276af184fc2 - dbt_models - Logging an `AssetObservation` instead of an `AssetCheckResult` for dbt test `source_relationships_silver_document_IdTiers__Id__source_silver_client_`.

`source_relationships_silver_document_IdTiers__Id__source_silver_client_` is a singular test with multiple dependencies. Configure an asset key in the test's dbt meta to load it as an asset check.

This test was included in Dagster's asset check selection, and was likely executed due to dbt indirect selection.
2026-05-12 20:00:29 +0000 - dagster - DEBUG - __ASSET_JOB - 8bb0baba-1406-40ef-a9dc-2276af184fc2 - 106074 - dbt_models - ASSET_OBSERVATION - DagsterEventType.ASSET_OBSERVATION for step dbt_models
2026-05-12 20:00:29 +0000 - dagster - DEBUG - __ASSET_JOB - 8bb0baba-1406-40ef-a9dc-2276af184fc2 - 106074 - dbt_models - ASSET_OBSERVATION - DagsterEventType.ASSET_OBSERVATION for step dbt_models
2026-05-12 20:00:29 +0000 - dagster - WARNING - __ASSET_JOB - 8bb0baba-1406-40ef-a9dc-2276af184fc2 - dbt_models - Logging an `AssetObservation` instead of an `AssetCheckResult` for dbt test `source_relationships_silver_item_IdFamily__Id__source_silver_family_`.

`source_relationships_silver_item_IdFamily__Id__source_silver_family_` is a singular test with multiple dependencies. Configure an asset key in the test's dbt meta to load it as an asset check.

This test was included in Dagster's asset check selection, and was likely executed due to dbt indirect selection.
2026-05-12 20:00:29 +0000 - dagster - DEBUG - __ASSET_JOB - 8bb0baba-1406-40ef-a9dc-2276af184fc2 - 106074 - dbt_models - ASSET_OBSERVATION - DagsterEventType.ASSET_OBSERVATION for step dbt_models
2026-05-12 20:00:29 +0000 - dagster - DEBUG - __ASSET_JOB - 8bb0baba-1406-40ef-a9dc-2276af184fc2 - 106074 - dbt_models - ASSET_OBSERVATION - DagsterEventType.ASSET_OBSERVATION for step dbt_models
2026-05-12 20:00:29 +0000 - dagster - WARNING - __ASSET_JOB - 8bb0baba-1406-40ef-a9dc-2276af184fc2 - dbt_models - Logging an `AssetObservation` instead of an `AssetCheckResult` for dbt test `source_relationships_silver_item_IdProductItem__Id__source_silver_productitem_`.

`source_relationships_silver_item_IdProductItem__Id__source_silver_productitem_` is a singular test with multiple dependencies. Configure an asset key in the test's dbt meta to load it as an asset check.

This test was included in Dagster's asset check selection, and was likely executed due to dbt indirect selection.
2026-05-12 20:00:29 +0000 - dagster - DEBUG - __ASSET_JOB - 8bb0baba-1406-40ef-a9dc-2276af184fc2 - 106074 - dbt_models - ASSET_OBSERVATION - DagsterEventType.ASSET_OBSERVATION for step dbt_models
2026-05-12 20:00:30 +0000 - dagster - DEBUG - __ASSET_JOB - 8bb0baba-1406-40ef-a9dc-2276af184fc2 - 106074 - dbt_models - ASSET_OBSERVATION - DagsterEventType.ASSET_OBSERVATION for step dbt_models
2026-05-12 20:00:30 +0000 - dagster - WARNING - __ASSET_JOB - 8bb0baba-1406-40ef-a9dc-2276af184fc2 - dbt_models - Logging an `AssetObservation` instead of an `AssetCheckResult` for dbt test `source_unique_silver_client_Id`.

This test was included in Dagster's asset check selection, and was likely executed due to dbt indirect selection.
2026-05-12 20:00:30 +0000 - dagster - DEBUG - __ASSET_JOB - 8bb0baba-1406-40ef-a9dc-2276af184fc2 - 106074 - dbt_models - ASSET_OBSERVATION - DagsterEventType.ASSET_OBSERVATION for step dbt_models
2026-05-12 20:00:30 +0000 - dagster - WARNING - __ASSET_JOB - 8bb0baba-1406-40ef-a9dc-2276af184fc2 - dbt_models - Logging an `AssetObservation` instead of an `AssetCheckResult` for dbt test `source_relationships_silver_documentline_IdItem__Id__source_silver_item_`.

`source_relationships_silver_documentline_IdItem__Id__source_silver_item_` is a singular test with multiple dependencies. Configure an asset key in the test's dbt meta to load it as an asset check.

This test was included in Dagster's asset check selection, and was likely executed due to dbt indirect selection.
2026-05-12 20:00:30 +0000 - dagster - DEBUG - __ASSET_JOB - 8bb0baba-1406-40ef-a9dc-2276af184fc2 - 106074 - dbt_models - ASSET_OBSERVATION - DagsterEventType.ASSET_OBSERVATION for step dbt_models
2026-05-12 20:00:30 +0000 - dagster - DEBUG - __ASSET_JOB - 8bb0baba-1406-40ef-a9dc-2276af184fc2 - 106074 - dbt_models - ASSET_OBSERVATION - DagsterEventType.ASSET_OBSERVATION for step dbt_models
2026-05-12 20:00:30 +0000 - dagster - WARNING - __ASSET_JOB - 8bb0baba-1406-40ef-a9dc-2276af184fc2 - dbt_models - Logging an `AssetObservation` instead of an `AssetCheckResult` for dbt test `source_relationships_silver_documentline_IdDocument__Id__source_silver_document_`.

`source_relationships_silver_documentline_IdDocument__Id__source_silver_document_` is a singular test with multiple dependencies. Configure an asset key in the test's dbt meta to load it as an asset check.

This test was included in Dagster's asset check selection, and was likely executed due to dbt indirect selection.
2026-05-12 20:00:30 +0000 - dagster - DEBUG - __ASSET_JOB - 8bb0baba-1406-40ef-a9dc-2276af184fc2 - 106074 - dbt_models - ASSET_OBSERVATION - DagsterEventType.ASSET_OBSERVATION for step dbt_models
2026-05-12 20:00:30 +0000 - dagster - DEBUG - __ASSET_JOB - 8bb0baba-1406-40ef-a9dc-2276af184fc2 - 106074 - dbt_models - ASSET_OBSERVATION - DagsterEventType.ASSET_OBSERVATION for step dbt_models
2026-05-12 20:00:30 +0000 - dagster - WARNING - __ASSET_JOB - 8bb0baba-1406-40ef-a9dc-2276af184fc2 - dbt_models - Logging an `AssetObservation` instead of an `AssetCheckResult` for dbt test `source_unique_silver_document_Id`.

This test was included in Dagster's asset check selection, and was likely executed due to dbt indirect selection.
2026-05-12 20:00:30 +0000 - dagster - DEBUG - __ASSET_JOB - 8bb0baba-1406-40ef-a9dc-2276af184fc2 - 106074 - dbt_models - ASSET_OBSERVATION - DagsterEventType.ASSET_OBSERVATION for step dbt_models
2026-05-12 20:00:30 +0000 - dagster - WARNING - __ASSET_JOB - 8bb0baba-1406-40ef-a9dc-2276af184fc2 - dbt_models - Logging an `AssetObservation` instead of an `AssetCheckResult` for dbt test `source_unique_silver_documentstatus_Id`.

This test was included in Dagster's asset check selection, and was likely executed due to dbt indirect selection.
2026-05-12 20:00:30 +0000 - dagster - DEBUG - __ASSET_JOB - 8bb0baba-1406-40ef-a9dc-2276af184fc2 - 106074 - dbt_models - ASSET_OBSERVATION - DagsterEventType.ASSET_OBSERVATION for step dbt_models
2026-05-12 20:00:30 +0000 - dagster - WARNING - __ASSET_JOB - 8bb0baba-1406-40ef-a9dc-2276af184fc2 - dbt_models - Logging an `AssetObservation` instead of an `AssetCheckResult` for dbt test `source_unique_silver_documenttype_Code`.

This test was included in Dagster's asset check selection, and was likely executed due to dbt indirect selection.
2026-05-12 20:00:30 +0000 - dagster - DEBUG - __ASSET_JOB - 8bb0baba-1406-40ef-a9dc-2276af184fc2 - 106074 - dbt_models - ASSET_OBSERVATION - DagsterEventType.ASSET_OBSERVATION for step dbt_models
2026-05-12 20:00:30 +0000 - dagster - WARNING - __ASSET_JOB - 8bb0baba-1406-40ef-a9dc-2276af184fc2 - dbt_models - Logging an `AssetObservation` instead of an `AssetCheckResult` for dbt test `source_unique_silver_family_Code`.

This test was included in Dagster's asset check selection, and was likely executed due to dbt indirect selection.
2026-05-12 20:00:30 +0000 - dagster - DEBUG - __ASSET_JOB - 8bb0baba-1406-40ef-a9dc-2276af184fc2 - 106074 - dbt_models - ASSET_OBSERVATION - DagsterEventType.ASSET_OBSERVATION for step dbt_models
2026-05-12 20:00:30 +0000 - dagster - WARNING - __ASSET_JOB - 8bb0baba-1406-40ef-a9dc-2276af184fc2 - dbt_models - Logging an `AssetObservation` instead of an `AssetCheckResult` for dbt test `source_unique_silver_family_Id`.

This test was included in Dagster's asset check selection, and was likely executed due to dbt indirect selection.
2026-05-12 20:00:30 +0000 - dagster - DEBUG - __ASSET_JOB - 8bb0baba-1406-40ef-a9dc-2276af184fc2 - 106074 - dbt_models - ASSET_OBSERVATION - DagsterEventType.ASSET_OBSERVATION for step dbt_models
2026-05-12 20:00:30 +0000 - dagster - WARNING - __ASSET_JOB - 8bb0baba-1406-40ef-a9dc-2276af184fc2 - dbt_models - Logging an `AssetObservation` instead of an `AssetCheckResult` for dbt test `source_unique_silver_documentline_Id`.

This test was included in Dagster's asset check selection, and was likely executed due to dbt indirect selection.
2026-05-12 20:00:30 +0000 - dagster - DEBUG - __ASSET_JOB - 8bb0baba-1406-40ef-a9dc-2276af184fc2 - 106074 - dbt_models - ASSET_OBSERVATION - DagsterEventType.ASSET_OBSERVATION for step dbt_models
2026-05-12 20:00:30 +0000 - dagster - WARNING - __ASSET_JOB - 8bb0baba-1406-40ef-a9dc-2276af184fc2 - dbt_models - Logging an `AssetObservation` instead of an `AssetCheckResult` for dbt test `source_unique_silver_geographicalarea_Id`.

This test was included in Dagster's asset check selection, and was likely executed due to dbt indirect selection.
2026-05-12 20:00:30 +0000 - dagster - DEBUG - __ASSET_JOB - 8bb0baba-1406-40ef-a9dc-2276af184fc2 - 106074 - dbt_models - ASSET_OBSERVATION - DagsterEventType.ASSET_OBSERVATION for step dbt_models
2026-05-12 20:00:30 +0000 - dagster - WARNING - __ASSET_JOB - 8bb0baba-1406-40ef-a9dc-2276af184fc2 - dbt_models - Logging an `AssetObservation` instead of an `AssetCheckResult` for dbt test `source_unique_silver_productitem_Id`.

This test was included in Dagster's asset check selection, and was likely executed due to dbt indirect selection.
2026-05-12 20:00:30 +0000 - dagster - DEBUG - __ASSET_JOB - 8bb0baba-1406-40ef-a9dc-2276af184fc2 - 106074 - dbt_models - ASSET_OBSERVATION - DagsterEventType.ASSET_OBSERVATION for step dbt_models
2026-05-12 20:00:30 +0000 - dagster - WARNING - __ASSET_JOB - 8bb0baba-1406-40ef-a9dc-2276af184fc2 - dbt_models - Logging an `AssetObservation` instead of an `AssetCheckResult` for dbt test `source_unique_silver_item_Id`.

This test was included in Dagster's asset check selection, and was likely executed due to dbt indirect selection.
2026-05-12 20:00:30 +0000 - dagster - DEBUG - __ASSET_JOB - 8bb0baba-1406-40ef-a9dc-2276af184fc2 - 106074 - dbt_models - ASSET_OBSERVATION - DagsterEventType.ASSET_OBSERVATION for step dbt_models
2026-05-12 20:00:30 +0000 - dagster - WARNING - __ASSET_JOB - 8bb0baba-1406-40ef-a9dc-2276af184fc2 - dbt_models - Logging an `AssetObservation` instead of an `AssetCheckResult` for dbt test `source_unique_silver_warehouse_WarehouseCode`.

This test was included in Dagster's asset check selection, and was likely executed due to dbt indirect selection.
2026-05-12 20:00:30 +0000 - dagster - DEBUG - __ASSET_JOB - 8bb0baba-1406-40ef-a9dc-2276af184fc2 - 106074 - dbt_models - ASSET_OBSERVATION - DagsterEventType.ASSET_OBSERVATION for step dbt_models
2026-05-12 20:00:30 +0000 - dagster - WARNING - __ASSET_JOB - 8bb0baba-1406-40ef-a9dc-2276af184fc2 - dbt_models - Logging an `AssetObservation` instead of an `AssetCheckResult` for dbt test `source_unique_silver_warehouse_Id`.

This test was included in Dagster's asset check selection, and was likely executed due to dbt indirect selection.
2026-05-12 20:00:30 +0000 - dagster - DEBUG - __ASSET_JOB - 8bb0baba-1406-40ef-a9dc-2276af184fc2 - 106074 - dbt_models - ASSET_OBSERVATION - DagsterEventType.ASSET_OBSERVATION for step dbt_models
2026-05-12 20:00:31 +0000 - dagster - DEBUG - __ASSET_JOB - 8bb0baba-1406-40ef-a9dc-2276af184fc2 - 106074 - dbt_models - STEP_OUTPUT - Yielded output "model_sagap_stg_document" of type "Nothing". (Type check passed).
2026-05-12 20:00:31 +0000 - dagster - DEBUG - __ASSET_JOB - 8bb0baba-1406-40ef-a9dc-2276af184fc2 - 106074 - dbt_models - ASSET_MATERIALIZATION - Materialized value stg_document.
2026-05-12 20:00:31 +0000 - dagster - DEBUG - __ASSET_JOB - 8bb0baba-1406-40ef-a9dc-2276af184fc2 - 106074 - dbt_models - STEP_OUTPUT - Yielded output "model_sagap_stg_client" of type "Nothing". (Type check passed).
2026-05-12 20:00:31 +0000 - dagster - DEBUG - __ASSET_JOB - 8bb0baba-1406-40ef-a9dc-2276af184fc2 - 106074 - dbt_models - ASSET_MATERIALIZATION - Materialized value stg_client.
2026-05-12 20:00:31 +0000 - dagster - DEBUG - __ASSET_JOB - 8bb0baba-1406-40ef-a9dc-2276af184fc2 - 106074 - dbt_models - STEP_OUTPUT - Yielded output "model_sagap_stg_document_status" of type "Nothing". (Type check passed).
2026-05-12 20:00:31 +0000 - dagster - DEBUG - __ASSET_JOB - 8bb0baba-1406-40ef-a9dc-2276af184fc2 - 106074 - dbt_models - ASSET_MATERIALIZATION - Materialized value stg_document_status.
2026-05-12 20:00:31 +0000 - dagster - DEBUG - __ASSET_JOB - 8bb0baba-1406-40ef-a9dc-2276af184fc2 - 106074 - dbt_models - STEP_OUTPUT - Yielded output "model_sagap_stg_document_type" of type "Nothing". (Type check passed).
2026-05-12 20:00:31 +0000 - dagster - DEBUG - __ASSET_JOB - 8bb0baba-1406-40ef-a9dc-2276af184fc2 - 106074 - dbt_models - ASSET_MATERIALIZATION - Materialized value stg_document_type.
2026-05-12 20:00:31 +0000 - dagster - DEBUG - __ASSET_JOB - 8bb0baba-1406-40ef-a9dc-2276af184fc2 - 106074 - dbt_models - STEP_OUTPUT - Yielded output "model_sagap_stg_document_line" of type "Nothing". (Type check passed).
2026-05-12 20:00:31 +0000 - dagster - DEBUG - __ASSET_JOB - 8bb0baba-1406-40ef-a9dc-2276af184fc2 - 106074 - dbt_models - ASSET_MATERIALIZATION - Materialized value stg_document_line.
2026-05-12 20:00:31 +0000 - dagster - DEBUG - __ASSET_JOB - 8bb0baba-1406-40ef-a9dc-2276af184fc2 - 106074 - dbt_models - STEP_OUTPUT - Yielded output "model_sagap_stg_family" of type "Nothing". (Type check passed).
2026-05-12 20:00:31 +0000 - dagster - DEBUG - __ASSET_JOB - 8bb0baba-1406-40ef-a9dc-2276af184fc2 - 106074 - dbt_models - ASSET_MATERIALIZATION - Materialized value stg_family.
2026-05-12 20:00:31 +0000 - dagster - DEBUG - __ASSET_JOB - 8bb0baba-1406-40ef-a9dc-2276af184fc2 - 106074 - dbt_models - STEP_OUTPUT - Yielded output "model_sagap_stg_geographical_area" of type "Nothing". (Type check passed).
2026-05-12 20:00:31 +0000 - dagster - DEBUG - __ASSET_JOB - 8bb0baba-1406-40ef-a9dc-2276af184fc2 - 106074 - dbt_models - ASSET_MATERIALIZATION - Materialized value stg_geographical_area.
2026-05-12 20:00:31 +0000 - dagster - DEBUG - __ASSET_JOB - 8bb0baba-1406-40ef-a9dc-2276af184fc2 - 106074 - dbt_models - STEP_OUTPUT - Yielded output "model_sagap_stg_product_item" of type "Nothing". (Type check passed).
2026-05-12 20:00:31 +0000 - dagster - DEBUG - __ASSET_JOB - 8bb0baba-1406-40ef-a9dc-2276af184fc2 - 106074 - dbt_models - ASSET_MATERIALIZATION - Materialized value stg_product_item.
2026-05-12 20:00:31 +0000 - dagster - DEBUG - __ASSET_JOB - 8bb0baba-1406-40ef-a9dc-2276af184fc2 - 106074 - dbt_models - STEP_OUTPUT - Yielded output "model_sagap_stg_item" of type "Nothing". (Type check passed).
2026-05-12 20:00:31 +0000 - dagster - DEBUG - __ASSET_JOB - 8bb0baba-1406-40ef-a9dc-2276af184fc2 - 106074 - dbt_models - ASSET_MATERIALIZATION - Materialized value stg_item.
2026-05-12 20:00:31 +0000 - dagster - DEBUG - __ASSET_JOB - 8bb0baba-1406-40ef-a9dc-2276af184fc2 - 106074 - dbt_models - STEP_OUTPUT - Yielded output "model_sagap_stg_warehouse" of type "Nothing". (Type check passed).
2026-05-12 20:00:31 +0000 - dagster - DEBUG - __ASSET_JOB - 8bb0baba-1406-40ef-a9dc-2276af184fc2 - 106074 - dbt_models - ASSET_MATERIALIZATION - Materialized value stg_warehouse.
2026-05-12 20:00:31 +0000 - dagster - DEBUG - __ASSET_JOB - 8bb0baba-1406-40ef-a9dc-2276af184fc2 - 106074 - dbt_models - STEP_OUTPUT - Yielded output "model_sagap_dim_client" of type "Nothing". (Type check passed).
2026-05-12 20:00:31 +0000 - dagster - DEBUG - __ASSET_JOB - 8bb0baba-1406-40ef-a9dc-2276af184fc2 - 106074 - dbt_models - ASSET_MATERIALIZATION - Materialized value dim_client.
2026-05-12 20:00:31 +0000 - dagster - DEBUG - __ASSET_JOB - 8bb0baba-1406-40ef-a9dc-2276af184fc2 - 106074 - dbt_models - STEP_OUTPUT - Yielded output "model_sagap_dim_date" of type "Nothing". (Type check passed).
2026-05-12 20:00:31 +0000 - dagster - DEBUG - __ASSET_JOB - 8bb0baba-1406-40ef-a9dc-2276af184fc2 - 106074 - dbt_models - ASSET_MATERIALIZATION - Materialized value dim_date.
2026-05-12 20:00:31 +0000 - dagster - DEBUG - __ASSET_JOB - 8bb0baba-1406-40ef-a9dc-2276af184fc2 - 106074 - dbt_models - STEP_OUTPUT - Yielded output "model_sagap_dim_document_status" of type "Nothing". (Type check passed).
2026-05-12 20:00:31 +0000 - dagster - DEBUG - __ASSET_JOB - 8bb0baba-1406-40ef-a9dc-2276af184fc2 - 106074 - dbt_models - ASSET_MATERIALIZATION - Materialized value dim_document_status.
2026-05-12 20:00:32 +0000 - dagster - DEBUG - __ASSET_JOB - 8bb0baba-1406-40ef-a9dc-2276af184fc2 - 106074 - dbt_models - STEP_OUTPUT - Yielded output "model_sagap_dim_document_type" of type "Nothing". (Type check passed).
2026-05-12 20:00:32 +0000 - dagster - DEBUG - __ASSET_JOB - 8bb0baba-1406-40ef-a9dc-2276af184fc2 - 106074 - dbt_models - ASSET_MATERIALIZATION - Materialized value dim_document_type.
2026-05-12 20:00:32 +0000 - dagster - DEBUG - __ASSET_JOB - 8bb0baba-1406-40ef-a9dc-2276af184fc2 - 106074 - dbt_models - STEP_OUTPUT - Yielded output "model_sagap_dim_geographical_area" of type "Nothing". (Type check passed).
2026-05-12 20:00:32 +0000 - dagster - DEBUG - __ASSET_JOB - 8bb0baba-1406-40ef-a9dc-2276af184fc2 - 106074 - dbt_models - ASSET_MATERIALIZATION - Materialized value dim_geographical_area.
2026-05-12 20:00:32 +0000 - dagster - DEBUG - __ASSET_JOB - 8bb0baba-1406-40ef-a9dc-2276af184fc2 - 106074 - dbt_models - STEP_OUTPUT - Yielded output "model_sagap_dim_warehouse" of type "Nothing". (Type check passed).
2026-05-12 20:00:32 +0000 - dagster - DEBUG - __ASSET_JOB - 8bb0baba-1406-40ef-a9dc-2276af184fc2 - 106074 - dbt_models - ASSET_MATERIALIZATION - Materialized value dim_warehouse.
2026-05-12 20:00:32 +0000 - dagster - DEBUG - __ASSET_JOB - 8bb0baba-1406-40ef-a9dc-2276af184fc2 - 106074 - dbt_models - STEP_OUTPUT - Yielded output "model_sagap_dim_item" of type "Nothing". (Type check passed).
2026-05-12 20:00:32 +0000 - dagster - DEBUG - __ASSET_JOB - 8bb0baba-1406-40ef-a9dc-2276af184fc2 - 106074 - dbt_models - ASSET_MATERIALIZATION - Materialized value dim_item.
2026-05-12 20:00:32 +0000 - dagster - DEBUG - __ASSET_JOB - 8bb0baba-1406-40ef-a9dc-2276af184fc2 - 106074 - dbt_models - ASSET_CHECK_EVALUATION - DagsterEventType.ASSET_CHECK_EVALUATION for step dbt_models
2026-05-12 20:00:32 +0000 - dagster - DEBUG - __ASSET_JOB - 8bb0baba-1406-40ef-a9dc-2276af184fc2 - 106074 - dbt_models - STEP_OUTPUT - Yielded output "dim_client_accepted_values_dim_client_IsActive__0__1" of type "Any". (Type check passed).
2026-05-12 20:00:32 +0000 - dagster - DEBUG - __ASSET_JOB - 8bb0baba-1406-40ef-a9dc-2276af184fc2 - 106074 - dbt_models - ASSET_CHECK_EVALUATION - DagsterEventType.ASSET_CHECK_EVALUATION for step dbt_models
2026-05-12 20:00:32 +0000 - dagster - DEBUG - __ASSET_JOB - 8bb0baba-1406-40ef-a9dc-2276af184fc2 - 106074 - dbt_models - STEP_OUTPUT - Yielded output "dim_client_accepted_values_dim_client_IsBTOB__0__1" of type "Any". (Type check passed).
2026-05-12 20:00:32 +0000 - dagster - WARNING - __ASSET_JOB - 8bb0baba-1406-40ef-a9dc-2276af184fc2 - dbt_models - Logging an `AssetObservation` instead of an `AssetCheckResult` for dbt test `assert_no_orphan_lines_in_fact`.

`assert_no_orphan_lines_in_fact` is a singular test with multiple dependencies. Configure an asset key in the test's dbt meta to load it as an asset check.

This test was included in Dagster's asset check selection, and was likely executed due to dbt indirect selection.
2026-05-12 20:00:32 +0000 - dagster - DEBUG - __ASSET_JOB - 8bb0baba-1406-40ef-a9dc-2276af184fc2 - 106074 - dbt_models - ASSET_OBSERVATION - DagsterEventType.ASSET_OBSERVATION for step dbt_models
2026-05-12 20:00:32 +0000 - dagster - DEBUG - __ASSET_JOB - 8bb0baba-1406-40ef-a9dc-2276af184fc2 - 106074 - dbt_models - ASSET_OBSERVATION - DagsterEventType.ASSET_OBSERVATION for step dbt_models
2026-05-12 20:00:32 +0000 - dagster - DEBUG - __ASSET_JOB - 8bb0baba-1406-40ef-a9dc-2276af184fc2 - 106074 - dbt_models - ASSET_CHECK_EVALUATION - DagsterEventType.ASSET_CHECK_EVALUATION for step dbt_models
2026-05-12 20:00:32 +0000 - dagster - DEBUG - __ASSET_JOB - 8bb0baba-1406-40ef-a9dc-2276af184fc2 - 106074 - dbt_models - STEP_OUTPUT - Yielded output "dim_client_not_null_dim_client_ClientBK" of type "Any". (Type check passed).
2026-05-12 20:00:32 +0000 - dagster - DEBUG - __ASSET_JOB - 8bb0baba-1406-40ef-a9dc-2276af184fc2 - 106074 - dbt_models - ASSET_CHECK_EVALUATION - DagsterEventType.ASSET_CHECK_EVALUATION for step dbt_models
2026-05-12 20:00:32 +0000 - dagster - DEBUG - __ASSET_JOB - 8bb0baba-1406-40ef-a9dc-2276af184fc2 - 106074 - dbt_models - STEP_OUTPUT - Yielded output "dim_client_not_null_dim_client_ClientCode" of type "Any". (Type check passed).
2026-05-12 20:00:32 +0000 - dagster - DEBUG - __ASSET_JOB - 8bb0baba-1406-40ef-a9dc-2276af184fc2 - 106074 - dbt_models - ASSET_CHECK_EVALUATION - DagsterEventType.ASSET_CHECK_EVALUATION for step dbt_models
2026-05-12 20:00:32 +0000 - dagster - DEBUG - __ASSET_JOB - 8bb0baba-1406-40ef-a9dc-2276af184fc2 - 106074 - dbt_models - STEP_OUTPUT - Yielded output "dim_client_not_null_dim_client_ClientName" of type "Any". (Type check passed).
2026-05-12 20:00:32 +0000 - dagster - DEBUG - __ASSET_JOB - 8bb0baba-1406-40ef-a9dc-2276af184fc2 - 106074 - dbt_models - ASSET_CHECK_EVALUATION - DagsterEventType.ASSET_CHECK_EVALUATION for step dbt_models
2026-05-12 20:00:32 +0000 - dagster - DEBUG - __ASSET_JOB - 8bb0baba-1406-40ef-a9dc-2276af184fc2 - 106074 - dbt_models - STEP_OUTPUT - Yielded output "dim_client_not_null_dim_client_ClientSK" of type "Any". (Type check passed).
2026-05-12 20:00:32 +0000 - dagster - DEBUG - __ASSET_JOB - 8bb0baba-1406-40ef-a9dc-2276af184fc2 - 106074 - dbt_models - ASSET_CHECK_EVALUATION - DagsterEventType.ASSET_CHECK_EVALUATION for step dbt_models
2026-05-12 20:00:33 +0000 - dagster - DEBUG - __ASSET_JOB - 8bb0baba-1406-40ef-a9dc-2276af184fc2 - 106074 - dbt_models - STEP_OUTPUT - Yielded output "dim_client_not_null_dim_client_IsBTOB" of type "Any". (Type check passed).
2026-05-12 20:00:33 +0000 - dagster - DEBUG - __ASSET_JOB - 8bb0baba-1406-40ef-a9dc-2276af184fc2 - 106074 - dbt_models - ASSET_CHECK_EVALUATION - DagsterEventType.ASSET_CHECK_EVALUATION for step dbt_models
2026-05-12 20:00:33 +0000 - dagster - DEBUG - __ASSET_JOB - 8bb0baba-1406-40ef-a9dc-2276af184fc2 - 106074 - dbt_models - STEP_OUTPUT - Yielded output "dim_client_not_null_dim_client_IsActive" of type "Any". (Type check passed).
2026-05-12 20:00:33 +0000 - dagster - DEBUG - __ASSET_JOB - 8bb0baba-1406-40ef-a9dc-2276af184fc2 - 106074 - dbt_models - ASSET_CHECK_EVALUATION - DagsterEventType.ASSET_CHECK_EVALUATION for step dbt_models
2026-05-12 20:00:33 +0000 - dagster - DEBUG - __ASSET_JOB - 8bb0baba-1406-40ef-a9dc-2276af184fc2 - 106074 - dbt_models - STEP_OUTPUT - Yielded output "dim_client_unique_dim_client_ClientBK" of type "Any". (Type check passed).
2026-05-12 20:00:33 +0000 - dagster - DEBUG - __ASSET_JOB - 8bb0baba-1406-40ef-a9dc-2276af184fc2 - 106074 - dbt_models - ASSET_CHECK_EVALUATION - DagsterEventType.ASSET_CHECK_EVALUATION for step dbt_models
2026-05-12 20:00:33 +0000 - dagster - DEBUG - __ASSET_JOB - 8bb0baba-1406-40ef-a9dc-2276af184fc2 - 106074 - dbt_models - STEP_OUTPUT - Yielded output "dim_client_unique_dim_client_ClientSK" of type "Any". (Type check passed).
2026-05-12 20:00:33 +0000 - dagster - DEBUG - __ASSET_JOB - 8bb0baba-1406-40ef-a9dc-2276af184fc2 - 106074 - dbt_models - ASSET_CHECK_EVALUATION - DagsterEventType.ASSET_CHECK_EVALUATION for step dbt_models
2026-05-12 20:00:33 +0000 - dagster - DEBUG - __ASSET_JOB - 8bb0baba-1406-40ef-a9dc-2276af184fc2 - 106074 - dbt_models - STEP_OUTPUT - Yielded output "dim_date_accepted_values_dim_date_DayName__Lundi__Mardi__Mercredi__Jeudi__Vendredi__Samedi__Dimanche" of type "Any". (Type check passed).
2026-05-12 20:00:33 +0000 - dagster - DEBUG - __ASSET_JOB - 8bb0baba-1406-40ef-a9dc-2276af184fc2 - 106074 - dbt_models - ASSET_CHECK_EVALUATION - DagsterEventType.ASSET_CHECK_EVALUATION for step dbt_models
2026-05-12 20:00:33 +0000 - dagster - DEBUG - __ASSET_JOB - 8bb0baba-1406-40ef-a9dc-2276af184fc2 - 106074 - dbt_models - STEP_OUTPUT - Yielded output "dim_date_dbt_utils_accepted_range_dim_date_Day__31__1" of type "Any". (Type check passed).
2026-05-12 20:00:33 +0000 - dagster - DEBUG - __ASSET_JOB - 8bb0baba-1406-40ef-a9dc-2276af184fc2 - 106074 - dbt_models - ASSET_CHECK_EVALUATION - DagsterEventType.ASSET_CHECK_EVALUATION for step dbt_models
2026-05-12 20:00:33 +0000 - dagster - DEBUG - __ASSET_JOB - 8bb0baba-1406-40ef-a9dc-2276af184fc2 - 106074 - dbt_models - STEP_OUTPUT - Yielded output "dim_date_accepted_values_dim_date_MonthName__Janvier__F_vrier__Mars__Avril__Mai__Juin__Juillet__Ao_t__Septembre__Octobre__Novembre__D_cembre" of type "Any". (Type check passed).
2026-05-12 20:00:33 +0000 - dagster - DEBUG - __ASSET_JOB - 8bb0baba-1406-40ef-a9dc-2276af184fc2 - 106074 - dbt_models - ASSET_CHECK_EVALUATION - DagsterEventType.ASSET_CHECK_EVALUATION for step dbt_models
2026-05-12 20:00:33 +0000 - dagster - DEBUG - __ASSET_JOB - 8bb0baba-1406-40ef-a9dc-2276af184fc2 - 106074 - dbt_models - STEP_OUTPUT - Yielded output "dim_date_dbt_utils_accepted_range_dim_date_Month__12__1" of type "Any". (Type check passed).
2026-05-12 20:00:33 +0000 - dagster - DEBUG - __ASSET_JOB - 8bb0baba-1406-40ef-a9dc-2276af184fc2 - 106074 - dbt_models - ASSET_CHECK_EVALUATION - DagsterEventType.ASSET_CHECK_EVALUATION for step dbt_models
2026-05-12 20:00:33 +0000 - dagster - DEBUG - __ASSET_JOB - 8bb0baba-1406-40ef-a9dc-2276af184fc2 - 106074 - dbt_models - STEP_OUTPUT - Yielded output "dim_date_dbt_utils_accepted_range_dim_date_Quarter__4__1" of type "Any". (Type check passed).
2026-05-12 20:00:33 +0000 - dagster - DEBUG - __ASSET_JOB - 8bb0baba-1406-40ef-a9dc-2276af184fc2 - 106074 - dbt_models - ASSET_CHECK_EVALUATION - DagsterEventType.ASSET_CHECK_EVALUATION for step dbt_models
2026-05-12 20:00:33 +0000 - dagster - DEBUG - __ASSET_JOB - 8bb0baba-1406-40ef-a9dc-2276af184fc2 - 106074 - dbt_models - STEP_OUTPUT - Yielded output "dim_date_dbt_utils_accepted_range_dim_date_Year__2027__2000" of type "Any". (Type check passed).
2026-05-12 20:00:33 +0000 - dagster - DEBUG - __ASSET_JOB - 8bb0baba-1406-40ef-a9dc-2276af184fc2 - 106074 - dbt_models - ASSET_CHECK_EVALUATION - DagsterEventType.ASSET_CHECK_EVALUATION for step dbt_models
2026-05-12 20:00:33 +0000 - dagster - DEBUG - __ASSET_JOB - 8bb0baba-1406-40ef-a9dc-2276af184fc2 - 106074 - dbt_models - STEP_OUTPUT - Yielded output "dim_date_not_null_dim_date_DateBK" of type "Any". (Type check passed).
2026-05-12 20:00:33 +0000 - dagster - DEBUG - __ASSET_JOB - 8bb0baba-1406-40ef-a9dc-2276af184fc2 - 106074 - dbt_models - ASSET_CHECK_EVALUATION - DagsterEventType.ASSET_CHECK_EVALUATION for step dbt_models
2026-05-12 20:00:33 +0000 - dagster - DEBUG - __ASSET_JOB - 8bb0baba-1406-40ef-a9dc-2276af184fc2 - 106074 - dbt_models - STEP_OUTPUT - Yielded output "dim_date_not_null_dim_date_DateSK" of type "Any". (Type check passed).
2026-05-12 20:00:33 +0000 - dagster - DEBUG - __ASSET_JOB - 8bb0baba-1406-40ef-a9dc-2276af184fc2 - 106074 - dbt_models - ASSET_CHECK_EVALUATION - DagsterEventType.ASSET_CHECK_EVALUATION for step dbt_models
2026-05-12 20:00:33 +0000 - dagster - DEBUG - __ASSET_JOB - 8bb0baba-1406-40ef-a9dc-2276af184fc2 - 106074 - dbt_models - STEP_OUTPUT - Yielded output "dim_date_not_null_dim_date_Day" of type "Any". (Type check passed).
2026-05-12 20:00:33 +0000 - dagster - DEBUG - __ASSET_JOB - 8bb0baba-1406-40ef-a9dc-2276af184fc2 - 106074 - dbt_models - ASSET_CHECK_EVALUATION - DagsterEventType.ASSET_CHECK_EVALUATION for step dbt_models
2026-05-12 20:00:33 +0000 - dagster - DEBUG - __ASSET_JOB - 8bb0baba-1406-40ef-a9dc-2276af184fc2 - 106074 - dbt_models - STEP_OUTPUT - Yielded output "dim_date_not_null_dim_date_DayName" of type "Any". (Type check passed).
2026-05-12 20:00:33 +0000 - dagster - DEBUG - __ASSET_JOB - 8bb0baba-1406-40ef-a9dc-2276af184fc2 - 106074 - dbt_models - ASSET_CHECK_EVALUATION - DagsterEventType.ASSET_CHECK_EVALUATION for step dbt_models
2026-05-12 20:00:33 +0000 - dagster - DEBUG - __ASSET_JOB - 8bb0baba-1406-40ef-a9dc-2276af184fc2 - 106074 - dbt_models - STEP_OUTPUT - Yielded output "dim_date_not_null_dim_date_Month" of type "Any". (Type check passed).
2026-05-12 20:00:33 +0000 - dagster - DEBUG - __ASSET_JOB - 8bb0baba-1406-40ef-a9dc-2276af184fc2 - 106074 - dbt_models - ASSET_CHECK_EVALUATION - DagsterEventType.ASSET_CHECK_EVALUATION for step dbt_models
2026-05-12 20:00:33 +0000 - dagster - DEBUG - __ASSET_JOB - 8bb0baba-1406-40ef-a9dc-2276af184fc2 - 106074 - dbt_models - STEP_OUTPUT - Yielded output "dim_date_not_null_dim_date_MonthName" of type "Any". (Type check passed).
2026-05-12 20:00:33 +0000 - dagster - DEBUG - __ASSET_JOB - 8bb0baba-1406-40ef-a9dc-2276af184fc2 - 106074 - dbt_models - ASSET_CHECK_EVALUATION - DagsterEventType.ASSET_CHECK_EVALUATION for step dbt_models
2026-05-12 20:00:33 +0000 - dagster - DEBUG - __ASSET_JOB - 8bb0baba-1406-40ef-a9dc-2276af184fc2 - 106074 - dbt_models - STEP_OUTPUT - Yielded output "dim_date_not_null_dim_date_Quarter" of type "Any". (Type check passed).
2026-05-12 20:00:34 +0000 - dagster - DEBUG - __ASSET_JOB - 8bb0baba-1406-40ef-a9dc-2276af184fc2 - 106074 - dbt_models - ASSET_CHECK_EVALUATION - DagsterEventType.ASSET_CHECK_EVALUATION for step dbt_models
2026-05-12 20:00:34 +0000 - dagster - DEBUG - __ASSET_JOB - 8bb0baba-1406-40ef-a9dc-2276af184fc2 - 106074 - dbt_models - STEP_OUTPUT - Yielded output "dim_date_unique_dim_date_DateBK" of type "Any". (Type check passed).
2026-05-12 20:00:34 +0000 - dagster - DEBUG - __ASSET_JOB - 8bb0baba-1406-40ef-a9dc-2276af184fc2 - 106074 - dbt_models - ASSET_CHECK_EVALUATION - DagsterEventType.ASSET_CHECK_EVALUATION for step dbt_models
2026-05-12 20:00:34 +0000 - dagster - DEBUG - __ASSET_JOB - 8bb0baba-1406-40ef-a9dc-2276af184fc2 - 106074 - dbt_models - STEP_OUTPUT - Yielded output "dim_date_not_null_dim_date_Year" of type "Any". (Type check passed).
2026-05-12 20:00:34 +0000 - dagster - DEBUG - __ASSET_JOB - 8bb0baba-1406-40ef-a9dc-2276af184fc2 - 106074 - dbt_models - ASSET_CHECK_EVALUATION - DagsterEventType.ASSET_CHECK_EVALUATION for step dbt_models
2026-05-12 20:00:34 +0000 - dagster - DEBUG - __ASSET_JOB - 8bb0baba-1406-40ef-a9dc-2276af184fc2 - 106074 - dbt_models - STEP_OUTPUT - Yielded output "dim_date_unique_dim_date_DateSK" of type "Any". (Type check passed).
2026-05-12 20:00:34 +0000 - dagster - DEBUG - __ASSET_JOB - 8bb0baba-1406-40ef-a9dc-2276af184fc2 - 106074 - dbt_models - ASSET_CHECK_EVALUATION - DagsterEventType.ASSET_CHECK_EVALUATION for step dbt_models
2026-05-12 20:00:34 +0000 - dagster - DEBUG - __ASSET_JOB - 8bb0baba-1406-40ef-a9dc-2276af184fc2 - 106074 - dbt_models - STEP_OUTPUT - Yielded output "dim_document_status_not_null_dim_document_status_DocumentStatusBK" of type "Any". (Type check passed).
2026-05-12 20:00:34 +0000 - dagster - DEBUG - __ASSET_JOB - 8bb0baba-1406-40ef-a9dc-2276af184fc2 - 106074 - dbt_models - ASSET_CHECK_EVALUATION - DagsterEventType.ASSET_CHECK_EVALUATION for step dbt_models
2026-05-12 20:00:34 +0000 - dagster - DEBUG - __ASSET_JOB - 8bb0baba-1406-40ef-a9dc-2276af184fc2 - 106074 - dbt_models - STEP_OUTPUT - Yielded output "dim_document_status_not_null_dim_document_status_DocumentStatusSK" of type "Any". (Type check passed).
2026-05-12 20:00:34 +0000 - dagster - DEBUG - __ASSET_JOB - 8bb0baba-1406-40ef-a9dc-2276af184fc2 - 106074 - dbt_models - ASSET_CHECK_EVALUATION - DagsterEventType.ASSET_CHECK_EVALUATION for step dbt_models
2026-05-12 20:00:34 +0000 - dagster - DEBUG - __ASSET_JOB - 8bb0baba-1406-40ef-a9dc-2276af184fc2 - 106074 - dbt_models - STEP_OUTPUT - Yielded output "dim_document_status_not_null_dim_document_status_DocumentStatusLabel" of type "Any". (Type check passed).
2026-05-12 20:00:34 +0000 - dagster - DEBUG - __ASSET_JOB - 8bb0baba-1406-40ef-a9dc-2276af184fc2 - 106074 - dbt_models - ASSET_CHECK_EVALUATION - DagsterEventType.ASSET_CHECK_EVALUATION for step dbt_models
2026-05-12 20:00:34 +0000 - dagster - DEBUG - __ASSET_JOB - 8bb0baba-1406-40ef-a9dc-2276af184fc2 - 106074 - dbt_models - STEP_OUTPUT - Yielded output "dim_document_status_unique_dim_document_status_DocumentStatusBK" of type "Any". (Type check passed).
2026-05-12 20:00:34 +0000 - dagster - DEBUG - __ASSET_JOB - 8bb0baba-1406-40ef-a9dc-2276af184fc2 - 106074 - dbt_models - ASSET_CHECK_EVALUATION - DagsterEventType.ASSET_CHECK_EVALUATION for step dbt_models
2026-05-12 20:00:34 +0000 - dagster - DEBUG - __ASSET_JOB - 8bb0baba-1406-40ef-a9dc-2276af184fc2 - 106074 - dbt_models - STEP_OUTPUT - Yielded output "dim_document_status_unique_dim_document_status_DocumentStatusSK" of type "Any". (Type check passed).
2026-05-12 20:00:34 +0000 - dagster - DEBUG - __ASSET_JOB - 8bb0baba-1406-40ef-a9dc-2276af184fc2 - 106074 - dbt_models - ASSET_CHECK_EVALUATION - DagsterEventType.ASSET_CHECK_EVALUATION for step dbt_models
2026-05-12 20:00:34 +0000 - dagster - DEBUG - __ASSET_JOB - 8bb0baba-1406-40ef-a9dc-2276af184fc2 - 106074 - dbt_models - STEP_OUTPUT - Yielded output "dim_document_type_not_null_dim_document_type_DocumentTypeBK" of type "Any". (Type check passed).
2026-05-12 20:00:34 +0000 - dagster - DEBUG - __ASSET_JOB - 8bb0baba-1406-40ef-a9dc-2276af184fc2 - 106074 - dbt_models - ASSET_CHECK_EVALUATION - DagsterEventType.ASSET_CHECK_EVALUATION for step dbt_models
2026-05-12 20:00:34 +0000 - dagster - DEBUG - __ASSET_JOB - 8bb0baba-1406-40ef-a9dc-2276af184fc2 - 106074 - dbt_models - STEP_OUTPUT - Yielded output "dim_document_type_not_null_dim_document_type_DocumentTypeLabel" of type "Any". (Type check passed).
2026-05-12 20:00:34 +0000 - dagster - DEBUG - __ASSET_JOB - 8bb0baba-1406-40ef-a9dc-2276af184fc2 - 106074 - dbt_models - ASSET_CHECK_EVALUATION - DagsterEventType.ASSET_CHECK_EVALUATION for step dbt_models
2026-05-12 20:00:34 +0000 - dagster - DEBUG - __ASSET_JOB - 8bb0baba-1406-40ef-a9dc-2276af184fc2 - 106074 - dbt_models - STEP_OUTPUT - Yielded output "dim_document_type_not_null_dim_document_type_DocumentTypeSK" of type "Any". (Type check passed).
2026-05-12 20:00:34 +0000 - dagster - DEBUG - __ASSET_JOB - 8bb0baba-1406-40ef-a9dc-2276af184fc2 - 106074 - dbt_models - ASSET_CHECK_EVALUATION - DagsterEventType.ASSET_CHECK_EVALUATION for step dbt_models
2026-05-12 20:00:34 +0000 - dagster - DEBUG - __ASSET_JOB - 8bb0baba-1406-40ef-a9dc-2276af184fc2 - 106074 - dbt_models - STEP_OUTPUT - Yielded output "dim_document_type_unique_dim_document_type_DocumentTypeBK" of type "Any". (Type check passed).
2026-05-12 20:00:34 +0000 - dagster - DEBUG - __ASSET_JOB - 8bb0baba-1406-40ef-a9dc-2276af184fc2 - 106074 - dbt_models - ASSET_CHECK_EVALUATION - DagsterEventType.ASSET_CHECK_EVALUATION for step dbt_models
2026-05-12 20:00:34 +0000 - dagster - DEBUG - __ASSET_JOB - 8bb0baba-1406-40ef-a9dc-2276af184fc2 - 106074 - dbt_models - STEP_OUTPUT - Yielded output "dim_document_type_unique_dim_document_type_DocumentTypeSK" of type "Any". (Type check passed).
2026-05-12 20:00:34 +0000 - dagster - DEBUG - __ASSET_JOB - 8bb0baba-1406-40ef-a9dc-2276af184fc2 - 106074 - dbt_models - ASSET_CHECK_EVALUATION - DagsterEventType.ASSET_CHECK_EVALUATION for step dbt_models
2026-05-12 20:00:34 +0000 - dagster - DEBUG - __ASSET_JOB - 8bb0baba-1406-40ef-a9dc-2276af184fc2 - 106074 - dbt_models - STEP_OUTPUT - Yielded output "dim_geographical_area_not_null_dim_geographical_area_GeographicalAreaBK" of type "Any". (Type check passed).
2026-05-12 20:00:35 +0000 - dagster - DEBUG - __ASSET_JOB - 8bb0baba-1406-40ef-a9dc-2276af184fc2 - 106074 - dbt_models - ASSET_CHECK_EVALUATION - DagsterEventType.ASSET_CHECK_EVALUATION for step dbt_models
2026-05-12 20:00:35 +0000 - dagster - DEBUG - __ASSET_JOB - 8bb0baba-1406-40ef-a9dc-2276af184fc2 - 106074 - dbt_models - STEP_OUTPUT - Yielded output "dim_geographical_area_not_null_dim_geographical_area_GeographicalAreaLabel" of type "Any". (Type check passed).
2026-05-12 20:00:35 +0000 - dagster - DEBUG - __ASSET_JOB - 8bb0baba-1406-40ef-a9dc-2276af184fc2 - 106074 - dbt_models - ASSET_CHECK_EVALUATION - DagsterEventType.ASSET_CHECK_EVALUATION for step dbt_models
2026-05-12 20:00:35 +0000 - dagster - DEBUG - __ASSET_JOB - 8bb0baba-1406-40ef-a9dc-2276af184fc2 - 106074 - dbt_models - STEP_OUTPUT - Yielded output "dim_geographical_area_not_null_dim_geographical_area_GeographicalAreaSK" of type "Any". (Type check passed).
2026-05-12 20:00:35 +0000 - dagster - DEBUG - __ASSET_JOB - 8bb0baba-1406-40ef-a9dc-2276af184fc2 - 106074 - dbt_models - ASSET_CHECK_EVALUATION - DagsterEventType.ASSET_CHECK_EVALUATION for step dbt_models
2026-05-12 20:00:35 +0000 - dagster - DEBUG - __ASSET_JOB - 8bb0baba-1406-40ef-a9dc-2276af184fc2 - 106074 - dbt_models - STEP_OUTPUT - Yielded output "dim_geographical_area_unique_dim_geographical_area_GeographicalAreaBK" of type "Any". (Type check passed).
2026-05-12 20:00:35 +0000 - dagster - DEBUG - __ASSET_JOB - 8bb0baba-1406-40ef-a9dc-2276af184fc2 - 106074 - dbt_models - ASSET_CHECK_EVALUATION - DagsterEventType.ASSET_CHECK_EVALUATION for step dbt_models
2026-05-12 20:00:35 +0000 - dagster - DEBUG - __ASSET_JOB - 8bb0baba-1406-40ef-a9dc-2276af184fc2 - 106074 - dbt_models - STEP_OUTPUT - Yielded output "dim_geographical_area_unique_dim_geographical_area_GeographicalAreaSK" of type "Any". (Type check passed).
2026-05-12 20:00:35 +0000 - dagster - DEBUG - __ASSET_JOB - 8bb0baba-1406-40ef-a9dc-2276af184fc2 - 106074 - dbt_models - ASSET_CHECK_EVALUATION - DagsterEventType.ASSET_CHECK_EVALUATION for step dbt_models
2026-05-12 20:00:35 +0000 - dagster - DEBUG - __ASSET_JOB - 8bb0baba-1406-40ef-a9dc-2276af184fc2 - 106074 - dbt_models - STEP_OUTPUT - Yielded output "dim_warehouse_not_null_dim_warehouse_WarehouseBK" of type "Any". (Type check passed).
2026-05-12 20:00:35 +0000 - dagster - DEBUG - __ASSET_JOB - 8bb0baba-1406-40ef-a9dc-2276af184fc2 - 106074 - dbt_models - ASSET_CHECK_EVALUATION - DagsterEventType.ASSET_CHECK_EVALUATION for step dbt_models
2026-05-12 20:00:35 +0000 - dagster - DEBUG - __ASSET_JOB - 8bb0baba-1406-40ef-a9dc-2276af184fc2 - 106074 - dbt_models - STEP_OUTPUT - Yielded output "dim_warehouse_not_null_dim_warehouse_WarehouseCode" of type "Any". (Type check passed).
2026-05-12 20:00:35 +0000 - dagster - DEBUG - __ASSET_JOB - 8bb0baba-1406-40ef-a9dc-2276af184fc2 - 106074 - dbt_models - ASSET_CHECK_EVALUATION - DagsterEventType.ASSET_CHECK_EVALUATION for step dbt_models
2026-05-12 20:00:35 +0000 - dagster - DEBUG - __ASSET_JOB - 8bb0baba-1406-40ef-a9dc-2276af184fc2 - 106074 - dbt_models - STEP_OUTPUT - Yielded output "dim_warehouse_not_null_dim_warehouse_WarehouseName" of type "Any". (Type check passed).
2026-05-12 20:00:35 +0000 - dagster - DEBUG - __ASSET_JOB - 8bb0baba-1406-40ef-a9dc-2276af184fc2 - 106074 - dbt_models - ASSET_CHECK_EVALUATION - DagsterEventType.ASSET_CHECK_EVALUATION for step dbt_models
2026-05-12 20:00:35 +0000 - dagster - DEBUG - __ASSET_JOB - 8bb0baba-1406-40ef-a9dc-2276af184fc2 - 106074 - dbt_models - STEP_OUTPUT - Yielded output "dim_warehouse_not_null_dim_warehouse_WarehouseSK" of type "Any". (Type check passed).
2026-05-12 20:00:35 +0000 - dagster - DEBUG - __ASSET_JOB - 8bb0baba-1406-40ef-a9dc-2276af184fc2 - 106074 - dbt_models - ASSET_CHECK_EVALUATION - DagsterEventType.ASSET_CHECK_EVALUATION for step dbt_models
2026-05-12 20:00:35 +0000 - dagster - DEBUG - __ASSET_JOB - 8bb0baba-1406-40ef-a9dc-2276af184fc2 - 106074 - dbt_models - STEP_OUTPUT - Yielded output "dim_warehouse_unique_dim_warehouse_WarehouseBK" of type "Any". (Type check passed).
2026-05-12 20:00:35 +0000 - dagster - DEBUG - __ASSET_JOB - 8bb0baba-1406-40ef-a9dc-2276af184fc2 - 106074 - dbt_models - ASSET_CHECK_EVALUATION - DagsterEventType.ASSET_CHECK_EVALUATION for step dbt_models
2026-05-12 20:00:35 +0000 - dagster - DEBUG - __ASSET_JOB - 8bb0baba-1406-40ef-a9dc-2276af184fc2 - 106074 - dbt_models - STEP_OUTPUT - Yielded output "dim_item_not_null_dim_item_ItemBK" of type "Any". (Type check passed).
2026-05-12 20:00:35 +0000 - dagster - DEBUG - __ASSET_JOB - 8bb0baba-1406-40ef-a9dc-2276af184fc2 - 106074 - dbt_models - ASSET_CHECK_EVALUATION - DagsterEventType.ASSET_CHECK_EVALUATION for step dbt_models
2026-05-12 20:00:35 +0000 - dagster - DEBUG - __ASSET_JOB - 8bb0baba-1406-40ef-a9dc-2276af184fc2 - 106074 - dbt_models - STEP_OUTPUT - Yielded output "dim_warehouse_unique_dim_warehouse_WarehouseSK" of type "Any". (Type check passed).
2026-05-12 20:00:35 +0000 - dagster - DEBUG - __ASSET_JOB - 8bb0baba-1406-40ef-a9dc-2276af184fc2 - 106074 - dbt_models - ASSET_CHECK_EVALUATION - DagsterEventType.ASSET_CHECK_EVALUATION for step dbt_models
2026-05-12 20:00:35 +0000 - dagster - DEBUG - __ASSET_JOB - 8bb0baba-1406-40ef-a9dc-2276af184fc2 - 106074 - dbt_models - STEP_OUTPUT - Yielded output "dim_item_not_null_dim_item_ItemCode" of type "Any". (Type check passed).
2026-05-12 20:00:35 +0000 - dagster - DEBUG - __ASSET_JOB - 8bb0baba-1406-40ef-a9dc-2276af184fc2 - 106074 - dbt_models - ASSET_CHECK_EVALUATION - DagsterEventType.ASSET_CHECK_EVALUATION for step dbt_models
2026-05-12 20:00:35 +0000 - dagster - DEBUG - __ASSET_JOB - 8bb0baba-1406-40ef-a9dc-2276af184fc2 - 106074 - dbt_models - STEP_OUTPUT - Yielded output "dim_item_not_null_dim_item_ItemLabel" of type "Any". (Type check passed).
2026-05-12 20:00:35 +0000 - dagster - DEBUG - __ASSET_JOB - 8bb0baba-1406-40ef-a9dc-2276af184fc2 - 106074 - dbt_models - ASSET_CHECK_EVALUATION - DagsterEventType.ASSET_CHECK_EVALUATION for step dbt_models
2026-05-12 20:00:35 +0000 - dagster - DEBUG - __ASSET_JOB - 8bb0baba-1406-40ef-a9dc-2276af184fc2 - 106074 - dbt_models - STEP_OUTPUT - Yielded output "dim_item_not_null_dim_item_ItemSK" of type "Any". (Type check passed).
2026-05-12 20:00:35 +0000 - dagster - DEBUG - __ASSET_JOB - 8bb0baba-1406-40ef-a9dc-2276af184fc2 - 106074 - dbt_models - ASSET_CHECK_EVALUATION - DagsterEventType.ASSET_CHECK_EVALUATION for step dbt_models
2026-05-12 20:00:35 +0000 - dagster - DEBUG - __ASSET_JOB - 8bb0baba-1406-40ef-a9dc-2276af184fc2 - 106074 - dbt_models - STEP_OUTPUT - Yielded output "dim_item_unique_dim_item_ItemSK" of type "Any". (Type check passed).
2026-05-12 20:00:35 +0000 - dagster - DEBUG - __ASSET_JOB - 8bb0baba-1406-40ef-a9dc-2276af184fc2 - 106074 - dbt_models - ASSET_CHECK_EVALUATION - DagsterEventType.ASSET_CHECK_EVALUATION for step dbt_models
2026-05-12 20:00:35 +0000 - dagster - DEBUG - __ASSET_JOB - 8bb0baba-1406-40ef-a9dc-2276af184fc2 - 106074 - dbt_models - STEP_OUTPUT - Yielded output "dim_item_unique_dim_item_ItemBK" of type "Any". (Type check passed).
2026-05-12 20:00:36 +0000 - dagster - INFO - __ASSET_JOB - 8bb0baba-1406-40ef-a9dc-2276af184fc2 - dbt_models - Finished dbt command: `dbt build --target dev --select fqn:*`.
2026-05-12 20:00:36 +0000 - dagster - ERROR - __ASSET_JOB - 8bb0baba-1406-40ef-a9dc-2276af184fc2 - 106074 - dbt_models - STEP_FAILURE - Execution of step "dbt_models" failed.

dagster_dbt.errors.DagsterDbtCliRuntimeError: The dbt CLI process with command

`dbt build --target dev --select fqn:*`

failed with exit code `1`. Check the stdout in the Dagster compute logs for the full information about the error, or view the dbt debug log: /dbt/target/dbt_models-8bb0bab-ef248a0/dbt.log.

Errors parsed from dbt logs:

68 of 143 FAIL 381469 assert_no_orphan_lines_in_fact ........................... [[31mFAIL 381469[0m in 0.60s]

[31mFailure in test assert_no_orphan_lines_in_fact (tests/assert_no_orphan_lines_in_fact.sql)[0m

  Got 381469 results, configured to fail if != 0

Stack Trace:
  File "/usr/local/lib/python3.11/site-packages/dagster/_core/execution/plan/execute_plan.py", line 282, in dagster_event_sequence_for_step
    for step_event in check.generator(step_events):
  File "/usr/local/lib/python3.11/site-packages/dagster/_core/execution/plan/execute_step.py", line 494, in core_dagster_event_sequence_for_step
    for user_event in _step_output_error_checked_user_event_sequence(
  File "/usr/local/lib/python3.11/site-packages/dagster/_core/execution/plan/execute_step.py", line 183, in _step_output_error_checked_user_event_sequence
    for user_event in user_event_sequence:
  File "/usr/local/lib/python3.11/site-packages/dagster/_core/execution/plan/execute_step.py", line 88, in _process_asset_results_to_events
    for user_event in user_event_sequence:
  File "/usr/local/lib/python3.11/site-packages/dagster/_core/execution/plan/compute.py", line 198, in execute_core_compute
    for step_output in _yield_compute_results(step_context, inputs, compute_fn, compute_context):
  File "/usr/local/lib/python3.11/site-packages/dagster/_core/execution/plan/compute.py", line 167, in _yield_compute_results
    for event in iterate_with_context(
  File "/usr/local/lib/python3.11/site-packages/dagster/_utils/__init__.py", line 473, in iterate_with_context
    next_output = next(iterator)
                  ^^^^^^^^^^^^^^
  File "/dagster/pipeline.py", line 56, in dbt_models
    yield from dbt.cli(["build"], context=context).stream()
  File "/usr/local/lib/python3.11/site-packages/dagster_dbt/core/resources_v2.py", line 1147, in __next__
    return next(self._inner_iterator)
           ^^^^^^^^^^^^^^^^^^^^^^^^^^
  File "/usr/local/lib/python3.11/site-packages/dagster_dbt/core/resources_v2.py", line 619, in _stream_asset_events
    for event in self.stream_raw_events():
  File "/usr/local/lib/python3.11/site-packages/dagster_dbt/core/resources_v2.py", line 712, in stream_raw_events
    self._raise_on_error()
  File "/usr/local/lib/python3.11/site-packages/dagster_dbt/core/resources_v2.py", line 804, in _raise_on_error
    raise error

