Running with dbt=1.7.19
Registered adapter: clickhouse=1.7.7
Found 18 models, 125 tests, 10 sources, 0 exposures, 0 metrics, 545 macros, 1 group, 0 semantic models

Concurrency: 4 threads (target='dev')

1 of 143 START test source_not_null_silver_client_Code ......................... [RUN]
2 of 143 START test source_not_null_silver_client_Id ........................... [RUN]
3 of 143 START test source_not_null_silver_client_IsActive ..................... [RUN]
4 of 143 START test source_not_null_silver_client_IsBTOB ....................... [RUN]
2 of 143 PASS source_not_null_silver_client_Id ................................. [[32mPASS[0m in 0.27s]
5 of 143 START test source_not_null_silver_client_Name ......................... [RUN]
1 of 143 PASS source_not_null_silver_client_Code ............................... [[32mPASS[0m in 0.28s]
6 of 143 START test source_not_null_silver_document_Code ....................... [RUN]
3 of 143 PASS source_not_null_silver_client_IsActive ........................... [[32mPASS[0m in 0.31s]
7 of 143 START test source_not_null_silver_document_DocumentDate ............... [RUN]
4 of 143 PASS source_not_null_silver_client_IsBTOB ............................. [[32mPASS[0m in 0.36s]
8 of 143 START test source_not_null_silver_document_DocumentTypeCode ........... [RUN]
5 of 143 PASS source_not_null_silver_client_Name ............................... [[32mPASS[0m in 0.22s]
9 of 143 START test source_not_null_silver_document_Id ......................... [RUN]
7 of 143 PASS source_not_null_silver_document_DocumentDate ..................... [[32mPASS[0m in 0.21s]
6 of 143 PASS source_not_null_silver_document_Code ............................. [[32mPASS[0m in 0.24s]
10 of 143 START test source_not_null_silver_document_IdDocumentStatus .......... [RUN]
11 of 143 START test source_not_null_silver_document_IdTiers ................... [RUN]
8 of 143 PASS source_not_null_silver_document_DocumentTypeCode ................. [[32mPASS[0m in 0.20s]
12 of 143 START test source_not_null_silver_documentline_HtTotalLine ........... [RUN]
9 of 143 PASS source_not_null_silver_document_Id ............................... [[32mPASS[0m in 0.23s]
13 of 143 START test source_not_null_silver_documentline_Id .................... [RUN]
10 of 143 PASS source_not_null_silver_document_IdDocumentStatus ................ [[32mPASS[0m in 0.22s]
14 of 143 START test source_not_null_silver_documentline_IdDocument ............ [RUN]
12 of 143 PASS source_not_null_silver_documentline_HtTotalLine ................. [[32mPASS[0m in 0.27s]
15 of 143 START test source_not_null_silver_documentline_IdItem ................ [RUN]
11 of 143 PASS source_not_null_silver_document_IdTiers ......................... [[32mPASS[0m in 0.32s]
16 of 143 START test source_not_null_silver_documentline_MovementQty ........... [RUN]
13 of 143 PASS source_not_null_silver_documentline_Id .......................... [[32mPASS[0m in 0.24s]
17 of 143 START test source_not_null_silver_documentstatus_Id .................. [RUN]
14 of 143 PASS source_not_null_silver_documentline_IdDocument .................. [[32mPASS[0m in 0.26s]
18 of 143 START test source_not_null_silver_documentstatus_Label ............... [RUN]
15 of 143 PASS source_not_null_silver_documentline_IdItem ...................... [[32mPASS[0m in 0.25s]
19 of 143 START test source_not_null_silver_documenttype_Code .................. [RUN]
16 of 143 PASS source_not_null_silver_documentline_MovementQty ................. [[32mPASS[0m in 0.27s]
20 of 143 START test source_not_null_silver_documenttype_Label ................. [RUN]
17 of 143 PASS source_not_null_silver_documentstatus_Id ........................ [[32mPASS[0m in 0.26s]
21 of 143 START test source_not_null_silver_family_Code ........................ [RUN]
18 of 143 PASS source_not_null_silver_documentstatus_Label ..................... [[32mPASS[0m in 0.24s]
22 of 143 START test source_not_null_silver_family_Id .......................... [RUN]
19 of 143 PASS source_not_null_silver_documenttype_Code ........................ [[32mPASS[0m in 0.24s]
23 of 143 START test source_not_null_silver_family_Label ....................... [RUN]
20 of 143 PASS source_not_null_silver_documenttype_Label ....................... [[32mPASS[0m in 0.18s]
21 of 143 PASS source_not_null_silver_family_Code .............................. [[32mPASS[0m in 0.16s]
24 of 143 START test source_not_null_silver_geographicalarea_Id ................ [RUN]
25 of 143 START test source_not_null_silver_geographicalarea_Label ............. [RUN]
22 of 143 PASS source_not_null_silver_family_Id ................................ [[32mPASS[0m in 0.20s]
26 of 143 START test source_not_null_silver_item_Code .......................... [RUN]
23 of 143 PASS source_not_null_silver_family_Label ............................. [[32mPASS[0m in 0.21s]
27 of 143 START test source_not_null_silver_item_Id ............................ [RUN]
25 of 143 PASS source_not_null_silver_geographicalarea_Label ................... [[32mPASS[0m in 0.18s]
28 of 143 START test source_not_null_silver_item_Label ......................... [RUN]
24 of 143 PASS source_not_null_silver_geographicalarea_Id ...................... [[32mPASS[0m in 0.20s]
29 of 143 START test source_not_null_silver_productitem_Id ..................... [RUN]
26 of 143 PASS source_not_null_silver_item_Code ................................ [[32mPASS[0m in 0.20s]
30 of 143 START test source_not_null_silver_productitem_LabelProduct ........... [RUN]
27 of 143 PASS source_not_null_silver_item_Id .................................. [[32mPASS[0m in 0.20s]
31 of 143 START test source_not_null_silver_warehouse_Id ....................... [RUN]
28 of 143 PASS source_not_null_silver_item_Label ............................... [[32mPASS[0m in 0.18s]
32 of 143 START test source_not_null_silver_warehouse_WarehouseCode ............ [RUN]
29 of 143 PASS source_not_null_silver_productitem_Id ........................... [[32mPASS[0m in 0.17s]
33 of 143 START test source_not_null_silver_warehouse_WarehouseName ............ [RUN]
30 of 143 PASS source_not_null_silver_productitem_LabelProduct ................. [[32mPASS[0m in 0.18s]
34 of 143 START test source_relationships_silver_client_IdGeographicalArea__Id__source_silver_geographicalarea_  [RUN]
31 of 143 PASS source_not_null_silver_warehouse_Id ............................. [[32mPASS[0m in 0.20s]
35 of 143 START test source_relationships_silver_document_DocumentTypeCode__Code__source_silver_documenttype_  [RUN]
32 of 143 PASS source_not_null_silver_warehouse_WarehouseCode .................. [[32mPASS[0m in 0.19s]
36 of 143 START test source_relationships_silver_document_IdDocumentStatus__Id__source_silver_documentstatus_  [RUN]
33 of 143 PASS source_not_null_silver_warehouse_WarehouseName .................. [[32mPASS[0m in 0.20s]
37 of 143 START test source_relationships_silver_document_IdTiers__Id__source_silver_client_  [RUN]
34 of 143 PASS source_relationships_silver_client_IdGeographicalArea__Id__source_silver_geographicalarea_  [[32mPASS[0m in 0.27s]
38 of 143 START test source_relationships_silver_documentline_IdDocument__Id__source_silver_document_  [RUN]
35 of 143 PASS source_relationships_silver_document_DocumentTypeCode__Code__source_silver_documenttype_  [[32mPASS[0m in 0.26s]
39 of 143 START test source_relationships_silver_documentline_IdItem__Id__source_silver_item_  [RUN]
36 of 143 PASS source_relationships_silver_document_IdDocumentStatus__Id__source_silver_documentstatus_  [[32mPASS[0m in 0.31s]
40 of 143 START test source_relationships_silver_item_IdFamily__Id__source_silver_family_  [RUN]
37 of 143 WARN 1045 source_relationships_silver_document_IdTiers__Id__source_silver_client_  [[33mWARN 1045[0m in 0.35s]
41 of 143 START test source_relationships_silver_item_IdProductItem__Id__source_silver_productitem_  [RUN]
40 of 143 PASS source_relationships_silver_item_IdFamily__Id__source_silver_family_  [[32mPASS[0m in 0.24s]
42 of 143 START test source_unique_silver_client_Id ............................ [RUN]
41 of 143 WARN 1 source_relationships_silver_item_IdProductItem__Id__source_silver_productitem_  [[33mWARN 1[0m in 0.24s]
43 of 143 START test source_unique_silver_document_Id .......................... [RUN]
42 of 143 PASS source_unique_silver_client_Id .................................. [[32mPASS[0m in 0.16s]
44 of 143 START test source_unique_silver_documentline_Id ...................... [RUN]
39 of 143 WARN 100963 source_relationships_silver_documentline_IdItem__Id__source_silver_item_  [[33mWARN 100963[0m in 0.56s]
45 of 143 START test source_unique_silver_documentstatus_Id .................... [RUN]
38 of 143 WARN 381469 source_relationships_silver_documentline_IdDocument__Id__source_silver_document_  [[33mWARN 381469[0m in 0.65s]
46 of 143 START test source_unique_silver_documenttype_Code .................... [RUN]
43 of 143 PASS source_unique_silver_document_Id ................................ [[32mPASS[0m in 0.29s]
45 of 143 PASS source_unique_silver_documentstatus_Id .......................... [[32mPASS[0m in 0.16s]
47 of 143 START test source_unique_silver_family_Code .......................... [RUN]
48 of 143 START test source_unique_silver_family_Id ............................ [RUN]
46 of 143 PASS source_unique_silver_documenttype_Code .......................... [[32mPASS[0m in 0.19s]
49 of 143 START test source_unique_silver_geographicalarea_Id .................. [RUN]
47 of 143 PASS source_unique_silver_family_Code ................................ [[32mPASS[0m in 0.15s]
50 of 143 START test source_unique_silver_item_Id .............................. [RUN]
48 of 143 PASS source_unique_silver_family_Id .................................. [[32mPASS[0m in 0.19s]
51 of 143 START test source_unique_silver_productitem_Id ....................... [RUN]
44 of 143 PASS source_unique_silver_documentline_Id ............................ [[32mPASS[0m in 0.50s]
49 of 143 PASS source_unique_silver_geographicalarea_Id ........................ [[32mPASS[0m in 0.18s]
52 of 143 START test source_unique_silver_warehouse_Id ......................... [RUN]
53 of 143 START test source_unique_silver_warehouse_WarehouseCode .............. [RUN]
51 of 143 PASS source_unique_silver_productitem_Id ............................. [[32mPASS[0m in 0.22s]
50 of 143 PASS source_unique_silver_item_Id .................................... [[32mPASS[0m in 0.27s]
54 of 143 START sql view model `gold`.`stg_client` ............................. [RUN]
55 of 143 START sql view model `gold`.`stg_document` ........................... [RUN]
53 of 143 PASS source_unique_silver_warehouse_WarehouseCode .................... [[32mPASS[0m in 0.26s]
52 of 143 PASS source_unique_silver_warehouse_Id ............................... [[32mPASS[0m in 0.36s]
56 of 143 START sql view model `gold`.`stg_document_status` .................... [RUN]
57 of 143 START sql view model `gold`.`stg_document_type` ...................... [RUN]
55 of 143 OK created sql view model `gold`.`stg_document` ...................... [[32mOK[0m in 0.29s]
54 of 143 OK created sql view model `gold`.`stg_client` ........................ [[32mOK[0m in 0.30s]
58 of 143 START sql view model `gold`.`stg_family` ............................. [RUN]
59 of 143 START sql view model `gold`.`stg_document_line` ...................... [RUN]
56 of 143 OK created sql view model `gold`.`stg_document_status` ............... [[32mOK[0m in 0.19s]
57 of 143 OK created sql view model `gold`.`stg_document_type` ................. [[32mOK[0m in 0.18s]
60 of 143 START sql view model `gold`.`stg_geographical_area` .................. [RUN]
61 of 143 START sql view model `gold`.`stg_product_item` ....................... [RUN]
59 of 143 OK created sql view model `gold`.`stg_document_line` ................. [[32mOK[0m in 0.16s]
58 of 143 OK created sql view model `gold`.`stg_family` ........................ [[32mOK[0m in 0.18s]
62 of 143 START sql view model `gold`.`stg_item` ............................... [RUN]
63 of 143 START sql view model `gold`.`stg_warehouse` .......................... [RUN]
60 of 143 OK created sql view model `gold`.`stg_geographical_area` ............. [[32mOK[0m in 0.17s]
61 of 143 OK created sql view model `gold`.`stg_product_item` .................. [[32mOK[0m in 0.16s]
64 of 143 START sql table model `gold`.`dim_date` .............................. [RUN]
65 of 143 START sql table model `gold`.`dim_client` ............................ [RUN]
62 of 143 OK created sql view model `gold`.`stg_item` .......................... [[32mOK[0m in 0.16s]
63 of 143 OK created sql view model `gold`.`stg_warehouse` ..................... [[32mOK[0m in 0.16s]
66 of 143 START sql table model `gold`.`dim_document_status` ................... [RUN]
67 of 143 START sql table model `gold`.`dim_document_type` ..................... [RUN]
65 of 143 OK created sql table model `gold`.`dim_client` ....................... [[32mOK[0m in 0.30s]
68 of 143 START test assert_no_orphan_lines_in_fact ............................ [RUN]
64 of 143 OK created sql table model `gold`.`dim_date` ......................... [[32mOK[0m in 0.38s]
66 of 143 OK created sql table model `gold`.`dim_document_status` .............. [[32mOK[0m in 0.27s]
67 of 143 OK created sql table model `gold`.`dim_document_type` ................ [[32mOK[0m in 0.27s]
69 of 143 START sql table model `gold`.`dim_geographical_area` ................. [RUN]
70 of 143 START sql table model `gold`.`dim_item` .............................. [RUN]
71 of 143 START sql table model `gold`.`dim_warehouse` ......................... [RUN]
69 of 143 OK created sql table model `gold`.`dim_geographical_area` ............ [[32mOK[0m in 0.17s]
71 of 143 OK created sql table model `gold`.`dim_warehouse` .................... [[32mOK[0m in 0.17s]
72 of 143 START test accepted_values_dim_client_IsActive__0__1 ................. [RUN]
73 of 143 START test accepted_values_dim_client_IsBTOB__0__1 ................... [RUN]
70 of 143 OK created sql table model `gold`.`dim_item` ......................... [[32mOK[0m in 0.41s]
74 of 143 START test not_null_dim_client_ClientBK .............................. [RUN]
72 of 143 PASS accepted_values_dim_client_IsActive__0__1 ....................... [[32mPASS[0m in 0.25s]
75 of 143 START test not_null_dim_client_ClientCode ............................ [RUN]
73 of 143 PASS accepted_values_dim_client_IsBTOB__0__1 ......................... [[32mPASS[0m in 0.26s]
76 of 143 START test not_null_dim_client_ClientName ............................ [RUN]
68 of 143 FAIL 381469 assert_no_orphan_lines_in_fact ........................... [[31mFAIL 381469[0m in 0.60s]
77 of 143 START test not_null_dim_client_ClientSK .............................. [RUN]
74 of 143 PASS not_null_dim_client_ClientBK .................................... [[32mPASS[0m in 0.19s]
75 of 143 PASS not_null_dim_client_ClientCode .................................. [[32mPASS[0m in 0.18s]
76 of 143 PASS not_null_dim_client_ClientName .................................. [[32mPASS[0m in 0.17s]
78 of 143 START test not_null_dim_client_IsActive .............................. [RUN]
79 of 143 START test not_null_dim_client_IsBTOB ................................ [RUN]
80 of 143 START test unique_dim_client_ClientBK ................................ [RUN]
77 of 143 PASS not_null_dim_client_ClientSK .................................... [[32mPASS[0m in 0.21s]
81 of 143 START test unique_dim_client_ClientSK ................................ [RUN]
79 of 143 PASS not_null_dim_client_IsBTOB ...................................... [[32mPASS[0m in 0.19s]
78 of 143 PASS not_null_dim_client_IsActive .................................... [[32mPASS[0m in 0.22s]
80 of 143 PASS unique_dim_client_ClientBK ...................................... [[32mPASS[0m in 0.21s]
82 of 143 START test accepted_values_dim_date_DayName__Lundi__Mardi__Mercredi__Jeudi__Vendredi__Samedi__Dimanche  [RUN]
83 of 143 START test accepted_values_dim_date_MonthName__Janvier__F_vrier__Mars__Avril__Mai__Juin__Juillet__Ao_t__Septembre__Octobre__Novembre__D_cembre  [RUN]
84 of 143 START test dbt_utils_accepted_range_dim_date_Day__31__1 .............. [RUN]
81 of 143 PASS unique_dim_client_ClientSK ...................................... [[32mPASS[0m in 0.35s]
85 of 143 START test dbt_utils_accepted_range_dim_date_Month__12__1 ............ [RUN]
82 of 143 PASS accepted_values_dim_date_DayName__Lundi__Mardi__Mercredi__Jeudi__Vendredi__Samedi__Dimanche  [[32mPASS[0m in 0.37s]
86 of 143 START test dbt_utils_accepted_range_dim_date_Quarter__4__1 ........... [RUN]
84 of 143 PASS dbt_utils_accepted_range_dim_date_Day__31__1 .................... [[32mPASS[0m in 0.39s]
83 of 143 PASS accepted_values_dim_date_MonthName__Janvier__F_vrier__Mars__Avril__Mai__Juin__Juillet__Ao_t__Septembre__Octobre__Novembre__D_cembre  [[32mPASS[0m in 0.41s]
87 of 143 START test dbt_utils_accepted_range_dim_date_Year__2027__2000 ........ [RUN]
88 of 143 START test not_null_dim_date_DateBK .................................. [RUN]
85 of 143 PASS dbt_utils_accepted_range_dim_date_Month__12__1 .................. [[32mPASS[0m in 0.20s]
89 of 143 START test not_null_dim_date_DateSK .................................. [RUN]
86 of 143 PASS dbt_utils_accepted_range_dim_date_Quarter__4__1 ................. [[32mPASS[0m in 0.27s]
90 of 143 START test not_null_dim_date_Day ..................................... [RUN]
87 of 143 PASS dbt_utils_accepted_range_dim_date_Year__2027__2000 .............. [[32mPASS[0m in 0.37s]
88 of 143 PASS not_null_dim_date_DateBK ........................................ [[32mPASS[0m in 0.38s]
91 of 143 START test not_null_dim_date_DayName ................................. [RUN]
92 of 143 START test not_null_dim_date_Month ................................... [RUN]
89 of 143 PASS not_null_dim_date_DateSK ........................................ [[32mPASS[0m in 0.38s]
93 of 143 START test not_null_dim_date_MonthName ............................... [RUN]
90 of 143 PASS not_null_dim_date_Day ........................................... [[32mPASS[0m in 0.27s]
94 of 143 START test not_null_dim_date_Quarter ................................. [RUN]
91 of 143 PASS not_null_dim_date_DayName ....................................... [[32mPASS[0m in 0.21s]
92 of 143 PASS not_null_dim_date_Month ......................................... [[32mPASS[0m in 0.21s]
95 of 143 START test not_null_dim_date_Year .................................... [RUN]
96 of 143 START test unique_dim_date_DateBK .................................... [RUN]
93 of 143 PASS not_null_dim_date_MonthName ..................................... [[32mPASS[0m in 0.21s]
97 of 143 START test unique_dim_date_DateSK .................................... [RUN]
94 of 143 PASS not_null_dim_date_Quarter ....................................... [[32mPASS[0m in 0.27s]
98 of 143 START test not_null_dim_document_status_DocumentStatusBK ............. [RUN]
96 of 143 PASS unique_dim_date_DateBK .......................................... [[32mPASS[0m in 0.32s]
95 of 143 PASS not_null_dim_date_Year .......................................... [[32mPASS[0m in 0.32s]
99 of 143 START test not_null_dim_document_status_DocumentStatusLabel .......... [RUN]
100 of 143 START test not_null_dim_document_status_DocumentStatusSK ............ [RUN]
97 of 143 PASS unique_dim_date_DateSK .......................................... [[32mPASS[0m in 0.29s]
101 of 143 START test unique_dim_document_status_DocumentStatusBK .............. [RUN]
98 of 143 PASS not_null_dim_document_status_DocumentStatusBK ................... [[32mPASS[0m in 0.21s]
102 of 143 START test unique_dim_document_status_DocumentStatusSK .............. [RUN]
100 of 143 PASS not_null_dim_document_status_DocumentStatusSK .................. [[32mPASS[0m in 0.19s]
99 of 143 PASS not_null_dim_document_status_DocumentStatusLabel ................ [[32mPASS[0m in 0.20s]
103 of 143 START test not_null_dim_document_type_DocumentTypeBK ................ [RUN]
104 of 143 START test not_null_dim_document_type_DocumentTypeLabel ............. [RUN]
101 of 143 PASS unique_dim_document_status_DocumentStatusBK .................... [[32mPASS[0m in 0.30s]
105 of 143 START test not_null_dim_document_type_DocumentTypeSK ................ [RUN]
102 of 143 PASS unique_dim_document_status_DocumentStatusSK .................... [[32mPASS[0m in 0.30s]
106 of 143 START test unique_dim_document_type_DocumentTypeBK .................. [RUN]
103 of 143 PASS not_null_dim_document_type_DocumentTypeBK ...................... [[32mPASS[0m in 0.23s]
104 of 143 PASS not_null_dim_document_type_DocumentTypeLabel ................... [[32mPASS[0m in 0.24s]
107 of 143 START test unique_dim_document_type_DocumentTypeSK .................. [RUN]
108 of 143 START test not_null_dim_geographical_area_GeographicalAreaBK ........ [RUN]
105 of 143 PASS not_null_dim_document_type_DocumentTypeSK ...................... [[32mPASS[0m in 0.21s]
109 of 143 START test not_null_dim_geographical_area_GeographicalAreaLabel ..... [RUN]
106 of 143 PASS unique_dim_document_type_DocumentTypeBK ........................ [[32mPASS[0m in 0.21s]
110 of 143 START test not_null_dim_geographical_area_GeographicalAreaSK ........ [RUN]
107 of 143 PASS unique_dim_document_type_DocumentTypeSK ........................ [[32mPASS[0m in 0.19s]
108 of 143 PASS not_null_dim_geographical_area_GeographicalAreaBK .............. [[32mPASS[0m in 0.18s]
111 of 143 START test unique_dim_geographical_area_GeographicalAreaBK .......... [RUN]
112 of 143 START test unique_dim_geographical_area_GeographicalAreaSK .......... [RUN]
109 of 143 PASS not_null_dim_geographical_area_GeographicalAreaLabel ........... [[32mPASS[0m in 0.27s]
113 of 143 START test not_null_dim_warehouse_WarehouseBK ....................... [RUN]
110 of 143 PASS not_null_dim_geographical_area_GeographicalAreaSK .............. [[32mPASS[0m in 0.29s]
111 of 143 PASS unique_dim_geographical_area_GeographicalAreaBK ................ [[32mPASS[0m in 0.25s]
114 of 143 START test not_null_dim_warehouse_WarehouseCode ..................... [RUN]
115 of 143 START test not_null_dim_warehouse_WarehouseName ..................... [RUN]
112 of 143 PASS unique_dim_geographical_area_GeographicalAreaSK ................ [[32mPASS[0m in 0.28s]
116 of 143 START test not_null_dim_warehouse_WarehouseSK ....................... [RUN]
113 of 143 PASS not_null_dim_warehouse_WarehouseBK ............................. [[32mPASS[0m in 0.28s]
117 of 143 START test unique_dim_warehouse_WarehouseBK ......................... [RUN]
114 of 143 PASS not_null_dim_warehouse_WarehouseCode ........................... [[32mPASS[0m in 0.31s]
115 of 143 PASS not_null_dim_warehouse_WarehouseName ........................... [[32mPASS[0m in 0.32s]
116 of 143 PASS not_null_dim_warehouse_WarehouseSK ............................. [[32mPASS[0m in 0.30s]
118 of 143 START test unique_dim_warehouse_WarehouseSK ......................... [RUN]
119 of 143 START test not_null_dim_item_ItemBK ................................. [RUN]
120 of 143 START test not_null_dim_item_ItemCode ............................... [RUN]
117 of 143 PASS unique_dim_warehouse_WarehouseBK ............................... [[32mPASS[0m in 0.22s]
121 of 143 START test not_null_dim_item_ItemLabel .............................. [RUN]
119 of 143 PASS not_null_dim_item_ItemBK ....................................... [[32mPASS[0m in 0.17s]
118 of 143 PASS unique_dim_warehouse_WarehouseSK ............................... [[32mPASS[0m in 0.18s]
122 of 143 START test not_null_dim_item_ItemSK ................................. [RUN]
120 of 143 PASS not_null_dim_item_ItemCode ..................................... [[32mPASS[0m in 0.18s]
123 of 143 START test unique_dim_item_ItemBK ................................... [RUN]
124 of 143 START test unique_dim_item_ItemSK ................................... [RUN]
121 of 143 PASS not_null_dim_item_ItemLabel .................................... [[32mPASS[0m in 0.20s]
122 of 143 PASS not_null_dim_item_ItemSK ....................................... [[32mPASS[0m in 0.19s]
124 of 143 PASS unique_dim_item_ItemSK ......................................... [[32mPASS[0m in 0.17s]
123 of 143 PASS unique_dim_item_ItemBK ......................................... [[32mPASS[0m in 0.21s]
125 of 143 SKIP relation gold.fact_sales ....................................... [[33mSKIP[0m]
126 of 143 SKIP test assert_fact_sales_date_range .............................. [[33mSKIP[0m]
127 of 143 SKIP test assert_fact_sales_discount_coherence ...................... [[33mSKIP[0m]
128 of 143 SKIP test assert_fact_sales_no_negative_priceTT ..................... [[33mSKIP[0m]
129 of 143 SKIP test not_null_fact_sales_ClientSK .............................. [[33mSKIP[0m]
130 of 143 SKIP test not_null_fact_sales_DateSK ................................ [[33mSKIP[0m]
131 of 143 SKIP test not_null_fact_sales_DocumentCode .......................... [[33mSKIP[0m]
132 of 143 SKIP test not_null_fact_sales_DocumentStatusSK ...................... [[33mSKIP[0m]
133 of 143 SKIP test not_null_fact_sales_DocumentTypeSK ........................ [[33mSKIP[0m]
134 of 143 SKIP test not_null_fact_sales_GeographicalAreaSK .................... [[33mSKIP[0m]
135 of 143 SKIP test not_null_fact_sales_ItemSK ................................ [[33mSKIP[0m]
136 of 143 SKIP test not_null_fact_sales_LinePrice ............................. [[33mSKIP[0m]
137 of 143 SKIP test not_null_fact_sales_Quantity .............................. [[33mSKIP[0m]
138 of 143 SKIP test relationships_fact_sales_ClientSK__ClientSK__ref_dim_client_  [[33mSKIP[0m]
139 of 143 SKIP test relationships_fact_sales_DateSK__DateSK__ref_dim_date_ .... [[33mSKIP[0m]
140 of 143 SKIP test relationships_fact_sales_DocumentStatusSK__DocumentStatusSK__ref_dim_document_status_  [[33mSKIP[0m]
141 of 143 SKIP test relationships_fact_sales_DocumentTypeSK__DocumentTypeSK__ref_dim_document_type_  [[33mSKIP[0m]
143 of 143 SKIP test relationships_fact_sales_ItemSK__ItemSK__ref_dim_item_ .... [[33mSKIP[0m]
142 of 143 SKIP test relationships_fact_sales_GeographicalAreaSK__GeographicalAreaSK__ref_dim_geographical_area_  [[33mSKIP[0m]

Finished running 125 tests, 10 view models, 8 table models in 0 hours 0 minutes and 8.88 seconds (8.88s).

[31mCompleted with 1 error and 4 warnings:[0m

[31mFailure in test assert_no_orphan_lines_in_fact (tests/assert_no_orphan_lines_in_fact.sql)[0m
  Got 381469 results, configured to fail if != 0

  compiled Code at target/dbt_models-8bb0bab-ef248a0/compiled/sagap/tests/assert_no_orphan_lines_in_fact.sql

  See test failures:
  -------------------------------------------------------------------
  select * from `gold_test_failures`.`assert_no_orphan_lines_in_fact`
  -------------------------------------------------------------------

[33mWarning in test source_relationships_silver_document_IdTiers__Id__source_silver_client_ (models/staging/source.yml)[0m
Got 1045 results, configured to warn if != 0

  compiled Code at target/dbt_models-8bb0bab-ef248a0/compiled/sagap/models/staging/source.yml/source_relationships_silver_do_2e8834d60884878f25ac5f9cd4a17b80.sql

  See test failures:
  ----------------------------------------------------------------------------------------------------
  select * from `gold_test_failures`.`source_relationships_silver_do_2e8834d60884878f25ac5f9cd4a17b80`
  ----------------------------------------------------------------------------------------------------

[33mWarning in test source_relationships_silver_item_IdProductItem__Id__source_silver_productitem_ (models/staging/source.yml)[0m
Got 1 result, configured to warn if != 0

  compiled Code at target/dbt_models-8bb0bab-ef248a0/compiled/sagap/models/staging/source.yml/source_relationships_silver_it_5c7e49c224b9c45548d2f9a277ad1921.sql

  See test failures:
  ----------------------------------------------------------------------------------------------------
  select * from `gold_test_failures`.`source_relationships_silver_it_5c7e49c224b9c45548d2f9a277ad1921`
  ----------------------------------------------------------------------------------------------------

[33mWarning in test source_relationships_silver_documentline_IdItem__Id__source_silver_item_ (models/staging/source.yml)[0m
Got 100963 results, configured to warn if != 0

  compiled Code at target/dbt_models-8bb0bab-ef248a0/compiled/sagap/models/staging/source.yml/source_relationships_silver_do_ee947601d5bb061442b040dea9b2f2f9.sql

  See test failures:
  ----------------------------------------------------------------------------------------------------
  select * from `gold_test_failures`.`source_relationships_silver_do_ee947601d5bb061442b040dea9b2f2f9`
  ----------------------------------------------------------------------------------------------------

[33mWarning in test source_relationships_silver_documentline_IdDocument__Id__source_silver_document_ (models/staging/source.yml)[0m
Got 381469 results, configured to warn if != 0

  compiled Code at target/dbt_models-8bb0bab-ef248a0/compiled/sagap/models/staging/source.yml/source_relationships_silver_do_28db1d29da57c4a7a4eb5c07f96dbc02.sql

  See test failures:
  ----------------------------------------------------------------------------------------------------
  select * from `gold_test_failures`.`source_relationships_silver_do_28db1d29da57c4a7a4eb5c07f96dbc02`
  ----------------------------------------------------------------------------------------------------

Done. PASS=119 WARN=4 ERROR=1 SKIP=19 TOTAL=143
