2026-04-16 08:04:09 +0000 - dagster - DEBUG - __ASSET_JOB - 6e3069e9-7912-44ee-a1e5-a3843565fb81 - 64447 - LOGS_CAPTURED - Started capturing logs in process (pid: 64447).
2026-04-16 08:04:09 +0000 - dagster - DEBUG - __ASSET_JOB - 6e3069e9-7912-44ee-a1e5-a3843565fb81 - 64447 - dbt_staging - STEP_START - Started execution of step "dbt_staging".
2026-04-16 08:04:09 +0000 - dagster - INFO - __ASSET_JOB - 6e3069e9-7912-44ee-a1e5-a3843565fb81 - dbt_staging - Lancement dbt run --select staging...
2026-04-16 08:04:12 +0000 - dagster - INFO - __ASSET_JOB - 6e3069e9-7912-44ee-a1e5-a3843565fb81 - dbt_staging - [0m08:04:10  Running with dbt=1.7.19
2026-04-16 08:04:12 +0000 - dagster - INFO - __ASSET_JOB - 6e3069e9-7912-44ee-a1e5-a3843565fb81 - dbt_staging - [0m08:04:11  Encountered an error:
2026-04-16 08:04:12 +0000 - dagster - INFO - __ASSET_JOB - 6e3069e9-7912-44ee-a1e5-a3843565fb81 - dbt_staging - Runtime Error
2026-04-16 08:04:12 +0000 - dagster - INFO - __ASSET_JOB - 6e3069e9-7912-44ee-a1e5-a3843565fb81 - dbt_staging -   at path []: Additional properties are not allowed ('data_tests' was unexpected)
2026-04-16 08:04:13 +0000 - dagster - INFO - __ASSET_JOB - 6e3069e9-7912-44ee-a1e5-a3843565fb81 - dbt_staging
2026-04-16 08:04:13 +0000 - dagster - INFO - __ASSET_JOB - 6e3069e9-7912-44ee-a1e5-a3843565fb81 - dbt_staging - Error encountered in /dbt/dbt_project.yml
2026-04-16 08:04:13 +0000 - dagster - ERROR - __ASSET_JOB - 6e3069e9-7912-44ee-a1e5-a3843565fb81 - 64447 - dbt_staging - STEP_FAILURE - Execution of step "dbt_staging" failed.

dagster._core.errors.DagsterExecutionStepExecutionError: Error occurred while executing op "dbt_staging"::

Exception: dbt staging failed - voir logs ci-dessus

Stack Trace:
  File "/usr/local/lib/python3.11/site-packages/dagster/_core/execution/plan/utils.py", line 54, in op_execution_error_boundary
    yield
  File "/usr/local/lib/python3.11/site-packages/dagster/_utils/__init__.py", line 473, in iterate_with_context
    next_output = next(iterator)
                  ^^^^^^^^^^^^^^
  File "/usr/local/lib/python3.11/site-packages/dagster/_core/execution/plan/compute_generator.py", line 141, in _coerce_op_compute_fn_to_iterator
    result = invoke_compute_fn(
             ^^^^^^^^^^^^^^^^^^
  File "/usr/local/lib/python3.11/site-packages/dagster/_core/execution/plan/compute_generator.py", line 129, in invoke_compute_fn
    return fn(context, **args_to_pass) if context_arg_provided else fn(**args_to_pass)
           ^^^^^^^^^^^^^^^^^^^^^^^^^^^
  File "/dagster/pipeline.py", line 208, in dbt_staging
    raise Exception("dbt staging failed - voir logs ci-dessus")

