2026-04-16 08:15:54 +0000 - dagster - DEBUG - __ASSET_JOB - beaa112c-0824-4121-9518-aa1a1e8582aa - 3954 - LOGS_CAPTURED - Started capturing logs in process (pid: 3954).
2026-04-16 08:15:54 +0000 - dagster - DEBUG - __ASSET_JOB - beaa112c-0824-4121-9518-aa1a1e8582aa - 3954 - dbt_marts - STEP_START - Started execution of step "dbt_marts".
2026-04-16 08:15:54 +0000 - dagster - INFO - __ASSET_JOB - beaa112c-0824-4121-9518-aa1a1e8582aa - dbt_marts - Lancement dbt run --select marts...
2026-04-16 08:16:07 +0000 - dagster - INFO - __ASSET_JOB - beaa112c-0824-4121-9518-aa1a1e8582aa - dbt_marts - [0m08:15:55  Running with dbt=1.7.19
2026-04-16 08:16:07 +0000 - dagster - INFO - __ASSET_JOB - beaa112c-0824-4121-9518-aa1a1e8582aa - dbt_marts - [0m08:15:55  Registered adapter: clickhouse=1.7.7
2026-04-16 08:16:07 +0000 - dagster - INFO - __ASSET_JOB - beaa112c-0824-4121-9518-aa1a1e8582aa - dbt_marts - [0m08:15:56  Found 18 models, 137 tests, 10 sources, 0 exposures, 0 metrics, 545 macros, 1 group, 0 semantic models
2026-04-16 08:16:07 +0000 - dagster - INFO - __ASSET_JOB - beaa112c-0824-4121-9518-aa1a1e8582aa - dbt_marts - [0m08:15:56  
2026-04-16 08:16:08 +0000 - dagster - INFO - __ASSET_JOB - beaa112c-0824-4121-9518-aa1a1e8582aa - dbt_marts - [0m08:15:56  Concurrency: 4 threads (target='dev')
2026-04-16 08:16:08 +0000 - dagster - INFO - __ASSET_JOB - beaa112c-0824-4121-9518-aa1a1e8582aa - dbt_marts - [0m08:15:56  
2026-04-16 08:16:08 +0000 - dagster - INFO - __ASSET_JOB - beaa112c-0824-4121-9518-aa1a1e8582aa - dbt_marts - [0m08:15:56  1 of 8 START sql table model `gold`.`dim_client` ............................... [RUN]
2026-04-16 08:16:08 +0000 - dagster - INFO - __ASSET_JOB - beaa112c-0824-4121-9518-aa1a1e8582aa - dbt_marts - [0m08:15:56  2 of 8 START sql table model `gold`.`dim_date` ................................. [RUN]
2026-04-16 08:16:08 +0000 - dagster - INFO - __ASSET_JOB - beaa112c-0824-4121-9518-aa1a1e8582aa - dbt_marts - [0m08:15:56  3 of 8 START sql table model `gold`.`dim_document_status` ...................... [RUN]
2026-04-16 08:16:08 +0000 - dagster - INFO - __ASSET_JOB - beaa112c-0824-4121-9518-aa1a1e8582aa - dbt_marts - [0m08:15:56  4 of 8 START sql table model `gold`.`dim_document_type` ........................ [RUN]
2026-04-16 08:16:08 +0000 - dagster - INFO - __ASSET_JOB - beaa112c-0824-4121-9518-aa1a1e8582aa - dbt_marts - [0m08:15:56  1 of 8 OK created sql table model `gold`.`dim_client` .......................... [[32mOK[0m in 0.21s]
2026-04-16 08:16:08 +0000 - dagster - INFO - __ASSET_JOB - beaa112c-0824-4121-9518-aa1a1e8582aa - dbt_marts - [0m08:15:56  5 of 8 START sql table model `gold`.`dim_geographical_area` .................... [RUN]
2026-04-16 08:16:08 +0000 - dagster - INFO - __ASSET_JOB - beaa112c-0824-4121-9518-aa1a1e8582aa - dbt_marts - [0m08:15:56  4 of 8 OK created sql table model `gold`.`dim_document_type` ................... [[32mOK[0m in 0.23s]
2026-04-16 08:16:08 +0000 - dagster - INFO - __ASSET_JOB - beaa112c-0824-4121-9518-aa1a1e8582aa - dbt_marts - [0m08:15:56  6 of 8 START sql table model `gold`.`dim_item` ................................. [RUN]
2026-04-16 08:16:08 +0000 - dagster - INFO - __ASSET_JOB - beaa112c-0824-4121-9518-aa1a1e8582aa - dbt_marts - [0m08:15:56  2 of 8 OK created sql table model `gold`.`dim_date` ............................ [[32mOK[0m in 0.33s]
2026-04-16 08:16:08 +0000 - dagster - INFO - __ASSET_JOB - beaa112c-0824-4121-9518-aa1a1e8582aa - dbt_marts - [0m08:15:56  7 of 8 START sql table model `gold`.`dim_warehouse` ............................ [RUN]
2026-04-16 08:16:08 +0000 - dagster - INFO - __ASSET_JOB - beaa112c-0824-4121-9518-aa1a1e8582aa - dbt_marts - [0m08:15:57  5 of 8 OK created sql table model `gold`.`dim_geographical_area` ............... [[32mOK[0m in 0.22s]
2026-04-16 08:16:08 +0000 - dagster - INFO - __ASSET_JOB - beaa112c-0824-4121-9518-aa1a1e8582aa - dbt_marts - [0m08:15:57  3 of 8 OK created sql table model `gold`.`dim_document_status` ................. [[32mOK[0m in 0.44s]
2026-04-16 08:16:08 +0000 - dagster - INFO - __ASSET_JOB - beaa112c-0824-4121-9518-aa1a1e8582aa - dbt_marts - [0m08:15:57  7 of 8 OK created sql table model `gold`.`dim_warehouse` ....................... [[32mOK[0m in 0.11s]
2026-04-16 08:16:08 +0000 - dagster - INFO - __ASSET_JOB - beaa112c-0824-4121-9518-aa1a1e8582aa - dbt_marts - [0m08:15:57  6 of 8 OK created sql table model `gold`.`dim_item` ............................ [[32mOK[0m in 0.25s]
2026-04-16 08:16:08 +0000 - dagster - INFO - __ASSET_JOB - beaa112c-0824-4121-9518-aa1a1e8582aa - dbt_marts - [0m08:15:57  8 of 8 START sql table model `gold`.`fact_sales` ............................... [RUN]
2026-04-16 08:16:08 +0000 - dagster - INFO - __ASSET_JOB - beaa112c-0824-4121-9518-aa1a1e8582aa - dbt_marts - [0m08:15:59  8 of 8 OK created sql table model `gold`.`fact_sales` .......................... [[32mOK[0m in 2.66s]
2026-04-16 08:16:08 +0000 - dagster - INFO - __ASSET_JOB - beaa112c-0824-4121-9518-aa1a1e8582aa - dbt_marts - [0m08:15:59  
2026-04-16 08:16:08 +0000 - dagster - INFO - __ASSET_JOB - beaa112c-0824-4121-9518-aa1a1e8582aa - dbt_marts - [0m08:15:59  Finished running 8 table models in 0 hours 0 minutes and 3.28 seconds (3.28s).
2026-04-16 08:16:08 +0000 - dagster - INFO - __ASSET_JOB - beaa112c-0824-4121-9518-aa1a1e8582aa - dbt_marts - [0m08:15:59  
2026-04-16 08:16:08 +0000 - dagster - INFO - __ASSET_JOB - beaa112c-0824-4121-9518-aa1a1e8582aa - dbt_marts - [0m08:15:59  [32mCompleted successfully[0m
2026-04-16 08:16:08 +0000 - dagster - INFO - __ASSET_JOB - beaa112c-0824-4121-9518-aa1a1e8582aa - dbt_marts - [0m08:15:59  
2026-04-16 08:16:08 +0000 - dagster - INFO - __ASSET_JOB - beaa112c-0824-4121-9518-aa1a1e8582aa - dbt_marts - [0m08:15:59  Done. PASS=8 WARN=0 ERROR=0 SKIP=0 TOTAL=8
2026-04-16 08:16:08 +0000 - dagster - INFO - __ASSET_JOB - beaa112c-0824-4121-9518-aa1a1e8582aa - dbt_marts - dbt marts termine avec succes.
2026-04-16 08:16:08 +0000 - dagster - DEBUG - __ASSET_JOB - beaa112c-0824-4121-9518-aa1a1e8582aa - 3954 - dbt_marts - STEP_OUTPUT - Yielded output "result" of type "Any". (Type check passed).
2026-04-16 08:16:08 +0000 - dagster - DEBUG - __ASSET_JOB - beaa112c-0824-4121-9518-aa1a1e8582aa - dbt_marts - Writing file at: /dagster/storage/dbt_marts using PickledObjectFilesystemIOManager...
2026-04-16 08:16:08 +0000 - dagster - DEBUG - __ASSET_JOB - beaa112c-0824-4121-9518-aa1a1e8582aa - 3954 - dbt_marts - ASSET_MATERIALIZATION - Materialized value dbt_marts.
2026-04-16 08:16:08 +0000 - dagster - DEBUG - __ASSET_JOB - beaa112c-0824-4121-9518-aa1a1e8582aa - 3954 - dbt_marts - HANDLED_OUTPUT - Handled output "result" using IO manager "io_manager"
2026-04-16 08:16:08 +0000 - dagster - DEBUG - __ASSET_JOB - beaa112c-0824-4121-9518-aa1a1e8582aa - 3954 - dbt_marts - STEP_SUCCESS - Finished execution of step "dbt_marts" in 14.04s.
