2026-04-14 14:00:06 +0000 - dagster - DEBUG - full_pipeline - e7ed9ffb-2d78-4155-bdca-82a26891b98c - 7690 - LOGS_CAPTURED - Started capturing logs in process (pid: 7690).
2026-04-14 14:00:06 +0000 - dagster - DEBUG - full_pipeline - e7ed9ffb-2d78-4155-bdca-82a26891b98c - 7690 - airbyte_sync - STEP_START - Started execution of step "airbyte_sync".
2026-04-14 14:00:06 +0000 - dagster - INFO - full_pipeline - e7ed9ffb-2d78-4155-bdca-82a26891b98c - airbyte_sync - Obtention du token OAuth2 Airbyte...
2026-04-14 14:00:07 +0000 - dagster - INFO - full_pipeline - e7ed9ffb-2d78-4155-bdca-82a26891b98c - airbyte_sync - Token OAuth2 obtenu.
2026-04-14 14:00:07 +0000 - dagster - INFO - full_pipeline - e7ed9ffb-2d78-4155-bdca-82a26891b98c - airbyte_sync - Déclenchement sync Airbyte connection_id=012ac2da-0a87-4781-8930-2f3fa69063c5...
2026-04-14 14:00:09 +0000 - dagster - INFO - full_pipeline - e7ed9ffb-2d78-4155-bdca-82a26891b98c - airbyte_sync - Sync déclenchée — job_id=44
2026-04-14 14:00:19 +0000 - dagster - INFO - full_pipeline - e7ed9ffb-2d78-4155-bdca-82a26891b98c - airbyte_sync - [1/360] Airbyte job status: running
2026-04-14 14:00:29 +0000 - dagster - INFO - full_pipeline - e7ed9ffb-2d78-4155-bdca-82a26891b98c - airbyte_sync - [2/360] Airbyte job status: running
2026-04-14 14:00:39 +0000 - dagster - INFO - full_pipeline - e7ed9ffb-2d78-4155-bdca-82a26891b98c - airbyte_sync - [3/360] Airbyte job status: running
2026-04-14 14:00:49 +0000 - dagster - INFO - full_pipeline - e7ed9ffb-2d78-4155-bdca-82a26891b98c - airbyte_sync - [4/360] Airbyte job status: running
2026-04-14 14:00:59 +0000 - dagster - INFO - full_pipeline - e7ed9ffb-2d78-4155-bdca-82a26891b98c - airbyte_sync - [5/360] Airbyte job status: running
2026-04-14 14:01:09 +0000 - dagster - INFO - full_pipeline - e7ed9ffb-2d78-4155-bdca-82a26891b98c - airbyte_sync - [6/360] Airbyte job status: running
2026-04-14 14:01:19 +0000 - dagster - INFO - full_pipeline - e7ed9ffb-2d78-4155-bdca-82a26891b98c - airbyte_sync - [7/360] Airbyte job status: running
2026-04-14 14:01:29 +0000 - dagster - INFO - full_pipeline - e7ed9ffb-2d78-4155-bdca-82a26891b98c - airbyte_sync - [8/360] Airbyte job status: succeeded
2026-04-14 14:01:29 +0000 - dagster - INFO - full_pipeline - e7ed9ffb-2d78-4155-bdca-82a26891b98c - airbyte_sync - Sync Airbyte terminée avec succès.
2026-04-14 14:01:29 +0000 - dagster - DEBUG - full_pipeline - e7ed9ffb-2d78-4155-bdca-82a26891b98c - 7690 - airbyte_sync - STEP_OUTPUT - Yielded output "result" of type "Any". (Type check passed).
2026-04-14 14:01:29 +0000 - dagster - DEBUG - full_pipeline - e7ed9ffb-2d78-4155-bdca-82a26891b98c - airbyte_sync - Writing file at: /dagster/storage/airbyte_sync using PickledObjectFilesystemIOManager...
2026-04-14 14:01:29 +0000 - dagster - DEBUG - full_pipeline - e7ed9ffb-2d78-4155-bdca-82a26891b98c - 7690 - airbyte_sync - ASSET_MATERIALIZATION - Materialized value airbyte_sync.
2026-04-14 14:01:29 +0000 - dagster - DEBUG - full_pipeline - e7ed9ffb-2d78-4155-bdca-82a26891b98c - 7690 - airbyte_sync - HANDLED_OUTPUT - Handled output "result" using IO manager "io_manager"
2026-04-14 14:01:29 +0000 - dagster - DEBUG - full_pipeline - e7ed9ffb-2d78-4155-bdca-82a26891b98c - 7690 - airbyte_sync - STEP_SUCCESS - Finished execution of step "airbyte_sync" in 1m22s.
