2026-04-14 15:04:27 +0000 - dagster - DEBUG - full_pipeline - 4e3cfbaa-69be-4661-be19-a029a38098ae - 2135 - LOGS_CAPTURED - Started capturing logs in process (pid: 2135).
2026-04-14 15:04:27 +0000 - dagster - DEBUG - full_pipeline - 4e3cfbaa-69be-4661-be19-a029a38098ae - 2135 - dbt_staging - STEP_START - Started execution of step "dbt_staging".
2026-04-14 15:04:27 +0000 - dagster - INFO - full_pipeline - 4e3cfbaa-69be-4661-be19-a029a38098ae - dbt_staging - A dbt subsetted execution is not being performed. Using the default dbt selection arguments `['--select', 'staging']`.
2026-04-14 15:04:28 +0000 - dagster - INFO - full_pipeline - 4e3cfbaa-69be-4661-be19-a029a38098ae - dbt_staging - Copying `/dbt/target/partial_parse.msgpack` to `/dbt/target/dbt_staging-4e3cfba-9addb79/partial_parse.msgpack` to take advantage of partial parsing.
2026-04-14 15:04:28 +0000 - dagster - INFO - full_pipeline - 4e3cfbaa-69be-4661-be19-a029a38098ae - dbt_staging - Running dbt command: `dbt run --select staging --target dev --select staging`.
2026-04-14 15:04:32 +0000 - dagster - DEBUG - full_pipeline - 4e3cfbaa-69be-4661-be19-a029a38098ae - 2135 - dbt_staging - STEP_OUTPUT - Yielded output "model_sagap_stg_document_status" of type "Nothing". (Type check passed).
2026-04-14 15:04:33 +0000 - dagster - DEBUG - full_pipeline - 4e3cfbaa-69be-4661-be19-a029a38098ae - 2135 - dbt_staging - ASSET_MATERIALIZATION - Materialized value stg_document_status.
2026-04-14 15:04:33 +0000 - dagster - DEBUG - full_pipeline - 4e3cfbaa-69be-4661-be19-a029a38098ae - 2135 - dbt_staging - STEP_OUTPUT - Yielded output "model_sagap_stg_client" of type "Nothing". (Type check passed).
2026-04-14 15:04:33 +0000 - dagster - DEBUG - full_pipeline - 4e3cfbaa-69be-4661-be19-a029a38098ae - 2135 - dbt_staging - ASSET_MATERIALIZATION - Materialized value stg_client.
2026-04-14 15:04:33 +0000 - dagster - DEBUG - full_pipeline - 4e3cfbaa-69be-4661-be19-a029a38098ae - 2135 - dbt_staging - STEP_OUTPUT - Yielded output "model_sagap_stg_document" of type "Nothing". (Type check passed).
2026-04-14 15:04:33 +0000 - dagster - DEBUG - full_pipeline - 4e3cfbaa-69be-4661-be19-a029a38098ae - 2135 - dbt_staging - ASSET_MATERIALIZATION - Materialized value stg_document.
2026-04-14 15:04:33 +0000 - dagster - DEBUG - full_pipeline - 4e3cfbaa-69be-4661-be19-a029a38098ae - 2135 - dbt_staging - STEP_OUTPUT - Yielded output "model_sagap_stg_document_line" of type "Nothing". (Type check passed).
2026-04-14 15:04:33 +0000 - dagster - DEBUG - full_pipeline - 4e3cfbaa-69be-4661-be19-a029a38098ae - 2135 - dbt_staging - ASSET_MATERIALIZATION - Materialized value stg_document_line.
2026-04-14 15:04:33 +0000 - dagster - DEBUG - full_pipeline - 4e3cfbaa-69be-4661-be19-a029a38098ae - 2135 - dbt_staging - STEP_OUTPUT - Yielded output "model_sagap_stg_family" of type "Nothing". (Type check passed).
2026-04-14 15:04:33 +0000 - dagster - DEBUG - full_pipeline - 4e3cfbaa-69be-4661-be19-a029a38098ae - 2135 - dbt_staging - ASSET_MATERIALIZATION - Materialized value stg_family.
2026-04-14 15:04:33 +0000 - dagster - DEBUG - full_pipeline - 4e3cfbaa-69be-4661-be19-a029a38098ae - 2135 - dbt_staging - STEP_OUTPUT - Yielded output "model_sagap_stg_document_type" of type "Nothing". (Type check passed).
2026-04-14 15:04:33 +0000 - dagster - DEBUG - full_pipeline - 4e3cfbaa-69be-4661-be19-a029a38098ae - 2135 - dbt_staging - ASSET_MATERIALIZATION - Materialized value stg_document_type.
2026-04-14 15:04:33 +0000 - dagster - DEBUG - full_pipeline - 4e3cfbaa-69be-4661-be19-a029a38098ae - 2135 - dbt_staging - STEP_OUTPUT - Yielded output "model_sagap_stg_geographical_area" of type "Nothing". (Type check passed).
2026-04-14 15:04:33 +0000 - dagster - DEBUG - full_pipeline - 4e3cfbaa-69be-4661-be19-a029a38098ae - 2135 - dbt_staging - ASSET_MATERIALIZATION - Materialized value stg_geographical_area.
2026-04-14 15:04:33 +0000 - dagster - DEBUG - full_pipeline - 4e3cfbaa-69be-4661-be19-a029a38098ae - 2135 - dbt_staging - STEP_OUTPUT - Yielded output "model_sagap_stg_item" of type "Nothing". (Type check passed).
2026-04-14 15:04:33 +0000 - dagster - DEBUG - full_pipeline - 4e3cfbaa-69be-4661-be19-a029a38098ae - 2135 - dbt_staging - ASSET_MATERIALIZATION - Materialized value stg_item.
2026-04-14 15:04:33 +0000 - dagster - DEBUG - full_pipeline - 4e3cfbaa-69be-4661-be19-a029a38098ae - 2135 - dbt_staging - STEP_OUTPUT - Yielded output "model_sagap_stg_warehouse" of type "Nothing". (Type check passed).
2026-04-14 15:04:33 +0000 - dagster - DEBUG - full_pipeline - 4e3cfbaa-69be-4661-be19-a029a38098ae - 2135 - dbt_staging - ASSET_MATERIALIZATION - Materialized value stg_warehouse.
2026-04-14 15:04:33 +0000 - dagster - DEBUG - full_pipeline - 4e3cfbaa-69be-4661-be19-a029a38098ae - 2135 - dbt_staging - STEP_OUTPUT - Yielded output "model_sagap_stg_product_item" of type "Nothing". (Type check passed).
2026-04-14 15:04:33 +0000 - dagster - DEBUG - full_pipeline - 4e3cfbaa-69be-4661-be19-a029a38098ae - 2135 - dbt_staging - ASSET_MATERIALIZATION - Materialized value stg_product_item.
2026-04-14 15:04:33 +0000 - dagster - INFO - full_pipeline - 4e3cfbaa-69be-4661-be19-a029a38098ae - dbt_staging - Finished dbt command: `dbt run --select staging --target dev --select staging`.
2026-04-14 15:04:33 +0000 - dagster - DEBUG - full_pipeline - 4e3cfbaa-69be-4661-be19-a029a38098ae - 2135 - dbt_staging - STEP_SUCCESS - Finished execution of step "dbt_staging" in 6.09s.
