[0m11:10:53.440103 [debug] [MainThread]: Sending event: {'category': 'dbt', 'action': 'invocation', 'label': 'start', 'context': [<snowplow_tracker.self_describing_json.SelfDescribingJson object at 0x000002514F76E3D0>, <snowplow_tracker.self_describing_json.SelfDescribingJson object at 0x000002514F707410>, <snowplow_tracker.self_describing_json.SelfDescribingJson object at 0x000002514F733FD0>]}


============================== 11:10:53.448381 | cc7b5fe0-773f-419b-885d-807a93f1d0a0 ==============================
[0m11:10:53.448381 [info ] [MainThread]: Running with dbt=1.10.13
[0m11:10:53.448381 [debug] [MainThread]: running dbt with arguments {'use_colors': 'True', 'target_path': 'None', 'printer_width': '80', 'log_format': 'default', 'no_print': 'None', 'warn_error': 'None', 'log_path': 'logs', 'partial_parse': 'True', 'static_parser': 'True', 'send_anonymous_usage_stats': 'True', 'indirect_selection': 'eager', 'warn_error_options': 'WarnErrorOptionsV2(error=[], warn=[], silence=[])', 'fail_fast': 'False', 'use_experimental_parser': 'False', 'version_check': 'True', 'quiet': 'False', 'introspect': 'True', 'empty': 'None', 'log_cache_events': 'False', 'debug': 'False', 'profiles_dir': 'C:\\Users\\User\\.dbt', 'invocation_command': 'dbt test --select staging', 'cache_selected_only': 'False', 'write_json': 'True'}
[0m11:10:53.448381 [error] [MainThread]: Encountered an error:
Runtime Error
  No dbt_project.yml found at expected path C:\Users\User\Desktop\StagePFE\ProjetSAGAP\dbt_project.yml
  Verify that each entry within packages.yml (and their transitive dependencies) contains a file named dbt_project.yml
  
[0m11:10:53.448381 [debug] [MainThread]: Command `dbt test` failed at 11:10:53.448381 after 0.08 seconds
[0m11:10:53.448381 [debug] [MainThread]: Sending event: {'category': 'dbt', 'action': 'invocation', 'label': 'end', 'context': [<snowplow_tracker.self_describing_json.SelfDescribingJson object at 0x000002514F788490>, <snowplow_tracker.self_describing_json.SelfDescribingJson object at 0x000002514F788250>, <snowplow_tracker.self_describing_json.SelfDescribingJson object at 0x000002514F788550>]}
[0m11:10:53.448381 [debug] [MainThread]: Flushing usage events
[0m11:10:54.585631 [debug] [MainThread]: An error was encountered while trying to flush usage events
[0m11:11:04.323709 [debug] [MainThread]: Sending event: {'category': 'dbt', 'action': 'invocation', 'label': 'start', 'context': [<snowplow_tracker.self_describing_json.SelfDescribingJson object at 0x00000210DC442B50>, <snowplow_tracker.self_describing_json.SelfDescribingJson object at 0x00000210DC4438D0>, <snowplow_tracker.self_describing_json.SelfDescribingJson object at 0x00000210DC443C10>]}


============================== 11:11:04.323709 | fe1f8bb7-4301-4f32-b9cc-267e1185b8e0 ==============================
[0m11:11:04.323709 [info ] [MainThread]: Running with dbt=1.10.13
[0m11:11:04.323709 [debug] [MainThread]: running dbt with arguments {'write_json': 'True', 'profiles_dir': 'C:\\Users\\User\\.dbt', 'log_format': 'default', 'use_colors': 'True', 'printer_width': '80', 'warn_error': 'None', 'indirect_selection': 'eager', 'partial_parse': 'True', 'log_path': 'logs', 'send_anonymous_usage_stats': 'True', 'static_parser': 'True', 'warn_error_options': 'WarnErrorOptionsV2(error=[], warn=[], silence=[])', 'fail_fast': 'False', 'use_experimental_parser': 'False', 'version_check': 'True', 'introspect': 'True', 'quiet': 'False', 'empty': 'None', 'log_cache_events': 'False', 'debug': 'False', 'no_print': 'None', 'invocation_command': 'dbt test --select marts', 'cache_selected_only': 'False', 'target_path': 'None'}
[0m11:11:04.323709 [error] [MainThread]: Encountered an error:
Runtime Error
  No dbt_project.yml found at expected path C:\Users\User\Desktop\StagePFE\ProjetSAGAP\dbt_project.yml
  Verify that each entry within packages.yml (and their transitive dependencies) contains a file named dbt_project.yml
  
[0m11:11:04.323709 [debug] [MainThread]: Command `dbt test` failed at 11:11:04.323709 after 0.07 seconds
[0m11:11:04.323709 [debug] [MainThread]: Sending event: {'category': 'dbt', 'action': 'invocation', 'label': 'end', 'context': [<snowplow_tracker.self_describing_json.SelfDescribingJson object at 0x00000210D471DE50>, <snowplow_tracker.self_describing_json.SelfDescribingJson object at 0x00000210D471DBD0>, <snowplow_tracker.self_describing_json.SelfDescribingJson object at 0x00000210DC43F910>]}
[0m11:11:04.323709 [debug] [MainThread]: Flushing usage events
[0m11:11:05.438268 [debug] [MainThread]: An error was encountered while trying to flush usage events
