2026-04-20 13:22:03 +0000 - dagster - DEBUG - __ASSET_JOB - 9f7812bd-bf44-4095-8c56-80764b0e2bd4 - 196713 - LOGS_CAPTURED - Started capturing logs in process (pid: 196713).
2026-04-20 13:22:03 +0000 - dagster - DEBUG - __ASSET_JOB - 9f7812bd-bf44-4095-8c56-80764b0e2bd4 - 196713 - airbyte_sync - STEP_START - Started execution of step "airbyte_sync".
2026-04-20 13:22:03 +0000 - dagster - INFO - __ASSET_JOB - 9f7812bd-bf44-4095-8c56-80764b0e2bd4 - airbyte_sync - Obtention du token OAuth2 Airbyte...
2026-04-20 13:22:04 +0000 - dagster - INFO - __ASSET_JOB - 9f7812bd-bf44-4095-8c56-80764b0e2bd4 - airbyte_sync - Token OAuth2 obtenu.
2026-04-20 13:22:04 +0000 - dagster - INFO - __ASSET_JOB - 9f7812bd-bf44-4095-8c56-80764b0e2bd4 - airbyte_sync - Declenchement sync Airbyte connection_id=012ac2da-0a87-4781-8930-2f3fa69063c5...
2026-04-20 13:22:29 +0000 - dagster - INFO - __ASSET_JOB - 9f7812bd-bf44-4095-8c56-80764b0e2bd4 - airbyte_sync - Sync declenchee - job_id=58
2026-04-20 13:22:39 +0000 - dagster - INFO - __ASSET_JOB - 9f7812bd-bf44-4095-8c56-80764b0e2bd4 - airbyte_sync - [1/360] Airbyte job status: running
2026-04-20 13:22:50 +0000 - dagster - INFO - __ASSET_JOB - 9f7812bd-bf44-4095-8c56-80764b0e2bd4 - airbyte_sync - [2/360] Airbyte job status: running
2026-04-20 13:23:00 +0000 - dagster - INFO - __ASSET_JOB - 9f7812bd-bf44-4095-8c56-80764b0e2bd4 - airbyte_sync - [3/360] Airbyte job status: running
2026-04-20 13:23:11 +0000 - dagster - INFO - __ASSET_JOB - 9f7812bd-bf44-4095-8c56-80764b0e2bd4 - airbyte_sync - [4/360] Airbyte job status: running
2026-04-20 13:23:21 +0000 - dagster - INFO - __ASSET_JOB - 9f7812bd-bf44-4095-8c56-80764b0e2bd4 - airbyte_sync - [5/360] Airbyte job status: running
2026-04-20 13:23:31 +0000 - dagster - INFO - __ASSET_JOB - 9f7812bd-bf44-4095-8c56-80764b0e2bd4 - airbyte_sync - [6/360] Airbyte job status: running
2026-04-20 13:23:41 +0000 - dagster - INFO - __ASSET_JOB - 9f7812bd-bf44-4095-8c56-80764b0e2bd4 - airbyte_sync - [7/360] Airbyte job status: running
2026-04-20 13:23:51 +0000 - dagster - INFO - __ASSET_JOB - 9f7812bd-bf44-4095-8c56-80764b0e2bd4 - airbyte_sync - [8/360] Airbyte job status: running
2026-04-20 13:24:02 +0000 - dagster - INFO - __ASSET_JOB - 9f7812bd-bf44-4095-8c56-80764b0e2bd4 - airbyte_sync - [9/360] Airbyte job status: running
2026-04-20 13:24:12 +0000 - dagster - INFO - __ASSET_JOB - 9f7812bd-bf44-4095-8c56-80764b0e2bd4 - airbyte_sync - [10/360] Airbyte job status: running
2026-04-20 13:24:22 +0000 - dagster - INFO - __ASSET_JOB - 9f7812bd-bf44-4095-8c56-80764b0e2bd4 - airbyte_sync - [11/360] Airbyte job status: running
2026-04-20 13:24:32 +0000 - dagster - INFO - __ASSET_JOB - 9f7812bd-bf44-4095-8c56-80764b0e2bd4 - airbyte_sync - [12/360] Airbyte job status: running
2026-04-20 13:24:42 +0000 - dagster - INFO - __ASSET_JOB - 9f7812bd-bf44-4095-8c56-80764b0e2bd4 - airbyte_sync - [13/360] Airbyte job status: succeeded
2026-04-20 13:24:42 +0000 - dagster - INFO - __ASSET_JOB - 9f7812bd-bf44-4095-8c56-80764b0e2bd4 - airbyte_sync - Sync Airbyte terminee avec succes.
2026-04-20 13:24:42 +0000 - dagster - DEBUG - __ASSET_JOB - 9f7812bd-bf44-4095-8c56-80764b0e2bd4 - 196713 - airbyte_sync - STEP_OUTPUT - Yielded output "result" of type "Any". (Type check passed).
2026-04-20 13:24:42 +0000 - dagster - DEBUG - __ASSET_JOB - 9f7812bd-bf44-4095-8c56-80764b0e2bd4 - airbyte_sync - Writing file at: /dagster/storage/airbyte_sync using PickledObjectFilesystemIOManager...
2026-04-20 13:24:42 +0000 - dagster - DEBUG - __ASSET_JOB - 9f7812bd-bf44-4095-8c56-80764b0e2bd4 - 196713 - airbyte_sync - ASSET_MATERIALIZATION - Materialized value airbyte_sync.
2026-04-20 13:24:42 +0000 - dagster - DEBUG - __ASSET_JOB - 9f7812bd-bf44-4095-8c56-80764b0e2bd4 - 196713 - airbyte_sync - HANDLED_OUTPUT - Handled output "result" using IO manager "io_manager"
2026-04-20 13:24:42 +0000 - dagster - DEBUG - __ASSET_JOB - 9f7812bd-bf44-4095-8c56-80764b0e2bd4 - 196713 - airbyte_sync - STEP_SUCCESS - Finished execution of step "airbyte_sync" in 2m39s.
