2026-04-21 13:15:31 +0000 - dagster - DEBUG - __ASSET_JOB - 07690803-4fef-4aea-99bd-4b01c436df57 - 7362 - LOGS_CAPTURED - Started capturing logs in process (pid: 7362).
2026-04-21 13:15:31 +0000 - dagster - DEBUG - __ASSET_JOB - 07690803-4fef-4aea-99bd-4b01c436df57 - 7362 - dbt_marts - STEP_START - Started execution of step "dbt_marts".
2026-04-21 13:15:31 +0000 - dagster - INFO - __ASSET_JOB - 07690803-4fef-4aea-99bd-4b01c436df57 - dbt_marts - Lancement dbt run --select marts...
2026-04-21 13:15:42 +0000 - dagster - INFO - __ASSET_JOB - 07690803-4fef-4aea-99bd-4b01c436df57 - dbt_marts - [0m13:15:33  Running with dbt=1.7.19
2026-04-21 13:15:42 +0000 - dagster - INFO - __ASSET_JOB - 07690803-4fef-4aea-99bd-4b01c436df57 - dbt_marts - [0m13:15:33  Registered adapter: clickhouse=1.7.7
2026-04-21 13:15:42 +0000 - dagster - INFO - __ASSET_JOB - 07690803-4fef-4aea-99bd-4b01c436df57 - dbt_marts - [0m13:15:34  Found 18 models, 130 tests, 10 sources, 0 exposures, 0 metrics, 545 macros, 1 group, 0 semantic models
2026-04-21 13:15:42 +0000 - dagster - INFO - __ASSET_JOB - 07690803-4fef-4aea-99bd-4b01c436df57 - dbt_marts - [0m13:15:34  
2026-04-21 13:15:42 +0000 - dagster - INFO - __ASSET_JOB - 07690803-4fef-4aea-99bd-4b01c436df57 - dbt_marts - [0m13:15:34  Concurrency: 4 threads (target='dev')
2026-04-21 13:15:42 +0000 - dagster - INFO - __ASSET_JOB - 07690803-4fef-4aea-99bd-4b01c436df57 - dbt_marts - [0m13:15:34  
2026-04-21 13:15:42 +0000 - dagster - INFO - __ASSET_JOB - 07690803-4fef-4aea-99bd-4b01c436df57 - dbt_marts - [0m13:15:34  1 of 8 START sql table model `gold`.`dim_client` ............................... [RUN]
2026-04-21 13:15:42 +0000 - dagster - INFO - __ASSET_JOB - 07690803-4fef-4aea-99bd-4b01c436df57 - dbt_marts - [0m13:15:34  2 of 8 START sql table model `gold`.`dim_date` ................................. [RUN]
2026-04-21 13:15:42 +0000 - dagster - INFO - __ASSET_JOB - 07690803-4fef-4aea-99bd-4b01c436df57 - dbt_marts - [0m13:15:34  3 of 8 START sql table model `gold`.`dim_document_status` ...................... [RUN]
2026-04-21 13:15:42 +0000 - dagster - INFO - __ASSET_JOB - 07690803-4fef-4aea-99bd-4b01c436df57 - dbt_marts - [0m13:15:34  4 of 8 START sql table model `gold`.`dim_document_type` ........................ [RUN]
2026-04-21 13:15:42 +0000 - dagster - INFO - __ASSET_JOB - 07690803-4fef-4aea-99bd-4b01c436df57 - dbt_marts - [0m13:15:35  1 of 8 OK created sql table model `gold`.`dim_client` .......................... [[32mOK[0m in 0.28s]
2026-04-21 13:15:42 +0000 - dagster - INFO - __ASSET_JOB - 07690803-4fef-4aea-99bd-4b01c436df57 - dbt_marts - [0m13:15:35  5 of 8 START sql table model `gold`.`dim_geographical_area` .................... [RUN]
2026-04-21 13:15:42 +0000 - dagster - INFO - __ASSET_JOB - 07690803-4fef-4aea-99bd-4b01c436df57 - dbt_marts - [0m13:15:35  4 of 8 OK created sql table model `gold`.`dim_document_type` ................... [[32mOK[0m in 0.33s]
2026-04-21 13:15:42 +0000 - dagster - INFO - __ASSET_JOB - 07690803-4fef-4aea-99bd-4b01c436df57 - dbt_marts - [0m13:15:35  6 of 8 START sql table model `gold`.`dim_item` ................................. [RUN]
2026-04-21 13:15:42 +0000 - dagster - INFO - __ASSET_JOB - 07690803-4fef-4aea-99bd-4b01c436df57 - dbt_marts - [0m13:15:35  2 of 8 OK created sql table model `gold`.`dim_date` ............................ [[32mOK[0m in 0.48s]
2026-04-21 13:15:42 +0000 - dagster - INFO - __ASSET_JOB - 07690803-4fef-4aea-99bd-4b01c436df57 - dbt_marts - [0m13:15:35  7 of 8 START sql table model `gold`.`dim_warehouse` ............................ [RUN]
2026-04-21 13:15:42 +0000 - dagster - INFO - __ASSET_JOB - 07690803-4fef-4aea-99bd-4b01c436df57 - dbt_marts - [0m13:15:35  5 of 8 OK created sql table model `gold`.`dim_geographical_area` ............... [[32mOK[0m in 0.29s]
2026-04-21 13:15:42 +0000 - dagster - INFO - __ASSET_JOB - 07690803-4fef-4aea-99bd-4b01c436df57 - dbt_marts - [0m13:15:35  3 of 8 OK created sql table model `gold`.`dim_document_status` ................. [[32mOK[0m in 0.59s]
2026-04-21 13:15:42 +0000 - dagster - INFO - __ASSET_JOB - 07690803-4fef-4aea-99bd-4b01c436df57 - dbt_marts - [0m13:15:35  7 of 8 OK created sql table model `gold`.`dim_warehouse` ....................... [[32mOK[0m in 0.13s]
2026-04-21 13:15:42 +0000 - dagster - INFO - __ASSET_JOB - 07690803-4fef-4aea-99bd-4b01c436df57 - dbt_marts - [0m13:15:35  6 of 8 OK created sql table model `gold`.`dim_item` ............................ [[32mOK[0m in 0.31s]
2026-04-21 13:15:42 +0000 - dagster - INFO - __ASSET_JOB - 07690803-4fef-4aea-99bd-4b01c436df57 - dbt_marts - [0m13:15:35  8 of 8 START sql table model `gold`.`fact_sales` ............................... [RUN]
2026-04-21 13:15:42 +0000 - dagster - INFO - __ASSET_JOB - 07690803-4fef-4aea-99bd-4b01c436df57 - dbt_marts - [0m13:15:41  8 of 8 OK created sql table model `gold`.`fact_sales` .......................... [[32mOK[0m in 5.93s]
2026-04-21 13:15:42 +0000 - dagster - INFO - __ASSET_JOB - 07690803-4fef-4aea-99bd-4b01c436df57 - dbt_marts - [0m13:15:41  
2026-04-21 13:15:42 +0000 - dagster - INFO - __ASSET_JOB - 07690803-4fef-4aea-99bd-4b01c436df57 - dbt_marts - [0m13:15:41  Finished running 8 table models in 0 hours 0 minutes and 6.77 seconds (6.77s).
2026-04-21 13:15:42 +0000 - dagster - INFO - __ASSET_JOB - 07690803-4fef-4aea-99bd-4b01c436df57 - dbt_marts - [0m13:15:41  
2026-04-21 13:15:42 +0000 - dagster - INFO - __ASSET_JOB - 07690803-4fef-4aea-99bd-4b01c436df57 - dbt_marts - [0m13:15:41  [32mCompleted successfully[0m
2026-04-21 13:15:42 +0000 - dagster - INFO - __ASSET_JOB - 07690803-4fef-4aea-99bd-4b01c436df57 - dbt_marts - [0m13:15:41  
2026-04-21 13:15:42 +0000 - dagster - INFO - __ASSET_JOB - 07690803-4fef-4aea-99bd-4b01c436df57 - dbt_marts - [0m13:15:41  Done. PASS=8 WARN=0 ERROR=0 SKIP=0 TOTAL=8
2026-04-21 13:15:42 +0000 - dagster - INFO - __ASSET_JOB - 07690803-4fef-4aea-99bd-4b01c436df57 - dbt_marts - dbt marts termine avec succes.
2026-04-21 13:15:42 +0000 - dagster - DEBUG - __ASSET_JOB - 07690803-4fef-4aea-99bd-4b01c436df57 - 7362 - dbt_marts - STEP_OUTPUT - Yielded output "result" of type "Any". (Type check passed).
2026-04-21 13:15:42 +0000 - dagster - DEBUG - __ASSET_JOB - 07690803-4fef-4aea-99bd-4b01c436df57 - dbt_marts - Writing file at: /dagster/storage/dbt_marts using PickledObjectFilesystemIOManager...
2026-04-21 13:15:42 +0000 - dagster - DEBUG - __ASSET_JOB - 07690803-4fef-4aea-99bd-4b01c436df57 - 7362 - dbt_marts - ASSET_MATERIALIZATION - Materialized value dbt_marts.
2026-04-21 13:15:42 +0000 - dagster - DEBUG - __ASSET_JOB - 07690803-4fef-4aea-99bd-4b01c436df57 - 7362 - dbt_marts - HANDLED_OUTPUT - Handled output "result" using IO manager "io_manager"
2026-04-21 13:15:42 +0000 - dagster - DEBUG - __ASSET_JOB - 07690803-4fef-4aea-99bd-4b01c436df57 - 7362 - dbt_marts - STEP_SUCCESS - Finished execution of step "dbt_marts" in 11.16s.
