2026-05-12 15:43:34 +0000 - dagster - DEBUG - __ASSET_JOB - a449582f-da0a-42a3-bebe-b0ff2e6fbcb3 - 31439 - LOGS_CAPTURED - Started capturing logs in process (pid: 31439).
2026-05-12 15:43:34 +0000 - dagster - DEBUG - __ASSET_JOB - a449582f-da0a-42a3-bebe-b0ff2e6fbcb3 - 31439 - sagap_dbt_assets - STEP_START - Started execution of step "sagap_dbt_assets".
2026-05-12 15:43:34 +0000 - dagster - INFO - __ASSET_JOB - a449582f-da0a-42a3-bebe-b0ff2e6fbcb3 - sagap_dbt_assets - A dbt subsetted execution is not being performed. Using the default dbt selection arguments `['--select', 'fqn:*']`.
2026-05-12 15:43:34 +0000 - dagster - INFO - __ASSET_JOB - a449582f-da0a-42a3-bebe-b0ff2e6fbcb3 - sagap_dbt_assets - Copying `/dbt/target/partial_parse.msgpack` to `/dbt/target/sagap_dbt_assets-a449582-776e35b/partial_parse.msgpack` to take advantage of partial parsing.
2026-05-12 15:43:35 +0000 - dagster - INFO - __ASSET_JOB - a449582f-da0a-42a3-bebe-b0ff2e6fbcb3 - sagap_dbt_assets - Running dbt command: `dbt run --target dev --select fqn:*`.
2026-05-12 15:43:38 +0000 - dagster - DEBUG - __ASSET_JOB - a449582f-da0a-42a3-bebe-b0ff2e6fbcb3 - 31439 - sagap_dbt_assets - STEP_OUTPUT - Yielded output "model_sagap_stg_document" of type "Nothing". (Type check passed).
2026-05-12 15:43:38 +0000 - dagster - DEBUG - __ASSET_JOB - a449582f-da0a-42a3-bebe-b0ff2e6fbcb3 - 31439 - sagap_dbt_assets - ASSET_MATERIALIZATION - Materialized value stg_document.
2026-05-12 15:43:38 +0000 - dagster - DEBUG - __ASSET_JOB - a449582f-da0a-42a3-bebe-b0ff2e6fbcb3 - 31439 - sagap_dbt_assets - STEP_OUTPUT - Yielded output "model_sagap_stg_document_line" of type "Nothing". (Type check passed).
2026-05-12 15:43:38 +0000 - dagster - DEBUG - __ASSET_JOB - a449582f-da0a-42a3-bebe-b0ff2e6fbcb3 - 31439 - sagap_dbt_assets - ASSET_MATERIALIZATION - Materialized value stg_document_line.
2026-05-12 15:43:38 +0000 - dagster - DEBUG - __ASSET_JOB - a449582f-da0a-42a3-bebe-b0ff2e6fbcb3 - 31439 - sagap_dbt_assets - STEP_OUTPUT - Yielded output "model_sagap_stg_client" of type "Nothing". (Type check passed).
2026-05-12 15:43:38 +0000 - dagster - DEBUG - __ASSET_JOB - a449582f-da0a-42a3-bebe-b0ff2e6fbcb3 - 31439 - sagap_dbt_assets - ASSET_MATERIALIZATION - Materialized value stg_client.
2026-05-12 15:43:38 +0000 - dagster - DEBUG - __ASSET_JOB - a449582f-da0a-42a3-bebe-b0ff2e6fbcb3 - 31439 - sagap_dbt_assets - STEP_OUTPUT - Yielded output "model_sagap_stg_document_status" of type "Nothing". (Type check passed).
2026-05-12 15:43:38 +0000 - dagster - DEBUG - __ASSET_JOB - a449582f-da0a-42a3-bebe-b0ff2e6fbcb3 - 31439 - sagap_dbt_assets - ASSET_MATERIALIZATION - Materialized value stg_document_status.
2026-05-12 15:43:38 +0000 - dagster - DEBUG - __ASSET_JOB - a449582f-da0a-42a3-bebe-b0ff2e6fbcb3 - 31439 - sagap_dbt_assets - STEP_OUTPUT - Yielded output "model_sagap_stg_family" of type "Nothing". (Type check passed).
2026-05-12 15:43:38 +0000 - dagster - DEBUG - __ASSET_JOB - a449582f-da0a-42a3-bebe-b0ff2e6fbcb3 - 31439 - sagap_dbt_assets - ASSET_MATERIALIZATION - Materialized value stg_family.
2026-05-12 15:43:38 +0000 - dagster - DEBUG - __ASSET_JOB - a449582f-da0a-42a3-bebe-b0ff2e6fbcb3 - 31439 - sagap_dbt_assets - STEP_OUTPUT - Yielded output "model_sagap_stg_document_type" of type "Nothing". (Type check passed).
2026-05-12 15:43:39 +0000 - dagster - DEBUG - __ASSET_JOB - a449582f-da0a-42a3-bebe-b0ff2e6fbcb3 - 31439 - sagap_dbt_assets - ASSET_MATERIALIZATION - Materialized value stg_document_type.
2026-05-12 15:43:39 +0000 - dagster - DEBUG - __ASSET_JOB - a449582f-da0a-42a3-bebe-b0ff2e6fbcb3 - 31439 - sagap_dbt_assets - STEP_OUTPUT - Yielded output "model_sagap_stg_geographical_area" of type "Nothing". (Type check passed).
2026-05-12 15:43:39 +0000 - dagster - DEBUG - __ASSET_JOB - a449582f-da0a-42a3-bebe-b0ff2e6fbcb3 - 31439 - sagap_dbt_assets - ASSET_MATERIALIZATION - Materialized value stg_geographical_area.
2026-05-12 15:43:39 +0000 - dagster - DEBUG - __ASSET_JOB - a449582f-da0a-42a3-bebe-b0ff2e6fbcb3 - 31439 - sagap_dbt_assets - STEP_OUTPUT - Yielded output "model_sagap_stg_item" of type "Nothing". (Type check passed).
2026-05-12 15:43:39 +0000 - dagster - DEBUG - __ASSET_JOB - a449582f-da0a-42a3-bebe-b0ff2e6fbcb3 - 31439 - sagap_dbt_assets - ASSET_MATERIALIZATION - Materialized value stg_item.
2026-05-12 15:43:39 +0000 - dagster - DEBUG - __ASSET_JOB - a449582f-da0a-42a3-bebe-b0ff2e6fbcb3 - 31439 - sagap_dbt_assets - STEP_OUTPUT - Yielded output "model_sagap_stg_product_item" of type "Nothing". (Type check passed).
2026-05-12 15:43:39 +0000 - dagster - DEBUG - __ASSET_JOB - a449582f-da0a-42a3-bebe-b0ff2e6fbcb3 - 31439 - sagap_dbt_assets - ASSET_MATERIALIZATION - Materialized value stg_product_item.
2026-05-12 15:43:39 +0000 - dagster - DEBUG - __ASSET_JOB - a449582f-da0a-42a3-bebe-b0ff2e6fbcb3 - 31439 - sagap_dbt_assets - STEP_OUTPUT - Yielded output "model_sagap_stg_warehouse" of type "Nothing". (Type check passed).
2026-05-12 15:43:39 +0000 - dagster - DEBUG - __ASSET_JOB - a449582f-da0a-42a3-bebe-b0ff2e6fbcb3 - 31439 - sagap_dbt_assets - ASSET_MATERIALIZATION - Materialized value stg_warehouse.
2026-05-12 15:43:39 +0000 - dagster - DEBUG - __ASSET_JOB - a449582f-da0a-42a3-bebe-b0ff2e6fbcb3 - 31439 - sagap_dbt_assets - STEP_OUTPUT - Yielded output "model_sagap_dim_client" of type "Nothing". (Type check passed).
2026-05-12 15:43:39 +0000 - dagster - DEBUG - __ASSET_JOB - a449582f-da0a-42a3-bebe-b0ff2e6fbcb3 - 31439 - sagap_dbt_assets - ASSET_MATERIALIZATION - Materialized value dim_client.
2026-05-12 15:43:39 +0000 - dagster - DEBUG - __ASSET_JOB - a449582f-da0a-42a3-bebe-b0ff2e6fbcb3 - 31439 - sagap_dbt_assets - STEP_OUTPUT - Yielded output "model_sagap_dim_document_status" of type "Nothing". (Type check passed).
2026-05-12 15:43:39 +0000 - dagster - DEBUG - __ASSET_JOB - a449582f-da0a-42a3-bebe-b0ff2e6fbcb3 - 31439 - sagap_dbt_assets - ASSET_MATERIALIZATION - Materialized value dim_document_status.
2026-05-12 15:43:39 +0000 - dagster - DEBUG - __ASSET_JOB - a449582f-da0a-42a3-bebe-b0ff2e6fbcb3 - 31439 - sagap_dbt_assets - STEP_OUTPUT - Yielded output "model_sagap_dim_document_type" of type "Nothing". (Type check passed).
2026-05-12 15:43:39 +0000 - dagster - DEBUG - __ASSET_JOB - a449582f-da0a-42a3-bebe-b0ff2e6fbcb3 - 31439 - sagap_dbt_assets - ASSET_MATERIALIZATION - Materialized value dim_document_type.
2026-05-12 15:43:39 +0000 - dagster - DEBUG - __ASSET_JOB - a449582f-da0a-42a3-bebe-b0ff2e6fbcb3 - 31439 - sagap_dbt_assets - STEP_OUTPUT - Yielded output "model_sagap_dim_geographical_area" of type "Nothing". (Type check passed).
2026-05-12 15:43:39 +0000 - dagster - DEBUG - __ASSET_JOB - a449582f-da0a-42a3-bebe-b0ff2e6fbcb3 - 31439 - sagap_dbt_assets - ASSET_MATERIALIZATION - Materialized value dim_geographical_area.
2026-05-12 15:43:39 +0000 - dagster - DEBUG - __ASSET_JOB - a449582f-da0a-42a3-bebe-b0ff2e6fbcb3 - 31439 - sagap_dbt_assets - STEP_OUTPUT - Yielded output "model_sagap_dim_date" of type "Nothing". (Type check passed).
2026-05-12 15:43:39 +0000 - dagster - DEBUG - __ASSET_JOB - a449582f-da0a-42a3-bebe-b0ff2e6fbcb3 - 31439 - sagap_dbt_assets - ASSET_MATERIALIZATION - Materialized value dim_date.
2026-05-12 15:43:39 +0000 - dagster - DEBUG - __ASSET_JOB - a449582f-da0a-42a3-bebe-b0ff2e6fbcb3 - 31439 - sagap_dbt_assets - STEP_OUTPUT - Yielded output "model_sagap_dim_warehouse" of type "Nothing". (Type check passed).
2026-05-12 15:43:39 +0000 - dagster - DEBUG - __ASSET_JOB - a449582f-da0a-42a3-bebe-b0ff2e6fbcb3 - 31439 - sagap_dbt_assets - ASSET_MATERIALIZATION - Materialized value dim_warehouse.
2026-05-12 15:43:39 +0000 - dagster - DEBUG - __ASSET_JOB - a449582f-da0a-42a3-bebe-b0ff2e6fbcb3 - 31439 - sagap_dbt_assets - STEP_OUTPUT - Yielded output "model_sagap_dim_item" of type "Nothing". (Type check passed).
2026-05-12 15:43:40 +0000 - dagster - DEBUG - __ASSET_JOB - a449582f-da0a-42a3-bebe-b0ff2e6fbcb3 - 31439 - sagap_dbt_assets - ASSET_MATERIALIZATION - Materialized value dim_item.
2026-05-12 15:43:41 +0000 - dagster - DEBUG - __ASSET_JOB - a449582f-da0a-42a3-bebe-b0ff2e6fbcb3 - 31439 - sagap_dbt_assets - STEP_OUTPUT - Yielded output "model_sagap_fact_sales" of type "Nothing". (Type check passed).
2026-05-12 15:43:42 +0000 - dagster - DEBUG - __ASSET_JOB - a449582f-da0a-42a3-bebe-b0ff2e6fbcb3 - 31439 - sagap_dbt_assets - ASSET_MATERIALIZATION - Materialized value fact_sales.
2026-05-12 15:43:42 +0000 - dagster - INFO - __ASSET_JOB - a449582f-da0a-42a3-bebe-b0ff2e6fbcb3 - sagap_dbt_assets - Finished dbt command: `dbt run --target dev --select fqn:*`.
2026-05-12 15:43:42 +0000 - dagster - INFO - __ASSET_JOB - a449582f-da0a-42a3-bebe-b0ff2e6fbcb3 - sagap_dbt_assets - op 'sagap_dbt_assets' did not yield or return expected outputs {'fact_sales_not_null_fact_sales_LinePrice', 'dim_date_dbt_utils_accepted_range_dim_date_Day__31__1', 'dim_document_type_not_null_dim_document_type_DocumentTypeSK', 'dim_client_not_null_dim_client_ClientBK', 'fact_sales_relationships_fact_sales_GeographicalAreaSK__GeographicalAreaSK__ref_dim_geographical_area_', 'fact_sales_relationships_fact_sales_DocumentTypeSK__DocumentTypeSK__ref_dim_document_type_', 'dim_date_unique_dim_date_DateSK', 'dim_date_dbt_utils_accepted_range_dim_date_Quarter__4__1', 'dim_geographical_area_not_null_dim_geographical_area_GeographicalAreaBK', 'dim_geographical_area_not_null_dim_geographical_area_GeographicalAreaSK', 'dim_client_unique_dim_client_ClientBK', 'dim_date_not_null_dim_date_DateSK', 'fact_sales_not_null_fact_sales_DocumentTypeSK', 'dim_warehouse_not_null_dim_warehouse_WarehouseBK', 'dim_document_type_unique_dim_document_type_DocumentTypeSK', 'dim_geographical_area_unique_dim_geographical_area_GeographicalAreaSK', 'dim_geographical_area_unique_dim_geographical_area_GeographicalAreaBK', 'dim_client_not_null_dim_client_ClientCode', 'fact_sales_not_null_fact_sales_DocumentCode', 'dim_document_status_unique_dim_document_status_DocumentStatusBK', 'fact_sales_not_null_fact_sales_GeographicalAreaSK', 'dim_item_not_null_dim_item_ItemBK', 'dim_warehouse_unique_dim_warehouse_WarehouseBK', 'dim_warehouse_not_null_dim_warehouse_WarehouseCode', 'dim_warehouse_unique_dim_warehouse_WarehouseSK', 'dim_client_not_null_dim_client_IsActive', 'fact_sales_relationships_fact_sales_DateSK__DateSK__ref_dim_date_', 'fact_sales_relationships_fact_sales_ItemSK__ItemSK__ref_dim_item_', 'fact_sales_assert_fact_sales_no_negative_priceTT', 'dim_date_not_null_dim_date_Year', 'fact_sales_not_null_fact_sales_DateSK', 'dim_warehouse_not_null_dim_warehouse_WarehouseName', 'dim_date_dbt_utils_accepted_range_dim_date_Year__2027__2000', 'dim_date_accepted_values_dim_date_DayName__Lundi__Mardi__Mercredi__Jeudi__Vendredi__Samedi__Dimanche', 'dim_document_type_unique_dim_document_type_DocumentTypeBK', 'dim_date_unique_dim_date_DateBK', 'dim_item_not_null_dim_item_ItemLabel', 'dim_document_type_not_null_dim_document_type_DocumentTypeBK', 'fact_sales_assert_fact_sales_discount_coherence', 'dim_date_not_null_dim_date_Month', 'fact_sales_not_null_fact_sales_ClientSK', 'dim_document_status_not_null_dim_document_status_DocumentStatusLabel', 'dim_item_not_null_dim_item_ItemSK', 'dim_date_not_null_dim_date_Day', 'fact_sales_not_null_fact_sales_Quantity', 'dim_item_unique_dim_item_ItemSK', 'dim_date_accepted_values_dim_date_MonthName__Janvier__F_vrier__Mars__Avril__Mai__Juin__Juillet__Ao_t__Septembre__Octobre__Novembre__D_cembre', 'dim_date_not_null_dim_date_DateBK', 'dim_date_not_null_dim_date_MonthName', 'dim_document_status_not_null_dim_document_status_DocumentStatusSK', 'dim_client_unique_dim_client_ClientSK', 'fact_sales_relationships_fact_sales_ClientSK__ClientSK__ref_dim_client_', 'dim_item_not_null_dim_item_ItemCode', 'dim_geographical_area_not_null_dim_geographical_area_GeographicalAreaLabel', 'fact_sales_not_null_fact_sales_ItemSK', 'fact_sales_relationships_fact_sales_DocumentStatusSK__DocumentStatusSK__ref_dim_document_status_', 'dim_client_not_null_dim_client_ClientName', 'dim_document_status_not_null_dim_document_status_DocumentStatusBK', 'dim_document_status_unique_dim_document_status_DocumentStatusSK', 'fact_sales_not_null_fact_sales_DocumentStatusSK', 'dim_client_accepted_values_dim_client_IsBTOB__0__1', 'dim_item_unique_dim_item_ItemBK', 'dim_warehouse_not_null_dim_warehouse_WarehouseSK', 'dim_date_not_null_dim_date_DayName', 'dim_date_not_null_dim_date_Quarter', 'dim_client_accepted_values_dim_client_IsActive__0__1', 'dim_document_type_not_null_dim_document_type_DocumentTypeLabel', 'dim_date_dbt_utils_accepted_range_dim_date_Month__12__1', 'dim_client_not_null_dim_client_ClientSK', 'dim_client_not_null_dim_client_IsBTOB'}.
2026-05-12 15:43:42 +0000 - dagster - DEBUG - __ASSET_JOB - a449582f-da0a-42a3-bebe-b0ff2e6fbcb3 - 31439 - sagap_dbt_assets - STEP_SUCCESS - Finished execution of step "sagap_dbt_assets" in 7.76s.
