2026-04-14 09:23:35 +0000 - dagster - DEBUG - __ASSET_JOB - f3a74651-7baf-4523-9ce3-8a65ae3397be - 179 - LOGS_CAPTURED - Started capturing logs in process (pid: 179).
2026-04-14 09:23:35 +0000 - dagster - DEBUG - __ASSET_JOB - f3a74651-7baf-4523-9ce3-8a65ae3397be - 179 - spark_silver_cleaning - STEP_START - Started execution of step "spark_silver_cleaning".
2026-04-14 09:23:35 +0000 - dagster - INFO - __ASSET_JOB - f3a74651-7baf-4523-9ce3-8a65ae3397be - spark_silver_cleaning - Connexion au Docker daemon...
2026-04-14 09:23:35 +0000 - dagster - INFO - __ASSET_JOB - f3a74651-7baf-4523-9ce3-8a65ae3397be - spark_silver_cleaning - Lancement de main_clean_silver.py dans spark_clean...
2026-04-14 09:23:35 +0000 - dagster - INFO - __ASSET_JOB - f3a74651-7baf-4523-9ce3-8a65ae3397be - spark_silver_cleaning - OCI runtime exec failed: exec failed: unable to start container process: exec: "python": executable file not found in $PATH: unknown
2026-04-14 09:23:35 +0000 - dagster - ERROR - __ASSET_JOB - f3a74651-7baf-4523-9ce3-8a65ae3397be - 179 - spark_silver_cleaning - STEP_FAILURE - Execution of step "spark_silver_cleaning" failed.

dagster._core.errors.DagsterExecutionStepExecutionError: Error occurred while executing op "spark_silver_cleaning"::

Exception: Spark job failed — exit_code=126

Stack Trace:
  File "/usr/local/lib/python3.11/site-packages/dagster/_core/execution/plan/utils.py", line 54, in op_execution_error_boundary
    yield
  File "/usr/local/lib/python3.11/site-packages/dagster/_utils/__init__.py", line 473, in iterate_with_context
    next_output = next(iterator)
                  ^^^^^^^^^^^^^^
  File "/usr/local/lib/python3.11/site-packages/dagster/_core/execution/plan/compute_generator.py", line 141, in _coerce_op_compute_fn_to_iterator
    result = invoke_compute_fn(
             ^^^^^^^^^^^^^^^^^^
  File "/usr/local/lib/python3.11/site-packages/dagster/_core/execution/plan/compute_generator.py", line 129, in invoke_compute_fn
    return fn(context, **args_to_pass) if context_arg_provided else fn(**args_to_pass)
           ^^^^^^^^^^^^^^^^^^^^^^^^^^^
  File "/dagster/pipeline.py", line 170, in spark_silver_cleaning
    raise Exception(f"Spark job failed — exit_code={exit_code}")

