2026-05-06 19:30:38 +0000 - dagster - DEBUG - __ASSET_JOB - 70648b71-f0ef-4c34-a55b-eb1f81d34f10 - 18575 - LOGS_CAPTURED - Started capturing logs in process (pid: 18575).
2026-05-06 19:30:38 +0000 - dagster - DEBUG - __ASSET_JOB - 70648b71-f0ef-4c34-a55b-eb1f81d34f10 - 18575 - dbt_staging - STEP_START - Started execution of step "dbt_staging".
2026-05-06 19:30:38 +0000 - dagster - INFO - __ASSET_JOB - 70648b71-f0ef-4c34-a55b-eb1f81d34f10 - dbt_staging - Lancement dbt run --select staging...
2026-05-06 19:30:49 +0000 - dagster - INFO - __ASSET_JOB - 70648b71-f0ef-4c34-a55b-eb1f81d34f10 - dbt_staging - [0m19:30:40  Running with dbt=1.7.19
2026-05-06 19:30:49 +0000 - dagster - INFO - __ASSET_JOB - 70648b71-f0ef-4c34-a55b-eb1f81d34f10 - dbt_staging - [0m19:30:41  Registered adapter: clickhouse=1.7.7
2026-05-06 19:30:49 +0000 - dagster - INFO - __ASSET_JOB - 70648b71-f0ef-4c34-a55b-eb1f81d34f10 - dbt_staging - [0m19:30:41  Unable to do partial parsing because of a version mismatch
2026-05-06 19:30:49 +0000 - dagster - INFO - __ASSET_JOB - 70648b71-f0ef-4c34-a55b-eb1f81d34f10 - dbt_staging - [0m19:30:45  Found 18 models, 125 tests, 10 sources, 0 exposures, 0 metrics, 545 macros, 1 group, 0 semantic models
2026-05-06 19:30:49 +0000 - dagster - INFO - __ASSET_JOB - 70648b71-f0ef-4c34-a55b-eb1f81d34f10 - dbt_staging - [0m19:30:45  
2026-05-06 19:30:49 +0000 - dagster - INFO - __ASSET_JOB - 70648b71-f0ef-4c34-a55b-eb1f81d34f10 - dbt_staging - [0m19:30:45  Concurrency: 4 threads (target='dev')
2026-05-06 19:30:49 +0000 - dagster - INFO - __ASSET_JOB - 70648b71-f0ef-4c34-a55b-eb1f81d34f10 - dbt_staging - [0m19:30:45  
2026-05-06 19:30:49 +0000 - dagster - INFO - __ASSET_JOB - 70648b71-f0ef-4c34-a55b-eb1f81d34f10 - dbt_staging - [0m19:30:45  1 of 10 START sql view model `gold`.`stg_client` ............................... [RUN]
2026-05-06 19:30:49 +0000 - dagster - INFO - __ASSET_JOB - 70648b71-f0ef-4c34-a55b-eb1f81d34f10 - dbt_staging - [0m19:30:45  2 of 10 START sql view model `gold`.`stg_document` ............................. [RUN]
2026-05-06 19:30:49 +0000 - dagster - INFO - __ASSET_JOB - 70648b71-f0ef-4c34-a55b-eb1f81d34f10 - dbt_staging - [0m19:30:45  3 of 10 START sql view model `gold`.`stg_document_line` ........................ [RUN]
2026-05-06 19:30:49 +0000 - dagster - INFO - __ASSET_JOB - 70648b71-f0ef-4c34-a55b-eb1f81d34f10 - dbt_staging - [0m19:30:45  4 of 10 START sql view model `gold`.`stg_document_status` ...................... [RUN]
2026-05-06 19:30:49 +0000 - dagster - INFO - __ASSET_JOB - 70648b71-f0ef-4c34-a55b-eb1f81d34f10 - dbt_staging - [0m19:30:45  1 of 10 OK created sql view model `gold`.`stg_client` .......................... [[32mOK[0m in 0.24s]
2026-05-06 19:30:49 +0000 - dagster - INFO - __ASSET_JOB - 70648b71-f0ef-4c34-a55b-eb1f81d34f10 - dbt_staging - [0m19:30:45  2 of 10 OK created sql view model `gold`.`stg_document` ........................ [[32mOK[0m in 0.25s]
2026-05-06 19:30:49 +0000 - dagster - INFO - __ASSET_JOB - 70648b71-f0ef-4c34-a55b-eb1f81d34f10 - dbt_staging - [0m19:30:45  5 of 10 START sql view model `gold`.`stg_document_type` ........................ [RUN]
2026-05-06 19:30:49 +0000 - dagster - INFO - __ASSET_JOB - 70648b71-f0ef-4c34-a55b-eb1f81d34f10 - dbt_staging - [0m19:30:45  6 of 10 START sql view model `gold`.`stg_family` ............................... [RUN]
2026-05-06 19:30:49 +0000 - dagster - INFO - __ASSET_JOB - 70648b71-f0ef-4c34-a55b-eb1f81d34f10 - dbt_staging - [0m19:30:45  4 of 10 OK created sql view model `gold`.`stg_document_status` ................. [[32mOK[0m in 0.27s]
2026-05-06 19:30:49 +0000 - dagster - INFO - __ASSET_JOB - 70648b71-f0ef-4c34-a55b-eb1f81d34f10 - dbt_staging - [0m19:30:45  3 of 10 OK created sql view model `gold`.`stg_document_line` ................... [[32mOK[0m in 0.28s]
2026-05-06 19:30:49 +0000 - dagster - INFO - __ASSET_JOB - 70648b71-f0ef-4c34-a55b-eb1f81d34f10 - dbt_staging - [0m19:30:45  7 of 10 START sql view model `gold`.`stg_geographical_area` .................... [RUN]
2026-05-06 19:30:49 +0000 - dagster - INFO - __ASSET_JOB - 70648b71-f0ef-4c34-a55b-eb1f81d34f10 - dbt_staging - [0m19:30:45  8 of 10 START sql view model `gold`.`stg_item` ................................. [RUN]
2026-05-06 19:30:49 +0000 - dagster - INFO - __ASSET_JOB - 70648b71-f0ef-4c34-a55b-eb1f81d34f10 - dbt_staging - [0m19:30:45  6 of 10 OK created sql view model `gold`.`stg_family` .......................... [[32mOK[0m in 0.17s]
2026-05-06 19:30:49 +0000 - dagster - INFO - __ASSET_JOB - 70648b71-f0ef-4c34-a55b-eb1f81d34f10 - dbt_staging - [0m19:30:45  5 of 10 OK created sql view model `gold`.`stg_document_type` ................... [[32mOK[0m in 0.19s]
2026-05-06 19:30:49 +0000 - dagster - INFO - __ASSET_JOB - 70648b71-f0ef-4c34-a55b-eb1f81d34f10 - dbt_staging - [0m19:30:45  9 of 10 START sql view model `gold`.`stg_product_item` ......................... [RUN]
2026-05-06 19:30:49 +0000 - dagster - INFO - __ASSET_JOB - 70648b71-f0ef-4c34-a55b-eb1f81d34f10 - dbt_staging - [0m19:30:45  10 of 10 START sql view model `gold`.`stg_warehouse` ........................... [RUN]
2026-05-06 19:30:49 +0000 - dagster - INFO - __ASSET_JOB - 70648b71-f0ef-4c34-a55b-eb1f81d34f10 - dbt_staging - [0m19:30:45  8 of 10 OK created sql view model `gold`.`stg_item` ............................ [[32mOK[0m in 0.19s]
2026-05-06 19:30:49 +0000 - dagster - INFO - __ASSET_JOB - 70648b71-f0ef-4c34-a55b-eb1f81d34f10 - dbt_staging - [0m19:30:45  7 of 10 OK created sql view model `gold`.`stg_geographical_area` ............... [[32mOK[0m in 0.20s]
2026-05-06 19:30:49 +0000 - dagster - INFO - __ASSET_JOB - 70648b71-f0ef-4c34-a55b-eb1f81d34f10 - dbt_staging - [0m19:30:45  10 of 10 OK created sql view model `gold`.`stg_warehouse` ...................... [[32mOK[0m in 0.12s]
2026-05-06 19:30:49 +0000 - dagster - INFO - __ASSET_JOB - 70648b71-f0ef-4c34-a55b-eb1f81d34f10 - dbt_staging - [0m19:30:45  9 of 10 OK created sql view model `gold`.`stg_product_item` .................... [[32mOK[0m in 0.12s]
2026-05-06 19:30:49 +0000 - dagster - INFO - __ASSET_JOB - 70648b71-f0ef-4c34-a55b-eb1f81d34f10 - dbt_staging - [0m19:30:45  
2026-05-06 19:30:49 +0000 - dagster - INFO - __ASSET_JOB - 70648b71-f0ef-4c34-a55b-eb1f81d34f10 - dbt_staging - [0m19:30:45  Finished running 10 view models in 0 hours 0 minutes and 0.85 seconds (0.85s).
2026-05-06 19:30:49 +0000 - dagster - INFO - __ASSET_JOB - 70648b71-f0ef-4c34-a55b-eb1f81d34f10 - dbt_staging - [0m19:30:45  
2026-05-06 19:30:49 +0000 - dagster - INFO - __ASSET_JOB - 70648b71-f0ef-4c34-a55b-eb1f81d34f10 - dbt_staging - [0m19:30:45  [32mCompleted successfully[0m
2026-05-06 19:30:49 +0000 - dagster - INFO - __ASSET_JOB - 70648b71-f0ef-4c34-a55b-eb1f81d34f10 - dbt_staging - [0m19:30:45  
2026-05-06 19:30:49 +0000 - dagster - INFO - __ASSET_JOB - 70648b71-f0ef-4c34-a55b-eb1f81d34f10 - dbt_staging - [0m19:30:45  Done. PASS=10 WARN=0 ERROR=0 SKIP=0 TOTAL=10
2026-05-06 19:30:49 +0000 - dagster - INFO - __ASSET_JOB - 70648b71-f0ef-4c34-a55b-eb1f81d34f10 - dbt_staging - dbt staging termine avec succes.
2026-05-06 19:30:49 +0000 - dagster - DEBUG - __ASSET_JOB - 70648b71-f0ef-4c34-a55b-eb1f81d34f10 - 18575 - dbt_staging - STEP_OUTPUT - Yielded output "result" of type "Any". (Type check passed).
2026-05-06 19:30:49 +0000 - dagster - DEBUG - __ASSET_JOB - 70648b71-f0ef-4c34-a55b-eb1f81d34f10 - dbt_staging - Writing file at: /dagster/storage/dbt_staging using PickledObjectFilesystemIOManager...
2026-05-06 19:30:49 +0000 - dagster - DEBUG - __ASSET_JOB - 70648b71-f0ef-4c34-a55b-eb1f81d34f10 - 18575 - dbt_staging - ASSET_MATERIALIZATION - Materialized value dbt_staging.
2026-05-06 19:30:49 +0000 - dagster - DEBUG - __ASSET_JOB - 70648b71-f0ef-4c34-a55b-eb1f81d34f10 - 18575 - dbt_staging - HANDLED_OUTPUT - Handled output "result" using IO manager "io_manager"
2026-05-06 19:30:49 +0000 - dagster - DEBUG - __ASSET_JOB - 70648b71-f0ef-4c34-a55b-eb1f81d34f10 - 18575 - dbt_staging - STEP_SUCCESS - Finished execution of step "dbt_staging" in 11.0s.
