2026-05-06 19:30:34 +0000 - dagster - DEBUG - __ASSET_JOB - 70648b71-f0ef-4c34-a55b-eb1f81d34f10 - 18516 - LOGS_CAPTURED - Started capturing logs in process (pid: 18516).
2026-05-06 19:30:34 +0000 - dagster - DEBUG - __ASSET_JOB - 70648b71-f0ef-4c34-a55b-eb1f81d34f10 - 18516 - silver_ready - STEP_START - Started execution of step "silver_ready".
2026-05-06 19:30:34 +0000 - dagster - INFO - __ASSET_JOB - 70648b71-f0ef-4c34-a55b-eb1f81d34f10 - silver_ready - Connexion ClickHouse clickhouse:8123 db=silver...
2026-05-06 19:30:34 +0000 - dagster - INFO - __ASSET_JOB - 70648b71-f0ef-4c34-a55b-eb1f81d34f10 - silver_ready - [1/30] Verification tables Silver ClickHouse...
2026-05-06 19:30:34 +0000 - dagster - INFO - __ASSET_JOB - 70648b71-f0ef-4c34-a55b-eb1f81d34f10 - silver_ready -   ok client - 837 lignes
2026-05-06 19:30:35 +0000 - dagster - INFO - __ASSET_JOB - 70648b71-f0ef-4c34-a55b-eb1f81d34f10 - silver_ready -   ok document - 489237 lignes
2026-05-06 19:30:35 +0000 - dagster - INFO - __ASSET_JOB - 70648b71-f0ef-4c34-a55b-eb1f81d34f10 - silver_ready -   ok documentline - 1878451 lignes
2026-05-06 19:30:35 +0000 - dagster - INFO - __ASSET_JOB - 70648b71-f0ef-4c34-a55b-eb1f81d34f10 - silver_ready -   ok documentstatus - 16 lignes
2026-05-06 19:30:35 +0000 - dagster - INFO - __ASSET_JOB - 70648b71-f0ef-4c34-a55b-eb1f81d34f10 - silver_ready -   ok documenttype - 7 lignes
2026-05-06 19:30:35 +0000 - dagster - INFO - __ASSET_JOB - 70648b71-f0ef-4c34-a55b-eb1f81d34f10 - silver_ready -   ok item - 65626 lignes
2026-05-06 19:30:35 +0000 - dagster - INFO - __ASSET_JOB - 70648b71-f0ef-4c34-a55b-eb1f81d34f10 - silver_ready -   ok family - 49 lignes
2026-05-06 19:30:35 +0000 - dagster - INFO - __ASSET_JOB - 70648b71-f0ef-4c34-a55b-eb1f81d34f10 - silver_ready -   ok geographicalarea - 8 lignes
2026-05-06 19:30:35 +0000 - dagster - INFO - __ASSET_JOB - 70648b71-f0ef-4c34-a55b-eb1f81d34f10 - silver_ready -   ok productitem - 850 lignes
2026-05-06 19:30:35 +0000 - dagster - INFO - __ASSET_JOB - 70648b71-f0ef-4c34-a55b-eb1f81d34f10 - silver_ready -   ok warehouse - 6 lignes
2026-05-06 19:30:35 +0000 - dagster - INFO - __ASSET_JOB - 70648b71-f0ef-4c34-a55b-eb1f81d34f10 - silver_ready - Toutes les tables Silver sont pretes.
2026-05-06 19:30:35 +0000 - dagster - DEBUG - __ASSET_JOB - 70648b71-f0ef-4c34-a55b-eb1f81d34f10 - 18516 - silver_ready - STEP_OUTPUT - Yielded output "result" of type "Any". (Type check passed).
2026-05-06 19:30:35 +0000 - dagster - DEBUG - __ASSET_JOB - 70648b71-f0ef-4c34-a55b-eb1f81d34f10 - silver_ready - Writing file at: /dagster/storage/silver_ready using PickledObjectFilesystemIOManager...
2026-05-06 19:30:35 +0000 - dagster - DEBUG - __ASSET_JOB - 70648b71-f0ef-4c34-a55b-eb1f81d34f10 - 18516 - silver_ready - ASSET_MATERIALIZATION - Materialized value silver_ready.
2026-05-06 19:30:35 +0000 - dagster - DEBUG - __ASSET_JOB - 70648b71-f0ef-4c34-a55b-eb1f81d34f10 - 18516 - silver_ready - HANDLED_OUTPUT - Handled output "result" using IO manager "io_manager"
2026-05-06 19:30:35 +0000 - dagster - DEBUG - __ASSET_JOB - 70648b71-f0ef-4c34-a55b-eb1f81d34f10 - 18516 - silver_ready - STEP_SUCCESS - Finished execution of step "silver_ready" in 1.47s.
