2026-05-06 19:17:20 +0000 - dagster - DEBUG - __ASSET_JOB - 70648b71-f0ef-4c34-a55b-eb1f81d34f10 - 11667 - LOGS_CAPTURED - Started capturing logs in process (pid: 11667).
2026-05-06 19:17:20 +0000 - dagster - DEBUG - __ASSET_JOB - 70648b71-f0ef-4c34-a55b-eb1f81d34f10 - 11667 - airbyte_sync - STEP_START - Started execution of step "airbyte_sync".
2026-05-06 19:17:20 +0000 - dagster - INFO - __ASSET_JOB - 70648b71-f0ef-4c34-a55b-eb1f81d34f10 - airbyte_sync - Obtention du token OAuth2 Airbyte...
2026-05-06 19:17:20 +0000 - dagster - INFO - __ASSET_JOB - 70648b71-f0ef-4c34-a55b-eb1f81d34f10 - airbyte_sync - Token OAuth2 obtenu.
2026-05-06 19:17:20 +0000 - dagster - INFO - __ASSET_JOB - 70648b71-f0ef-4c34-a55b-eb1f81d34f10 - airbyte_sync - Declenchement sync Airbyte connection_id=012ac2da-0a87-4781-8930-2f3fa69063c5...
2026-05-06 19:17:26 +0000 - dagster - INFO - __ASSET_JOB - 70648b71-f0ef-4c34-a55b-eb1f81d34f10 - airbyte_sync - Sync declenchee - job_id=65
2026-05-06 19:17:36 +0000 - dagster - INFO - __ASSET_JOB - 70648b71-f0ef-4c34-a55b-eb1f81d34f10 - airbyte_sync - [1/360] Airbyte job status: running
2026-05-06 19:17:46 +0000 - dagster - INFO - __ASSET_JOB - 70648b71-f0ef-4c34-a55b-eb1f81d34f10 - airbyte_sync - [2/360] Airbyte job status: running
2026-05-06 19:17:56 +0000 - dagster - INFO - __ASSET_JOB - 70648b71-f0ef-4c34-a55b-eb1f81d34f10 - airbyte_sync - [3/360] Airbyte job status: running
2026-05-06 19:18:06 +0000 - dagster - INFO - __ASSET_JOB - 70648b71-f0ef-4c34-a55b-eb1f81d34f10 - airbyte_sync - [4/360] Airbyte job status: running
2026-05-06 19:18:16 +0000 - dagster - INFO - __ASSET_JOB - 70648b71-f0ef-4c34-a55b-eb1f81d34f10 - airbyte_sync - [5/360] Airbyte job status: running
2026-05-06 19:18:26 +0000 - dagster - INFO - __ASSET_JOB - 70648b71-f0ef-4c34-a55b-eb1f81d34f10 - airbyte_sync - [6/360] Airbyte job status: running
2026-05-06 19:18:36 +0000 - dagster - INFO - __ASSET_JOB - 70648b71-f0ef-4c34-a55b-eb1f81d34f10 - airbyte_sync - [7/360] Airbyte job status: running
2026-05-06 19:18:46 +0000 - dagster - INFO - __ASSET_JOB - 70648b71-f0ef-4c34-a55b-eb1f81d34f10 - airbyte_sync - [8/360] Airbyte job status: running
2026-05-06 19:18:57 +0000 - dagster - INFO - __ASSET_JOB - 70648b71-f0ef-4c34-a55b-eb1f81d34f10 - airbyte_sync - [9/360] Airbyte job status: running
2026-05-06 19:19:07 +0000 - dagster - INFO - __ASSET_JOB - 70648b71-f0ef-4c34-a55b-eb1f81d34f10 - airbyte_sync - [10/360] Airbyte job status: running
2026-05-06 19:19:17 +0000 - dagster - INFO - __ASSET_JOB - 70648b71-f0ef-4c34-a55b-eb1f81d34f10 - airbyte_sync - [11/360] Airbyte job status: running
2026-05-06 19:19:27 +0000 - dagster - INFO - __ASSET_JOB - 70648b71-f0ef-4c34-a55b-eb1f81d34f10 - airbyte_sync - [12/360] Airbyte job status: succeeded
2026-05-06 19:19:27 +0000 - dagster - INFO - __ASSET_JOB - 70648b71-f0ef-4c34-a55b-eb1f81d34f10 - airbyte_sync - Sync Airbyte terminee avec succes.
2026-05-06 19:19:27 +0000 - dagster - DEBUG - __ASSET_JOB - 70648b71-f0ef-4c34-a55b-eb1f81d34f10 - 11667 - airbyte_sync - STEP_OUTPUT - Yielded output "result" of type "Any". (Type check passed).
2026-05-06 19:19:27 +0000 - dagster - DEBUG - __ASSET_JOB - 70648b71-f0ef-4c34-a55b-eb1f81d34f10 - airbyte_sync - Writing file at: /dagster/storage/airbyte_sync using PickledObjectFilesystemIOManager...
2026-05-06 19:19:27 +0000 - dagster - DEBUG - __ASSET_JOB - 70648b71-f0ef-4c34-a55b-eb1f81d34f10 - 11667 - airbyte_sync - ASSET_MATERIALIZATION - Materialized value airbyte_sync.
2026-05-06 19:19:27 +0000 - dagster - DEBUG - __ASSET_JOB - 70648b71-f0ef-4c34-a55b-eb1f81d34f10 - 11667 - airbyte_sync - HANDLED_OUTPUT - Handled output "result" using IO manager "io_manager"
2026-05-06 19:19:27 +0000 - dagster - DEBUG - __ASSET_JOB - 70648b71-f0ef-4c34-a55b-eb1f81d34f10 - 11667 - airbyte_sync - STEP_SUCCESS - Finished execution of step "airbyte_sync" in 2m7s.
