Running with dbt=1.7.19
Registered adapter: clickhouse=1.7.7
Unable to do partial parsing because of a version mismatch
Found 18 models, 125 tests, 10 sources, 0 exposures, 0 metrics, 545 macros, 1 group, 0 semantic models

Concurrency: 4 threads (target='dev')

1 of 18 START sql view model `gold`.`stg_client` ............................... [RUN]
2 of 18 START sql view model `gold`.`stg_document` ............................. [RUN]
3 of 18 START sql view model `gold`.`stg_document_line` ........................ [RUN]
4 of 18 START sql view model `gold`.`stg_document_status` ...................... [RUN]
1 of 18 OK created sql view model `gold`.`stg_client` .......................... [[32mOK[0m in 0.47s]
2 of 18 OK created sql view model `gold`.`stg_document` ........................ [[32mOK[0m in 0.48s]
3 of 18 OK created sql view model `gold`.`stg_document_line` ................... [[32mOK[0m in 0.49s]
5 of 18 START sql view model `gold`.`stg_document_type` ........................ [RUN]
6 of 18 START sql view model `gold`.`stg_family` ............................... [RUN]
7 of 18 START sql view model `gold`.`stg_geographical_area` .................... [RUN]
4 of 18 OK created sql view model `gold`.`stg_document_status` ................. [[32mOK[0m in 0.56s]
8 of 18 START sql view model `gold`.`stg_item` ................................. [RUN]
5 of 18 OK created sql view model `gold`.`stg_document_type` ................... [[32mOK[0m in 0.31s]
9 of 18 START sql view model `gold`.`stg_product_item` ......................... [RUN]
6 of 18 OK created sql view model `gold`.`stg_family` .......................... [[32mOK[0m in 0.32s]
7 of 18 OK created sql view model `gold`.`stg_geographical_area` ............... [[32mOK[0m in 0.33s]
10 of 18 START sql view model `gold`.`stg_warehouse` ........................... [RUN]
11 of 18 START sql table model `gold`.`dim_client` ............................. [RUN]
8 of 18 OK created sql view model `gold`.`stg_item` ............................ [[32mOK[0m in 0.43s]
12 of 18 START sql table model `gold`.`dim_date` ............................... [RUN]
9 of 18 OK created sql view model `gold`.`stg_product_item` .................... [[32mOK[0m in 0.46s]
10 of 18 OK created sql view model `gold`.`stg_warehouse` ...................... [[32mOK[0m in 0.44s]
13 of 18 START sql table model `gold`.`dim_document_status` .................... [RUN]
14 of 18 START sql table model `gold`.`dim_document_type` ...................... [RUN]
11 of 18 OK created sql table model `gold`.`dim_client` ........................ [[32mOK[0m in 0.59s]
15 of 18 START sql table model `gold`.`dim_geographical_area` .................. [RUN]
14 of 18 OK created sql table model `gold`.`dim_document_type` ................. [[32mOK[0m in 0.34s]
16 of 18 START sql table model `gold`.`dim_item` ............................... [RUN]
12 of 18 OK created sql table model `gold`.`dim_date` .......................... [[32mOK[0m in 0.97s]
17 of 18 START sql table model `gold`.`dim_warehouse` .......................... [RUN]
15 of 18 OK created sql table model `gold`.`dim_geographical_area` ............. [[32mOK[0m in 2.81s]
13 of 18 OK created sql table model `gold`.`dim_document_status` ............... [[32mOK[0m in 3.02s]
17 of 18 OK created sql table model `gold`.`dim_warehouse` ..................... [[32mOK[0m in 2.36s]
16 of 18 OK created sql table model `gold`.`dim_item` .......................... [[32mOK[0m in 4.10s]
18 of 18 START sql table model `gold`.`fact_sales` ............................. [RUN]
18 of 18 OK created sql table model `gold`.`fact_sales` ........................ [[32mOK[0m in 16.08s]

Finished running 10 view models, 8 table models in 0 hours 0 minutes and 22.24 seconds (22.24s).

[32mCompleted successfully[0m

Done. PASS=18 WARN=0 ERROR=0 SKIP=0 TOTAL=18
