2026-05-12 14:58:17 +0000 - dagster - DEBUG - __ASSET_JOB - 540708d0-86a0-4d50-b4e3-72a828e5661c - 9919 - LOGS_CAPTURED - Started capturing logs in process (pid: 9919).
2026-05-12 14:58:17 +0000 - dagster - DEBUG - __ASSET_JOB - 540708d0-86a0-4d50-b4e3-72a828e5661c - 9919 - sagap_dbt_assets - STEP_START - Started execution of step "sagap_dbt_assets".
2026-05-12 14:58:17 +0000 - dagster - INFO - __ASSET_JOB - 540708d0-86a0-4d50-b4e3-72a828e5661c - sagap_dbt_assets - A dbt subsetted execution is not being performed. Using the default dbt selection arguments `['--select', 'fqn:*']`.
2026-05-12 14:58:18 +0000 - dagster - INFO - __ASSET_JOB - 540708d0-86a0-4d50-b4e3-72a828e5661c - sagap_dbt_assets - Copying `/dbt/target/partial_parse.msgpack` to `/dbt/target/sagap_dbt_assets-540708d-2dad047/partial_parse.msgpack` to take advantage of partial parsing.
2026-05-12 14:58:18 +0000 - dagster - INFO - __ASSET_JOB - 540708d0-86a0-4d50-b4e3-72a828e5661c - sagap_dbt_assets - Running dbt command: `dbt run --target dev --select fqn:*`.
2026-05-12 14:58:24 +0000 - dagster - DEBUG - __ASSET_JOB - 540708d0-86a0-4d50-b4e3-72a828e5661c - 9919 - sagap_dbt_assets - STEP_OUTPUT - Yielded output "model_sagap_stg_client" of type "Nothing". (Type check passed).
2026-05-12 14:58:24 +0000 - dagster - DEBUG - __ASSET_JOB - 540708d0-86a0-4d50-b4e3-72a828e5661c - 9919 - sagap_dbt_assets - ASSET_MATERIALIZATION - Materialized value stg_client.
2026-05-12 14:58:24 +0000 - dagster - DEBUG - __ASSET_JOB - 540708d0-86a0-4d50-b4e3-72a828e5661c - 9919 - sagap_dbt_assets - STEP_OUTPUT - Yielded output "model_sagap_stg_document" of type "Nothing". (Type check passed).
2026-05-12 14:58:24 +0000 - dagster - DEBUG - __ASSET_JOB - 540708d0-86a0-4d50-b4e3-72a828e5661c - 9919 - sagap_dbt_assets - ASSET_MATERIALIZATION - Materialized value stg_document.
2026-05-12 14:58:24 +0000 - dagster - DEBUG - __ASSET_JOB - 540708d0-86a0-4d50-b4e3-72a828e5661c - 9919 - sagap_dbt_assets - STEP_OUTPUT - Yielded output "model_sagap_stg_document_line" of type "Nothing". (Type check passed).
2026-05-12 14:58:24 +0000 - dagster - DEBUG - __ASSET_JOB - 540708d0-86a0-4d50-b4e3-72a828e5661c - 9919 - sagap_dbt_assets - ASSET_MATERIALIZATION - Materialized value stg_document_line.
2026-05-12 14:58:24 +0000 - dagster - DEBUG - __ASSET_JOB - 540708d0-86a0-4d50-b4e3-72a828e5661c - 9919 - sagap_dbt_assets - STEP_OUTPUT - Yielded output "model_sagap_stg_document_status" of type "Nothing". (Type check passed).
2026-05-12 14:58:24 +0000 - dagster - DEBUG - __ASSET_JOB - 540708d0-86a0-4d50-b4e3-72a828e5661c - 9919 - sagap_dbt_assets - ASSET_MATERIALIZATION - Materialized value stg_document_status.
2026-05-12 14:58:24 +0000 - dagster - DEBUG - __ASSET_JOB - 540708d0-86a0-4d50-b4e3-72a828e5661c - 9919 - sagap_dbt_assets - STEP_OUTPUT - Yielded output "model_sagap_stg_document_type" of type "Nothing". (Type check passed).
2026-05-12 14:58:25 +0000 - dagster - DEBUG - __ASSET_JOB - 540708d0-86a0-4d50-b4e3-72a828e5661c - 9919 - sagap_dbt_assets - ASSET_MATERIALIZATION - Materialized value stg_document_type.
2026-05-12 14:58:25 +0000 - dagster - DEBUG - __ASSET_JOB - 540708d0-86a0-4d50-b4e3-72a828e5661c - 9919 - sagap_dbt_assets - STEP_OUTPUT - Yielded output "model_sagap_stg_family" of type "Nothing". (Type check passed).
2026-05-12 14:58:25 +0000 - dagster - DEBUG - __ASSET_JOB - 540708d0-86a0-4d50-b4e3-72a828e5661c - 9919 - sagap_dbt_assets - ASSET_MATERIALIZATION - Materialized value stg_family.
2026-05-12 14:58:25 +0000 - dagster - DEBUG - __ASSET_JOB - 540708d0-86a0-4d50-b4e3-72a828e5661c - 9919 - sagap_dbt_assets - STEP_OUTPUT - Yielded output "model_sagap_stg_geographical_area" of type "Nothing". (Type check passed).
2026-05-12 14:58:25 +0000 - dagster - DEBUG - __ASSET_JOB - 540708d0-86a0-4d50-b4e3-72a828e5661c - 9919 - sagap_dbt_assets - ASSET_MATERIALIZATION - Materialized value stg_geographical_area.
2026-05-12 14:58:25 +0000 - dagster - DEBUG - __ASSET_JOB - 540708d0-86a0-4d50-b4e3-72a828e5661c - 9919 - sagap_dbt_assets - STEP_OUTPUT - Yielded output "model_sagap_stg_item" of type "Nothing". (Type check passed).
2026-05-12 14:58:25 +0000 - dagster - DEBUG - __ASSET_JOB - 540708d0-86a0-4d50-b4e3-72a828e5661c - 9919 - sagap_dbt_assets - ASSET_MATERIALIZATION - Materialized value stg_item.
2026-05-12 14:58:25 +0000 - dagster - DEBUG - __ASSET_JOB - 540708d0-86a0-4d50-b4e3-72a828e5661c - 9919 - sagap_dbt_assets - STEP_OUTPUT - Yielded output "model_sagap_stg_product_item" of type "Nothing". (Type check passed).
2026-05-12 14:58:25 +0000 - dagster - DEBUG - __ASSET_JOB - 540708d0-86a0-4d50-b4e3-72a828e5661c - 9919 - sagap_dbt_assets - ASSET_MATERIALIZATION - Materialized value stg_product_item.
2026-05-12 14:58:25 +0000 - dagster - DEBUG - __ASSET_JOB - 540708d0-86a0-4d50-b4e3-72a828e5661c - 9919 - sagap_dbt_assets - STEP_OUTPUT - Yielded output "model_sagap_stg_warehouse" of type "Nothing". (Type check passed).
2026-05-12 14:58:25 +0000 - dagster - DEBUG - __ASSET_JOB - 540708d0-86a0-4d50-b4e3-72a828e5661c - 9919 - sagap_dbt_assets - ASSET_MATERIALIZATION - Materialized value stg_warehouse.
2026-05-12 14:58:25 +0000 - dagster - DEBUG - __ASSET_JOB - 540708d0-86a0-4d50-b4e3-72a828e5661c - 9919 - sagap_dbt_assets - STEP_OUTPUT - Yielded output "model_sagap_dim_client" of type "Nothing". (Type check passed).
2026-05-12 14:58:25 +0000 - dagster - DEBUG - __ASSET_JOB - 540708d0-86a0-4d50-b4e3-72a828e5661c - 9919 - sagap_dbt_assets - ASSET_MATERIALIZATION - Materialized value dim_client.
2026-05-12 14:58:25 +0000 - dagster - DEBUG - __ASSET_JOB - 540708d0-86a0-4d50-b4e3-72a828e5661c - 9919 - sagap_dbt_assets - STEP_OUTPUT - Yielded output "model_sagap_dim_document_type" of type "Nothing". (Type check passed).
2026-05-12 14:58:26 +0000 - dagster - DEBUG - __ASSET_JOB - 540708d0-86a0-4d50-b4e3-72a828e5661c - 9919 - sagap_dbt_assets - ASSET_MATERIALIZATION - Materialized value dim_document_type.
2026-05-12 14:58:26 +0000 - dagster - DEBUG - __ASSET_JOB - 540708d0-86a0-4d50-b4e3-72a828e5661c - 9919 - sagap_dbt_assets - STEP_OUTPUT - Yielded output "model_sagap_dim_date" of type "Nothing". (Type check passed).
2026-05-12 14:58:26 +0000 - dagster - DEBUG - __ASSET_JOB - 540708d0-86a0-4d50-b4e3-72a828e5661c - 9919 - sagap_dbt_assets - ASSET_MATERIALIZATION - Materialized value dim_date.
2026-05-12 14:58:28 +0000 - dagster - DEBUG - __ASSET_JOB - 540708d0-86a0-4d50-b4e3-72a828e5661c - 9919 - sagap_dbt_assets - STEP_OUTPUT - Yielded output "model_sagap_dim_geographical_area" of type "Nothing". (Type check passed).
2026-05-12 14:58:29 +0000 - dagster - DEBUG - __ASSET_JOB - 540708d0-86a0-4d50-b4e3-72a828e5661c - 9919 - sagap_dbt_assets - ASSET_MATERIALIZATION - Materialized value dim_geographical_area.
2026-05-12 14:58:29 +0000 - dagster - DEBUG - __ASSET_JOB - 540708d0-86a0-4d50-b4e3-72a828e5661c - 9919 - sagap_dbt_assets - STEP_OUTPUT - Yielded output "model_sagap_dim_document_status" of type "Nothing". (Type check passed).
2026-05-12 14:58:29 +0000 - dagster - DEBUG - __ASSET_JOB - 540708d0-86a0-4d50-b4e3-72a828e5661c - 9919 - sagap_dbt_assets - ASSET_MATERIALIZATION - Materialized value dim_document_status.
2026-05-12 14:58:29 +0000 - dagster - DEBUG - __ASSET_JOB - 540708d0-86a0-4d50-b4e3-72a828e5661c - 9919 - sagap_dbt_assets - STEP_OUTPUT - Yielded output "model_sagap_dim_warehouse" of type "Nothing". (Type check passed).
2026-05-12 14:58:30 +0000 - dagster - DEBUG - __ASSET_JOB - 540708d0-86a0-4d50-b4e3-72a828e5661c - 9919 - sagap_dbt_assets - ASSET_MATERIALIZATION - Materialized value dim_warehouse.
2026-05-12 14:58:30 +0000 - dagster - DEBUG - __ASSET_JOB - 540708d0-86a0-4d50-b4e3-72a828e5661c - 9919 - sagap_dbt_assets - STEP_OUTPUT - Yielded output "model_sagap_dim_item" of type "Nothing". (Type check passed).
2026-05-12 14:58:31 +0000 - dagster - DEBUG - __ASSET_JOB - 540708d0-86a0-4d50-b4e3-72a828e5661c - 9919 - sagap_dbt_assets - ASSET_MATERIALIZATION - Materialized value dim_item.
2026-05-12 14:58:46 +0000 - dagster - DEBUG - __ASSET_JOB - 540708d0-86a0-4d50-b4e3-72a828e5661c - 9919 - sagap_dbt_assets - STEP_OUTPUT - Yielded output "model_sagap_fact_sales" of type "Nothing". (Type check passed).
2026-05-12 14:58:46 +0000 - dagster - DEBUG - __ASSET_JOB - 540708d0-86a0-4d50-b4e3-72a828e5661c - 9919 - sagap_dbt_assets - ASSET_MATERIALIZATION - Materialized value fact_sales.
2026-05-12 14:58:46 +0000 - dagster - INFO - __ASSET_JOB - 540708d0-86a0-4d50-b4e3-72a828e5661c - sagap_dbt_assets - Finished dbt command: `dbt run --target dev --select fqn:*`.
2026-05-12 14:58:46 +0000 - dagster - INFO - __ASSET_JOB - 540708d0-86a0-4d50-b4e3-72a828e5661c - sagap_dbt_assets - op 'sagap_dbt_assets' did not yield or return expected outputs {'fact_sales_not_null_fact_sales_ItemSK', 'dim_warehouse_unique_dim_warehouse_WarehouseBK', 'fact_sales_relationships_fact_sales_ClientSK__ClientSK__ref_dim_client_', 'fact_sales_assert_fact_sales_discount_coherence', 'dim_date_not_null_dim_date_MonthName', 'dim_warehouse_not_null_dim_warehouse_WarehouseBK', 'dim_document_status_not_null_dim_document_status_DocumentStatusBK', 'fact_sales_not_null_fact_sales_LinePrice', 'dim_date_dbt_utils_accepted_range_dim_date_Quarter__4__1', 'dim_geographical_area_not_null_dim_geographical_area_GeographicalAreaSK', 'dim_item_not_null_dim_item_ItemCode', 'fact_sales_relationships_fact_sales_GeographicalAreaSK__GeographicalAreaSK__ref_dim_geographical_area_', 'dim_client_not_null_dim_client_ClientBK', 'dim_date_dbt_utils_accepted_range_dim_date_Month__12__1', 'dim_client_accepted_values_dim_client_IsActive__0__1', 'dim_date_not_null_dim_date_DateBK', 'dim_client_not_null_dim_client_IsActive', 'fact_sales_relationships_fact_sales_DocumentStatusSK__DocumentStatusSK__ref_dim_document_status_', 'dim_document_type_unique_dim_document_type_DocumentTypeBK', 'dim_client_accepted_values_dim_client_IsBTOB__0__1', 'dim_document_type_not_null_dim_document_type_DocumentTypeBK', 'fact_sales_not_null_fact_sales_Quantity', 'dim_client_not_null_dim_client_IsBTOB', 'dim_client_not_null_dim_client_ClientCode', 'dim_warehouse_not_null_dim_warehouse_WarehouseCode', 'dim_date_unique_dim_date_DateBK', 'fact_sales_relationships_fact_sales_ItemSK__ItemSK__ref_dim_item_', 'fact_sales_not_null_fact_sales_ClientSK', 'dim_date_not_null_dim_date_Day', 'dim_document_status_unique_dim_document_status_DocumentStatusSK', 'fact_sales_relationships_fact_sales_DocumentTypeSK__DocumentTypeSK__ref_dim_document_type_', 'dim_date_dbt_utils_accepted_range_dim_date_Day__31__1', 'dim_document_type_unique_dim_document_type_DocumentTypeSK', 'dim_item_unique_dim_item_ItemSK', 'dim_date_unique_dim_date_DateSK', 'dim_client_not_null_dim_client_ClientName', 'dim_client_not_null_dim_client_ClientSK', 'dim_warehouse_not_null_dim_warehouse_WarehouseSK', 'fact_sales_not_null_fact_sales_DocumentStatusSK', 'dim_document_type_not_null_dim_document_type_DocumentTypeSK', 'dim_geographical_area_unique_dim_geographical_area_GeographicalAreaSK', 'fact_sales_assert_fact_sales_no_negative_priceTT', 'dim_client_unique_dim_client_ClientSK', 'dim_date_dbt_utils_accepted_range_dim_date_Year__2027__2000', 'dim_date_not_null_dim_date_DayName', 'dim_document_type_not_null_dim_document_type_DocumentTypeLabel', 'dim_date_not_null_dim_date_Month', 'dim_geographical_area_not_null_dim_geographical_area_GeographicalAreaBK', 'fact_sales_relationships_fact_sales_DateSK__DateSK__ref_dim_date_', 'fact_sales_not_null_fact_sales_DocumentCode', 'dim_document_status_not_null_dim_document_status_DocumentStatusLabel', 'dim_client_unique_dim_client_ClientBK', 'dim_date_accepted_values_dim_date_DayName__Lundi__Mardi__Mercredi__Jeudi__Vendredi__Samedi__Dimanche', 'dim_date_accepted_values_dim_date_MonthName__Janvier__F_vrier__Mars__Avril__Mai__Juin__Juillet__Ao_t__Septembre__Octobre__Novembre__D_cembre', 'dim_document_status_unique_dim_document_status_DocumentStatusBK', 'dim_date_not_null_dim_date_DateSK', 'fact_sales_not_null_fact_sales_DateSK', 'dim_date_not_null_dim_date_Quarter', 'fact_sales_not_null_fact_sales_GeographicalAreaSK', 'dim_geographical_area_unique_dim_geographical_area_GeographicalAreaBK', 'dim_warehouse_not_null_dim_warehouse_WarehouseName', 'dim_item_unique_dim_item_ItemBK', 'dim_document_status_not_null_dim_document_status_DocumentStatusSK', 'dim_item_not_null_dim_item_ItemBK', 'dim_geographical_area_not_null_dim_geographical_area_GeographicalAreaLabel', 'dim_date_not_null_dim_date_Year', 'dim_item_not_null_dim_item_ItemLabel', 'dim_warehouse_unique_dim_warehouse_WarehouseSK', 'dim_item_not_null_dim_item_ItemSK', 'fact_sales_not_null_fact_sales_DocumentTypeSK'}.
2026-05-12 14:58:46 +0000 - dagster - DEBUG - __ASSET_JOB - 540708d0-86a0-4d50-b4e3-72a828e5661c - 9919 - sagap_dbt_assets - STEP_SUCCESS - Finished execution of step "sagap_dbt_assets" in 29.63s.
