2026-05-05 15:02:26 +0000 - dagster - DEBUG - __ASSET_JOB - 76b8f357-be95-44d8-a5da-c8a725dbcd31 - 271442 - LOGS_CAPTURED - Started capturing logs in process (pid: 271442).
2026-05-05 15:02:26 +0000 - dagster - DEBUG - __ASSET_JOB - 76b8f357-be95-44d8-a5da-c8a725dbcd31 - 271442 - airbyte_sync - STEP_START - Started execution of step "airbyte_sync".
2026-05-05 15:02:26 +0000 - dagster - INFO - __ASSET_JOB - 76b8f357-be95-44d8-a5da-c8a725dbcd31 - airbyte_sync - Obtention du token OAuth2 Airbyte...
2026-05-05 15:02:26 +0000 - dagster - INFO - __ASSET_JOB - 76b8f357-be95-44d8-a5da-c8a725dbcd31 - airbyte_sync - Token OAuth2 obtenu.
2026-05-05 15:02:26 +0000 - dagster - INFO - __ASSET_JOB - 76b8f357-be95-44d8-a5da-c8a725dbcd31 - airbyte_sync - Declenchement sync Airbyte connection_id=012ac2da-0a87-4781-8930-2f3fa69063c5...
2026-05-05 15:02:38 +0000 - dagster - INFO - __ASSET_JOB - 76b8f357-be95-44d8-a5da-c8a725dbcd31 - airbyte_sync - Sync declenchee - job_id=64
2026-05-05 15:02:49 +0000 - dagster - INFO - __ASSET_JOB - 76b8f357-be95-44d8-a5da-c8a725dbcd31 - airbyte_sync - [1/360] Airbyte job status: running
2026-05-05 15:02:59 +0000 - dagster - INFO - __ASSET_JOB - 76b8f357-be95-44d8-a5da-c8a725dbcd31 - airbyte_sync - [2/360] Airbyte job status: running
2026-05-05 15:03:09 +0000 - dagster - INFO - __ASSET_JOB - 76b8f357-be95-44d8-a5da-c8a725dbcd31 - airbyte_sync - [3/360] Airbyte job status: running
2026-05-05 15:03:19 +0000 - dagster - INFO - __ASSET_JOB - 76b8f357-be95-44d8-a5da-c8a725dbcd31 - airbyte_sync - [4/360] Airbyte job status: running
2026-05-05 15:03:29 +0000 - dagster - INFO - __ASSET_JOB - 76b8f357-be95-44d8-a5da-c8a725dbcd31 - airbyte_sync - [5/360] Airbyte job status: running
2026-05-05 15:03:39 +0000 - dagster - INFO - __ASSET_JOB - 76b8f357-be95-44d8-a5da-c8a725dbcd31 - airbyte_sync - [6/360] Airbyte job status: running
2026-05-05 15:03:50 +0000 - dagster - INFO - __ASSET_JOB - 76b8f357-be95-44d8-a5da-c8a725dbcd31 - airbyte_sync - [7/360] Airbyte job status: running
2026-05-05 15:04:01 +0000 - dagster - INFO - __ASSET_JOB - 76b8f357-be95-44d8-a5da-c8a725dbcd31 - airbyte_sync - [8/360] Airbyte job status: running
2026-05-05 15:04:11 +0000 - dagster - INFO - __ASSET_JOB - 76b8f357-be95-44d8-a5da-c8a725dbcd31 - airbyte_sync - [9/360] Airbyte job status: running
2026-05-05 15:04:21 +0000 - dagster - INFO - __ASSET_JOB - 76b8f357-be95-44d8-a5da-c8a725dbcd31 - airbyte_sync - [10/360] Airbyte job status: incomplete
2026-05-05 15:04:21 +0000 - dagster - ERROR - __ASSET_JOB - 76b8f357-be95-44d8-a5da-c8a725dbcd31 - 271442 - airbyte_sync - STEP_FAILURE - Execution of step "airbyte_sync" failed.

dagster._core.errors.DagsterExecutionStepExecutionError: Error occurred while executing op "airbyte_sync"::

Exception: Sync Airbyte echouee - status=incomplete, job_id=64

Stack Trace:
  File "/usr/local/lib/python3.11/site-packages/dagster/_core/execution/plan/utils.py", line 54, in op_execution_error_boundary
    yield
  File "/usr/local/lib/python3.11/site-packages/dagster/_utils/__init__.py", line 473, in iterate_with_context
    next_output = next(iterator)
                  ^^^^^^^^^^^^^^
  File "/usr/local/lib/python3.11/site-packages/dagster/_core/execution/plan/compute_generator.py", line 141, in _coerce_op_compute_fn_to_iterator
    result = invoke_compute_fn(
             ^^^^^^^^^^^^^^^^^^
  File "/usr/local/lib/python3.11/site-packages/dagster/_core/execution/plan/compute_generator.py", line 129, in invoke_compute_fn
    return fn(context, **args_to_pass) if context_arg_provided else fn(**args_to_pass)
           ^^^^^^^^^^^^^^^^^^^^^^^^^^^
  File "/dagster/pipeline.py", line 168, in airbyte_sync
    raise Exception(f"Sync Airbyte echouee - status={status}, job_id={job_id}")

