2026-04-15 09:23:48 +0000 - dagster - DEBUG - full_pipeline - d191a204-0959-4c25-81e4-f4f0216d6505 - 17629 - LOGS_CAPTURED - Started capturing logs in process (pid: 17629).
2026-04-15 09:23:48 +0000 - dagster - DEBUG - full_pipeline - d191a204-0959-4c25-81e4-f4f0216d6505 - 17629 - airbyte_sync - STEP_START - Started execution of step "airbyte_sync".
2026-04-15 09:23:48 +0000 - dagster - INFO - full_pipeline - d191a204-0959-4c25-81e4-f4f0216d6505 - airbyte_sync - Obtention du token OAuth2 Airbyte...
2026-04-15 09:23:48 +0000 - dagster - INFO - full_pipeline - d191a204-0959-4c25-81e4-f4f0216d6505 - airbyte_sync - Token OAuth2 obtenu.
2026-04-15 09:23:48 +0000 - dagster - INFO - full_pipeline - d191a204-0959-4c25-81e4-f4f0216d6505 - airbyte_sync - Déclenchement sync Airbyte connection_id=012ac2da-0a87-4781-8930-2f3fa69063c5...
2026-04-15 09:23:53 +0000 - dagster - INFO - full_pipeline - d191a204-0959-4c25-81e4-f4f0216d6505 - airbyte_sync - Sync déclenchée — job_id=50
2026-04-15 09:24:04 +0000 - dagster - INFO - full_pipeline - d191a204-0959-4c25-81e4-f4f0216d6505 - airbyte_sync - [1/360] Airbyte job status: running
2026-04-15 09:24:14 +0000 - dagster - INFO - full_pipeline - d191a204-0959-4c25-81e4-f4f0216d6505 - airbyte_sync - [2/360] Airbyte job status: running
2026-04-15 09:24:24 +0000 - dagster - INFO - full_pipeline - d191a204-0959-4c25-81e4-f4f0216d6505 - airbyte_sync - [3/360] Airbyte job status: running
2026-04-15 09:24:34 +0000 - dagster - INFO - full_pipeline - d191a204-0959-4c25-81e4-f4f0216d6505 - airbyte_sync - [4/360] Airbyte job status: running
2026-04-15 09:24:44 +0000 - dagster - INFO - full_pipeline - d191a204-0959-4c25-81e4-f4f0216d6505 - airbyte_sync - [5/360] Airbyte job status: running
2026-04-15 09:24:54 +0000 - dagster - INFO - full_pipeline - d191a204-0959-4c25-81e4-f4f0216d6505 - airbyte_sync - [6/360] Airbyte job status: running
2026-04-15 09:25:04 +0000 - dagster - INFO - full_pipeline - d191a204-0959-4c25-81e4-f4f0216d6505 - airbyte_sync - [7/360] Airbyte job status: running
2026-04-15 09:25:14 +0000 - dagster - INFO - full_pipeline - d191a204-0959-4c25-81e4-f4f0216d6505 - airbyte_sync - [8/360] Airbyte job status: running
2026-04-15 09:25:24 +0000 - dagster - INFO - full_pipeline - d191a204-0959-4c25-81e4-f4f0216d6505 - airbyte_sync - [9/360] Airbyte job status: running
2026-04-15 09:25:34 +0000 - dagster - INFO - full_pipeline - d191a204-0959-4c25-81e4-f4f0216d6505 - airbyte_sync - [10/360] Airbyte job status: running
2026-04-15 09:25:44 +0000 - dagster - INFO - full_pipeline - d191a204-0959-4c25-81e4-f4f0216d6505 - airbyte_sync - [11/360] Airbyte job status: running
2026-04-15 09:25:54 +0000 - dagster - INFO - full_pipeline - d191a204-0959-4c25-81e4-f4f0216d6505 - airbyte_sync - [12/360] Airbyte job status: running
2026-04-15 09:26:04 +0000 - dagster - INFO - full_pipeline - d191a204-0959-4c25-81e4-f4f0216d6505 - airbyte_sync - [13/360] Airbyte job status: running
2026-04-15 09:26:14 +0000 - dagster - INFO - full_pipeline - d191a204-0959-4c25-81e4-f4f0216d6505 - airbyte_sync - [14/360] Airbyte job status: running
2026-04-15 09:26:24 +0000 - dagster - INFO - full_pipeline - d191a204-0959-4c25-81e4-f4f0216d6505 - airbyte_sync - [15/360] Airbyte job status: running
2026-04-15 09:26:34 +0000 - dagster - INFO - full_pipeline - d191a204-0959-4c25-81e4-f4f0216d6505 - airbyte_sync - [16/360] Airbyte job status: running
2026-04-15 09:26:44 +0000 - dagster - INFO - full_pipeline - d191a204-0959-4c25-81e4-f4f0216d6505 - airbyte_sync - [17/360] Airbyte job status: running
2026-04-15 09:26:54 +0000 - dagster - INFO - full_pipeline - d191a204-0959-4c25-81e4-f4f0216d6505 - airbyte_sync - [18/360] Airbyte job status: running
2026-04-15 09:27:04 +0000 - dagster - INFO - full_pipeline - d191a204-0959-4c25-81e4-f4f0216d6505 - airbyte_sync - [19/360] Airbyte job status: succeeded
2026-04-15 09:27:04 +0000 - dagster - INFO - full_pipeline - d191a204-0959-4c25-81e4-f4f0216d6505 - airbyte_sync - Sync Airbyte terminée avec succès.
2026-04-15 09:27:04 +0000 - dagster - DEBUG - full_pipeline - d191a204-0959-4c25-81e4-f4f0216d6505 - 17629 - airbyte_sync - STEP_OUTPUT - Yielded output "result" of type "Any". (Type check passed).
2026-04-15 09:27:05 +0000 - dagster - DEBUG - full_pipeline - d191a204-0959-4c25-81e4-f4f0216d6505 - airbyte_sync - Writing file at: /dagster/storage/airbyte_sync using PickledObjectFilesystemIOManager...
2026-04-15 09:27:05 +0000 - dagster - DEBUG - full_pipeline - d191a204-0959-4c25-81e4-f4f0216d6505 - 17629 - airbyte_sync - ASSET_MATERIALIZATION - Materialized value airbyte_sync.
2026-04-15 09:27:05 +0000 - dagster - DEBUG - full_pipeline - d191a204-0959-4c25-81e4-f4f0216d6505 - 17629 - airbyte_sync - HANDLED_OUTPUT - Handled output "result" using IO manager "io_manager"
2026-04-15 09:27:05 +0000 - dagster - DEBUG - full_pipeline - d191a204-0959-4c25-81e4-f4f0216d6505 - 17629 - airbyte_sync - STEP_SUCCESS - Finished execution of step "airbyte_sync" in 3m17s.
