2026-04-15 09:27:08 +0000 - dagster - DEBUG - full_pipeline - d191a204-0959-4c25-81e4-f4f0216d6505 - 19411 - LOGS_CAPTURED - Started capturing logs in process (pid: 19411).
2026-04-15 09:27:08 +0000 - dagster - DEBUG - full_pipeline - d191a204-0959-4c25-81e4-f4f0216d6505 - 19411 - dbt_staging - STEP_START - Started execution of step "dbt_staging".
2026-04-15 09:27:08 +0000 - dagster - INFO - full_pipeline - d191a204-0959-4c25-81e4-f4f0216d6505 - dbt_staging - A dbt subsetted execution is not being performed. Using the default dbt selection arguments `['--select', 'staging']`.
2026-04-15 09:27:09 +0000 - dagster - INFO - full_pipeline - d191a204-0959-4c25-81e4-f4f0216d6505 - dbt_staging - Copying `/dbt/target/partial_parse.msgpack` to `/dbt/target/dbt_staging-d191a20-f3158ae/partial_parse.msgpack` to take advantage of partial parsing.
2026-04-15 09:27:09 +0000 - dagster - INFO - full_pipeline - d191a204-0959-4c25-81e4-f4f0216d6505 - dbt_staging - Running dbt command: `dbt run --select staging --target dev --select staging`.
2026-04-15 09:27:13 +0000 - dagster - DEBUG - full_pipeline - d191a204-0959-4c25-81e4-f4f0216d6505 - 19411 - dbt_staging - STEP_OUTPUT - Yielded output "model_sagap_stg_document" of type "Nothing". (Type check passed).
2026-04-15 09:27:13 +0000 - dagster - DEBUG - full_pipeline - d191a204-0959-4c25-81e4-f4f0216d6505 - 19411 - dbt_staging - ASSET_MATERIALIZATION - Materialized value stg_document.
2026-04-15 09:27:13 +0000 - dagster - DEBUG - full_pipeline - d191a204-0959-4c25-81e4-f4f0216d6505 - 19411 - dbt_staging - STEP_OUTPUT - Yielded output "model_sagap_stg_client" of type "Nothing". (Type check passed).
2026-04-15 09:27:13 +0000 - dagster - DEBUG - full_pipeline - d191a204-0959-4c25-81e4-f4f0216d6505 - 19411 - dbt_staging - ASSET_MATERIALIZATION - Materialized value stg_client.
2026-04-15 09:27:13 +0000 - dagster - DEBUG - full_pipeline - d191a204-0959-4c25-81e4-f4f0216d6505 - 19411 - dbt_staging - STEP_OUTPUT - Yielded output "model_sagap_stg_document_status" of type "Nothing". (Type check passed).
2026-04-15 09:27:13 +0000 - dagster - DEBUG - full_pipeline - d191a204-0959-4c25-81e4-f4f0216d6505 - 19411 - dbt_staging - ASSET_MATERIALIZATION - Materialized value stg_document_status.
2026-04-15 09:27:13 +0000 - dagster - DEBUG - full_pipeline - d191a204-0959-4c25-81e4-f4f0216d6505 - 19411 - dbt_staging - STEP_OUTPUT - Yielded output "model_sagap_stg_document_type" of type "Nothing". (Type check passed).
2026-04-15 09:27:13 +0000 - dagster - DEBUG - full_pipeline - d191a204-0959-4c25-81e4-f4f0216d6505 - 19411 - dbt_staging - ASSET_MATERIALIZATION - Materialized value stg_document_type.
2026-04-15 09:27:13 +0000 - dagster - DEBUG - full_pipeline - d191a204-0959-4c25-81e4-f4f0216d6505 - 19411 - dbt_staging - STEP_OUTPUT - Yielded output "model_sagap_stg_document_line" of type "Nothing". (Type check passed).
2026-04-15 09:27:13 +0000 - dagster - DEBUG - full_pipeline - d191a204-0959-4c25-81e4-f4f0216d6505 - 19411 - dbt_staging - ASSET_MATERIALIZATION - Materialized value stg_document_line.
2026-04-15 09:27:13 +0000 - dagster - DEBUG - full_pipeline - d191a204-0959-4c25-81e4-f4f0216d6505 - 19411 - dbt_staging - STEP_OUTPUT - Yielded output "model_sagap_stg_geographical_area" of type "Nothing". (Type check passed).
2026-04-15 09:27:13 +0000 - dagster - DEBUG - full_pipeline - d191a204-0959-4c25-81e4-f4f0216d6505 - 19411 - dbt_staging - ASSET_MATERIALIZATION - Materialized value stg_geographical_area.
2026-04-15 09:27:13 +0000 - dagster - DEBUG - full_pipeline - d191a204-0959-4c25-81e4-f4f0216d6505 - 19411 - dbt_staging - STEP_OUTPUT - Yielded output "model_sagap_stg_product_item" of type "Nothing". (Type check passed).
2026-04-15 09:27:13 +0000 - dagster - DEBUG - full_pipeline - d191a204-0959-4c25-81e4-f4f0216d6505 - 19411 - dbt_staging - ASSET_MATERIALIZATION - Materialized value stg_product_item.
2026-04-15 09:27:13 +0000 - dagster - DEBUG - full_pipeline - d191a204-0959-4c25-81e4-f4f0216d6505 - 19411 - dbt_staging - STEP_OUTPUT - Yielded output "model_sagap_stg_item" of type "Nothing". (Type check passed).
2026-04-15 09:27:14 +0000 - dagster - DEBUG - full_pipeline - d191a204-0959-4c25-81e4-f4f0216d6505 - 19411 - dbt_staging - ASSET_MATERIALIZATION - Materialized value stg_item.
2026-04-15 09:27:14 +0000 - dagster - INFO - full_pipeline - d191a204-0959-4c25-81e4-f4f0216d6505 - dbt_staging - Finished dbt command: `dbt run --select staging --target dev --select staging`.
2026-04-15 09:27:14 +0000 - dagster - ERROR - full_pipeline - d191a204-0959-4c25-81e4-f4f0216d6505 - 19411 - dbt_staging - STEP_FAILURE - Execution of step "dbt_staging" failed.

dagster_dbt.errors.DagsterDbtCliRuntimeError: The dbt CLI process with command

`dbt run --select staging --target dev --select staging`

failed with exit code `1`. Check the stdout in the Dagster compute logs for the full information about the error, or view the dbt debug log: /dbt/target/dbt_staging-d191a20-f3158ae/dbt.log.

Errors parsed from dbt logs:

6 of 10 ERROR creating sql view model `gold`.`stg_family` ...................... [[31mERROR[0m in 0.12s]

10 of 10 ERROR creating sql view model `gold`.`stg_warehouse` .................. [[31mERROR[0m in 0.04s]

  Database Error in model stg_family (models/staging/stg_family.sql)
  Received ClickHouse exception, code: 60, server response: Code: 60. DB::Exception: Table silver.family does not exist. (UNKNOWN_TABLE) (version 23.8.16.16 (official build)) (for url http://clickhouse:8123)
  compiled code at target/dbt_staging-d191a20-f3158ae/run/sagap/models/staging/stg_family.sql

  Database Error in model stg_warehouse (models/staging/stg_warehouse.sql)
  Received ClickHouse exception, code: 60, server response: Code: 60. DB::Exception: Table silver.warehouse does not exist. (UNKNOWN_TABLE) (version 23.8.16.16 (official build)) (for url http://clickhouse:8123)
  compiled code at target/dbt_staging-d191a20-f3158ae/run/sagap/models/staging/stg_warehouse.sql

Stack Trace:
  File "/usr/local/lib/python3.11/site-packages/dagster/_core/execution/plan/execute_plan.py", line 245, in dagster_event_sequence_for_step
    for step_event in check.generator(step_events):
  File "/usr/local/lib/python3.11/site-packages/dagster/_core/execution/plan/execute_step.py", line 499, in core_dagster_event_sequence_for_step
    for user_event in _step_output_error_checked_user_event_sequence(
  File "/usr/local/lib/python3.11/site-packages/dagster/_core/execution/plan/execute_step.py", line 183, in _step_output_error_checked_user_event_sequence
    for user_event in user_event_sequence:
  File "/usr/local/lib/python3.11/site-packages/dagster/_core/execution/plan/execute_step.py", line 87, in _process_asset_results_to_events
    for user_event in user_event_sequence:
  File "/usr/local/lib/python3.11/site-packages/dagster/_core/execution/plan/compute.py", line 197, in execute_core_compute
    for step_output in _yield_compute_results(step_context, inputs, compute_fn, compute_context):
  File "/usr/local/lib/python3.11/site-packages/dagster/_core/execution/plan/compute.py", line 166, in _yield_compute_results
    for event in iterate_with_context(
  File "/usr/local/lib/python3.11/site-packages/dagster/_utils/__init__.py", line 482, in iterate_with_context
    next_output = next(iterator)
                  ^^^^^^^^^^^^^^
  File "/dagster/pipeline.py", line 222, in dbt_staging_assets
    yield from dbt.cli(["run", "--select", "staging"], context=context).stream()
  File "/usr/local/lib/python3.11/site-packages/dagster_dbt/core/dbt_event_iterator.py", line 203, in __next__
    return next(self._inner_iterator)
           ^^^^^^^^^^^^^^^^^^^^^^^^^^
  File "/usr/local/lib/python3.11/site-packages/dagster_dbt/core/dbt_cli_invocation.py", line 271, in _stream_asset_events
    for event in self.stream_raw_events():
  File "/usr/local/lib/python3.11/site-packages/dagster_dbt/core/dbt_cli_invocation.py", line 364, in stream_raw_events
    self._raise_on_error()
  File "/usr/local/lib/python3.11/site-packages/dagster_dbt/core/dbt_cli_invocation.py", line 457, in _raise_on_error
    raise error

