Running with dbt=1.8.8
Registered adapter: clickhouse=1.8.0
Unable to do partial parsing because of a version mismatch
[[33mWARNING[0m]: Deprecated functionality
The `tests` config has been renamed to `data_tests`. Please see
https://docs.getdbt.com/docs/build/data-tests#new-data_tests-syntax for more
information.
Found 18 models, 137 data tests, 10 sources, 567 macros, 1 group

Concurrency: 4 threads (target='dev')

1 of 10 START sql view model `gold`.`stg_client` ............................... [RUN]
2 of 10 START sql view model `gold`.`stg_document` ............................. [RUN]
3 of 10 START sql view model `gold`.`stg_document_line` ........................ [RUN]
4 of 10 START sql view model `gold`.`stg_document_status` ...................... [RUN]
2 of 10 OK created sql view model `gold`.`stg_document` ........................ [[32mOK[0m in 0.46s]
1 of 10 OK created sql view model `gold`.`stg_client` .......................... [[32mOK[0m in 0.47s]
4 of 10 OK created sql view model `gold`.`stg_document_status` ................. [[32mOK[0m in 0.47s]
3 of 10 OK created sql view model `gold`.`stg_document_line` ................... [[32mOK[0m in 0.48s]
5 of 10 START sql view model `gold`.`stg_document_type` ........................ [RUN]
6 of 10 START sql view model `gold`.`stg_family` ............................... [RUN]
7 of 10 START sql view model `gold`.`stg_geographical_area` .................... [RUN]
8 of 10 START sql view model `gold`.`stg_item` ................................. [RUN]
5 of 10 OK created sql view model `gold`.`stg_document_type` ................... [[32mOK[0m in 0.29s]
6 of 10 OK created sql view model `gold`.`stg_family` .......................... [[32mOK[0m in 0.30s]
9 of 10 START sql view model `gold`.`stg_product_item` ......................... [RUN]
8 of 10 OK created sql view model `gold`.`stg_item` ............................ [[32mOK[0m in 0.31s]
7 of 10 OK created sql view model `gold`.`stg_geographical_area` ............... [[32mOK[0m in 0.31s]
10 of 10 START sql view model `gold`.`stg_warehouse` ........................... [RUN]
9 of 10 OK created sql view model `gold`.`stg_product_item` .................... [[32mOK[0m in 0.11s]
10 of 10 OK created sql view model `gold`.`stg_warehouse` ...................... [[32mOK[0m in 0.12s]

Finished running 10 view models in 0 hours 0 minutes and 3.25 seconds (3.25s).

[32mCompleted successfully[0m

Done. PASS=10 WARN=0 ERROR=0 SKIP=0 TOTAL=10
