2026-04-15 11:21:18 +0000 - dagster - DEBUG - __ASSET_JOB - 939473a7-f8c1-4b37-b3f8-9c3d2be92f91 - 523 - LOGS_CAPTURED - Started capturing logs in process (pid: 523).
2026-04-15 11:21:18 +0000 - dagster - DEBUG - __ASSET_JOB - 939473a7-f8c1-4b37-b3f8-9c3d2be92f91 - 523 - airbyte_sync - STEP_START - Started execution of step "airbyte_sync".
2026-04-15 11:21:18 +0000 - dagster - INFO - __ASSET_JOB - 939473a7-f8c1-4b37-b3f8-9c3d2be92f91 - airbyte_sync - Obtention du token OAuth2 Airbyte...
2026-04-15 11:21:18 +0000 - dagster - INFO - __ASSET_JOB - 939473a7-f8c1-4b37-b3f8-9c3d2be92f91 - airbyte_sync - Token OAuth2 obtenu.
2026-04-15 11:21:18 +0000 - dagster - INFO - __ASSET_JOB - 939473a7-f8c1-4b37-b3f8-9c3d2be92f91 - airbyte_sync - Déclenchement sync Airbyte connection_id=012ac2da-0a87-4781-8930-2f3fa69063c5...
2026-04-15 11:21:25 +0000 - dagster - INFO - __ASSET_JOB - 939473a7-f8c1-4b37-b3f8-9c3d2be92f91 - airbyte_sync - Sync déclenchée — job_id=54
2026-04-15 11:21:35 +0000 - dagster - INFO - __ASSET_JOB - 939473a7-f8c1-4b37-b3f8-9c3d2be92f91 - airbyte_sync - [1/360] Airbyte job status: running
2026-04-15 11:21:45 +0000 - dagster - INFO - __ASSET_JOB - 939473a7-f8c1-4b37-b3f8-9c3d2be92f91 - airbyte_sync - [2/360] Airbyte job status: running
2026-04-15 11:21:55 +0000 - dagster - INFO - __ASSET_JOB - 939473a7-f8c1-4b37-b3f8-9c3d2be92f91 - airbyte_sync - [3/360] Airbyte job status: running
2026-04-15 11:22:05 +0000 - dagster - INFO - __ASSET_JOB - 939473a7-f8c1-4b37-b3f8-9c3d2be92f91 - airbyte_sync - [4/360] Airbyte job status: running
2026-04-15 11:22:15 +0000 - dagster - INFO - __ASSET_JOB - 939473a7-f8c1-4b37-b3f8-9c3d2be92f91 - airbyte_sync - [5/360] Airbyte job status: running
2026-04-15 11:22:25 +0000 - dagster - INFO - __ASSET_JOB - 939473a7-f8c1-4b37-b3f8-9c3d2be92f91 - airbyte_sync - [6/360] Airbyte job status: running
2026-04-15 11:22:35 +0000 - dagster - INFO - __ASSET_JOB - 939473a7-f8c1-4b37-b3f8-9c3d2be92f91 - airbyte_sync - [7/360] Airbyte job status: running
2026-04-15 11:22:46 +0000 - dagster - INFO - __ASSET_JOB - 939473a7-f8c1-4b37-b3f8-9c3d2be92f91 - airbyte_sync - [8/360] Airbyte job status: running
2026-04-15 11:22:56 +0000 - dagster - INFO - __ASSET_JOB - 939473a7-f8c1-4b37-b3f8-9c3d2be92f91 - airbyte_sync - [9/360] Airbyte job status: succeeded
2026-04-15 11:22:56 +0000 - dagster - INFO - __ASSET_JOB - 939473a7-f8c1-4b37-b3f8-9c3d2be92f91 - airbyte_sync - Sync Airbyte terminée avec succès.
2026-04-15 11:22:56 +0000 - dagster - DEBUG - __ASSET_JOB - 939473a7-f8c1-4b37-b3f8-9c3d2be92f91 - 523 - airbyte_sync - STEP_OUTPUT - Yielded output "result" of type "Any". (Type check passed).
2026-04-15 11:22:56 +0000 - dagster - DEBUG - __ASSET_JOB - 939473a7-f8c1-4b37-b3f8-9c3d2be92f91 - airbyte_sync - Writing file at: /dagster/storage/airbyte_sync using PickledObjectFilesystemIOManager...
2026-04-15 11:22:56 +0000 - dagster - DEBUG - __ASSET_JOB - 939473a7-f8c1-4b37-b3f8-9c3d2be92f91 - 523 - airbyte_sync - ASSET_MATERIALIZATION - Materialized value airbyte_sync.
2026-04-15 11:22:56 +0000 - dagster - DEBUG - __ASSET_JOB - 939473a7-f8c1-4b37-b3f8-9c3d2be92f91 - 523 - airbyte_sync - HANDLED_OUTPUT - Handled output "result" using IO manager "io_manager"
2026-04-15 11:22:56 +0000 - dagster - DEBUG - __ASSET_JOB - 939473a7-f8c1-4b37-b3f8-9c3d2be92f91 - 523 - airbyte_sync - STEP_SUCCESS - Finished execution of step "airbyte_sync" in 1m37s.
