2026-04-27 15:59:54 +0000 - dagster - DEBUG - __ASSET_JOB - 0500fd3a-c248-4532-af94-03af66d9799c - 340 - LOGS_CAPTURED - Started capturing logs in process (pid: 340).
2026-04-27 15:59:54 +0000 - dagster - DEBUG - __ASSET_JOB - 0500fd3a-c248-4532-af94-03af66d9799c - 340 - airbyte_sync - STEP_START - Started execution of step "airbyte_sync".
2026-04-27 15:59:54 +0000 - dagster - INFO - __ASSET_JOB - 0500fd3a-c248-4532-af94-03af66d9799c - airbyte_sync - Obtention du token OAuth2 Airbyte...
2026-04-27 15:59:54 +0000 - dagster - INFO - __ASSET_JOB - 0500fd3a-c248-4532-af94-03af66d9799c - airbyte_sync - Token OAuth2 obtenu.
2026-04-27 15:59:54 +0000 - dagster - INFO - __ASSET_JOB - 0500fd3a-c248-4532-af94-03af66d9799c - airbyte_sync - Declenchement sync Airbyte connection_id=012ac2da-0a87-4781-8930-2f3fa69063c5...
2026-04-27 15:59:57 +0000 - dagster - INFO - __ASSET_JOB - 0500fd3a-c248-4532-af94-03af66d9799c - airbyte_sync - Sync declenchee - job_id=62
2026-04-27 16:00:07 +0000 - dagster - INFO - __ASSET_JOB - 0500fd3a-c248-4532-af94-03af66d9799c - airbyte_sync - [1/360] Airbyte job status: running
2026-04-27 16:00:17 +0000 - dagster - INFO - __ASSET_JOB - 0500fd3a-c248-4532-af94-03af66d9799c - airbyte_sync - [2/360] Airbyte job status: running
2026-04-27 16:00:27 +0000 - dagster - INFO - __ASSET_JOB - 0500fd3a-c248-4532-af94-03af66d9799c - airbyte_sync - [3/360] Airbyte job status: running
2026-04-27 16:00:37 +0000 - dagster - INFO - __ASSET_JOB - 0500fd3a-c248-4532-af94-03af66d9799c - airbyte_sync - [4/360] Airbyte job status: running
2026-04-27 16:00:47 +0000 - dagster - INFO - __ASSET_JOB - 0500fd3a-c248-4532-af94-03af66d9799c - airbyte_sync - [5/360] Airbyte job status: running
2026-04-27 16:00:58 +0000 - dagster - INFO - __ASSET_JOB - 0500fd3a-c248-4532-af94-03af66d9799c - airbyte_sync - [6/360] Airbyte job status: running
2026-04-27 16:01:08 +0000 - dagster - INFO - __ASSET_JOB - 0500fd3a-c248-4532-af94-03af66d9799c - airbyte_sync - [7/360] Airbyte job status: running
2026-04-27 16:01:18 +0000 - dagster - INFO - __ASSET_JOB - 0500fd3a-c248-4532-af94-03af66d9799c - airbyte_sync - [8/360] Airbyte job status: running
2026-04-27 16:01:28 +0000 - dagster - INFO - __ASSET_JOB - 0500fd3a-c248-4532-af94-03af66d9799c - airbyte_sync - [9/360] Airbyte job status: succeeded
2026-04-27 16:01:28 +0000 - dagster - INFO - __ASSET_JOB - 0500fd3a-c248-4532-af94-03af66d9799c - airbyte_sync - Sync Airbyte terminee avec succes.
2026-04-27 16:01:28 +0000 - dagster - DEBUG - __ASSET_JOB - 0500fd3a-c248-4532-af94-03af66d9799c - 340 - airbyte_sync - STEP_OUTPUT - Yielded output "result" of type "Any". (Type check passed).
2026-04-27 16:01:28 +0000 - dagster - DEBUG - __ASSET_JOB - 0500fd3a-c248-4532-af94-03af66d9799c - airbyte_sync - Writing file at: /dagster/storage/airbyte_sync using PickledObjectFilesystemIOManager...
2026-04-27 16:01:28 +0000 - dagster - DEBUG - __ASSET_JOB - 0500fd3a-c248-4532-af94-03af66d9799c - 340 - airbyte_sync - ASSET_MATERIALIZATION - Materialized value airbyte_sync.
2026-04-27 16:01:28 +0000 - dagster - DEBUG - __ASSET_JOB - 0500fd3a-c248-4532-af94-03af66d9799c - 340 - airbyte_sync - HANDLED_OUTPUT - Handled output "result" using IO manager "io_manager"
2026-04-27 16:01:28 +0000 - dagster - DEBUG - __ASSET_JOB - 0500fd3a-c248-4532-af94-03af66d9799c - 340 - airbyte_sync - STEP_SUCCESS - Finished execution of step "airbyte_sync" in 1m33s.
