2026-04-13 15:05:16 +0000 - dagster - DEBUG - __ASSET_JOB - f59dbf44-094f-4179-bba4-b7c64a78304c - 328 - LOGS_CAPTURED - Started capturing logs in process (pid: 328).
2026-04-13 15:05:16 +0000 - dagster - DEBUG - __ASSET_JOB - f59dbf44-094f-4179-bba4-b7c64a78304c - 328 - airbyte_sync - STEP_START - Started execution of step "airbyte_sync".
2026-04-13 15:05:16 +0000 - dagster - INFO - __ASSET_JOB - f59dbf44-094f-4179-bba4-b7c64a78304c - airbyte_sync - Obtention du token OAuth2 Airbyte...
2026-04-13 15:05:16 +0000 - dagster - INFO - __ASSET_JOB - f59dbf44-094f-4179-bba4-b7c64a78304c - airbyte_sync - Token OAuth2 obtenu.
2026-04-13 15:05:16 +0000 - dagster - INFO - __ASSET_JOB - f59dbf44-094f-4179-bba4-b7c64a78304c - airbyte_sync - Déclenchement sync Airbyte connection_id=012ac2da-0a87-4781-8930-2f3fa69063c5...
2026-04-13 15:05:16 +0000 - dagster - ERROR - __ASSET_JOB - f59dbf44-094f-4179-bba4-b7c64a78304c - 328 - airbyte_sync - STEP_FAILURE - Execution of step "airbyte_sync" failed.

dagster._core.errors.DagsterExecutionStepExecutionError: Error occurred while executing op "airbyte_sync"::

requests.exceptions.HTTPError: 403 Client Error: Forbidden for url: http://192.168.3.17:8000/api/v1/jobs

Stack Trace:
  File "/usr/local/lib/python3.11/site-packages/dagster/_core/execution/plan/utils.py", line 54, in op_execution_error_boundary
    yield
  File "/usr/local/lib/python3.11/site-packages/dagster/_utils/__init__.py", line 473, in iterate_with_context
    next_output = next(iterator)
                  ^^^^^^^^^^^^^^
  File "/usr/local/lib/python3.11/site-packages/dagster/_core/execution/plan/compute_generator.py", line 141, in _coerce_op_compute_fn_to_iterator
    result = invoke_compute_fn(
             ^^^^^^^^^^^^^^^^^^
  File "/usr/local/lib/python3.11/site-packages/dagster/_core/execution/plan/compute_generator.py", line 129, in invoke_compute_fn
    return fn(context, **args_to_pass) if context_arg_provided else fn(**args_to_pass)
           ^^^^^^^^^^^^^^^^^^^^^^^^^^^
  File "/dagster/pipeline.py", line 86, in airbyte_sync
    trigger_resp.raise_for_status()
  File "/usr/local/lib/python3.11/site-packages/requests/models.py", line 1028, in raise_for_status
    raise HTTPError(http_error_msg, response=self)

