2026-04-15 08:15:37 +0000 - dagster - DEBUG - full_pipeline - ae224780-ae12-4698-81a9-816059c04bd6 - 290 - LOGS_CAPTURED - Started capturing logs in process (pid: 290).
2026-04-15 08:15:37 +0000 - dagster - DEBUG - full_pipeline - ae224780-ae12-4698-81a9-816059c04bd6 - 290 - airbyte_sync - STEP_START - Started execution of step "airbyte_sync".
2026-04-15 08:15:37 +0000 - dagster - INFO - full_pipeline - ae224780-ae12-4698-81a9-816059c04bd6 - airbyte_sync - Obtention du token OAuth2 Airbyte...
2026-04-15 08:15:37 +0000 - dagster - INFO - full_pipeline - ae224780-ae12-4698-81a9-816059c04bd6 - airbyte_sync - Token OAuth2 obtenu.
2026-04-15 08:15:37 +0000 - dagster - INFO - full_pipeline - ae224780-ae12-4698-81a9-816059c04bd6 - airbyte_sync - Déclenchement sync Airbyte connection_id=012ac2da-0a87-4781-8930-2f3fa69063c5...
2026-04-15 08:15:38 +0000 - dagster - INFO - full_pipeline - ae224780-ae12-4698-81a9-816059c04bd6 - airbyte_sync - Sync déclenchée — job_id=49
2026-04-15 08:15:48 +0000 - dagster - INFO - full_pipeline - ae224780-ae12-4698-81a9-816059c04bd6 - airbyte_sync - [1/360] Airbyte job status: running
2026-04-15 08:15:58 +0000 - dagster - INFO - full_pipeline - ae224780-ae12-4698-81a9-816059c04bd6 - airbyte_sync - [2/360] Airbyte job status: running
2026-04-15 08:16:08 +0000 - dagster - INFO - full_pipeline - ae224780-ae12-4698-81a9-816059c04bd6 - airbyte_sync - [3/360] Airbyte job status: running
2026-04-15 08:16:18 +0000 - dagster - INFO - full_pipeline - ae224780-ae12-4698-81a9-816059c04bd6 - airbyte_sync - [4/360] Airbyte job status: running
2026-04-15 08:16:28 +0000 - dagster - INFO - full_pipeline - ae224780-ae12-4698-81a9-816059c04bd6 - airbyte_sync - [5/360] Airbyte job status: running
2026-04-15 08:16:38 +0000 - dagster - INFO - full_pipeline - ae224780-ae12-4698-81a9-816059c04bd6 - airbyte_sync - [6/360] Airbyte job status: running
2026-04-15 08:16:48 +0000 - dagster - INFO - full_pipeline - ae224780-ae12-4698-81a9-816059c04bd6 - airbyte_sync - [7/360] Airbyte job status: running
2026-04-15 08:16:58 +0000 - dagster - INFO - full_pipeline - ae224780-ae12-4698-81a9-816059c04bd6 - airbyte_sync - [8/360] Airbyte job status: running
2026-04-15 08:17:08 +0000 - dagster - INFO - full_pipeline - ae224780-ae12-4698-81a9-816059c04bd6 - airbyte_sync - [9/360] Airbyte job status: running
2026-04-15 08:17:18 +0000 - dagster - INFO - full_pipeline - ae224780-ae12-4698-81a9-816059c04bd6 - airbyte_sync - [10/360] Airbyte job status: succeeded
2026-04-15 08:17:18 +0000 - dagster - INFO - full_pipeline - ae224780-ae12-4698-81a9-816059c04bd6 - airbyte_sync - Sync Airbyte terminée avec succès.
2026-04-15 08:17:18 +0000 - dagster - DEBUG - full_pipeline - ae224780-ae12-4698-81a9-816059c04bd6 - 290 - airbyte_sync - STEP_OUTPUT - Yielded output "result" of type "Any". (Type check passed).
2026-04-15 08:17:18 +0000 - dagster - DEBUG - full_pipeline - ae224780-ae12-4698-81a9-816059c04bd6 - airbyte_sync - Writing file at: /dagster/storage/airbyte_sync using PickledObjectFilesystemIOManager...
2026-04-15 08:17:18 +0000 - dagster - DEBUG - full_pipeline - ae224780-ae12-4698-81a9-816059c04bd6 - 290 - airbyte_sync - ASSET_MATERIALIZATION - Materialized value airbyte_sync.
2026-04-15 08:17:18 +0000 - dagster - DEBUG - full_pipeline - ae224780-ae12-4698-81a9-816059c04bd6 - 290 - airbyte_sync - HANDLED_OUTPUT - Handled output "result" using IO manager "io_manager"
2026-04-15 08:17:18 +0000 - dagster - DEBUG - full_pipeline - ae224780-ae12-4698-81a9-816059c04bd6 - 290 - airbyte_sync - STEP_SUCCESS - Finished execution of step "airbyte_sync" in 1m41s.
