2026-04-15 11:39:42 +0000 - dagster - DEBUG - __ASSET_JOB - b79d1b6a-fbb0-4a14-9c78-50c1edef657d - 6076 - LOGS_CAPTURED - Started capturing logs in process (pid: 6076).
2026-04-15 11:39:42 +0000 - dagster - DEBUG - __ASSET_JOB - b79d1b6a-fbb0-4a14-9c78-50c1edef657d - 6076 - dbt_staging - STEP_START - Started execution of step "dbt_staging".
2026-04-15 11:39:42 +0000 - dagster - INFO - __ASSET_JOB - b79d1b6a-fbb0-4a14-9c78-50c1edef657d - dbt_staging - Lancement dbt run --select staging...
2026-04-15 11:39:49 +0000 - dagster - INFO - __ASSET_JOB - b79d1b6a-fbb0-4a14-9c78-50c1edef657d - dbt_staging - [0m11:39:43  Running with dbt=1.8.8
2026-04-15 11:39:49 +0000 - dagster - INFO - __ASSET_JOB - b79d1b6a-fbb0-4a14-9c78-50c1edef657d - dbt_staging - [0m11:39:43  Registered adapter: clickhouse=1.8.0
2026-04-15 11:39:49 +0000 - dagster - INFO - __ASSET_JOB - b79d1b6a-fbb0-4a14-9c78-50c1edef657d - dbt_staging - [0m11:39:43  Unable to do partial parsing because of a version mismatch
2026-04-15 11:39:49 +0000 - dagster - INFO - __ASSET_JOB - b79d1b6a-fbb0-4a14-9c78-50c1edef657d - dbt_staging - [0m11:39:45  [[33mWARNING[0m]: Deprecated functionality
2026-04-15 11:39:50 +0000 - dagster - INFO - __ASSET_JOB - b79d1b6a-fbb0-4a14-9c78-50c1edef657d - dbt_staging - The `tests` config has been renamed to `data_tests`. Please see
2026-04-15 11:39:50 +0000 - dagster - INFO - __ASSET_JOB - b79d1b6a-fbb0-4a14-9c78-50c1edef657d - dbt_staging - https://docs.getdbt.com/docs/build/data-tests#new-data_tests-syntax for more
2026-04-15 11:39:50 +0000 - dagster - INFO - __ASSET_JOB - b79d1b6a-fbb0-4a14-9c78-50c1edef657d - dbt_staging - information.
2026-04-15 11:39:50 +0000 - dagster - INFO - __ASSET_JOB - b79d1b6a-fbb0-4a14-9c78-50c1edef657d - dbt_staging - [0m11:39:46  Found 18 models, 137 data tests, 10 sources, 567 macros, 1 group
2026-04-15 11:39:50 +0000 - dagster - INFO - __ASSET_JOB - b79d1b6a-fbb0-4a14-9c78-50c1edef657d - dbt_staging - [0m11:39:46  
2026-04-15 11:39:50 +0000 - dagster - INFO - __ASSET_JOB - b79d1b6a-fbb0-4a14-9c78-50c1edef657d - dbt_staging - [0m11:39:46  Concurrency: 4 threads (target='dev')
2026-04-15 11:39:50 +0000 - dagster - INFO - __ASSET_JOB - b79d1b6a-fbb0-4a14-9c78-50c1edef657d - dbt_staging - [0m11:39:46  
2026-04-15 11:39:50 +0000 - dagster - INFO - __ASSET_JOB - b79d1b6a-fbb0-4a14-9c78-50c1edef657d - dbt_staging - [0m11:39:46  1 of 10 START sql view model `gold`.`stg_client` ............................... [RUN]
2026-04-15 11:39:50 +0000 - dagster - INFO - __ASSET_JOB - b79d1b6a-fbb0-4a14-9c78-50c1edef657d - dbt_staging - [0m11:39:46  2 of 10 START sql view model `gold`.`stg_document` ............................. [RUN]
2026-04-15 11:39:50 +0000 - dagster - INFO - __ASSET_JOB - b79d1b6a-fbb0-4a14-9c78-50c1edef657d - dbt_staging - [0m11:39:46  3 of 10 START sql view model `gold`.`stg_document_line` ........................ [RUN]
2026-04-15 11:39:50 +0000 - dagster - INFO - __ASSET_JOB - b79d1b6a-fbb0-4a14-9c78-50c1edef657d - dbt_staging - [0m11:39:46  4 of 10 START sql view model `gold`.`stg_document_status` ...................... [RUN]
2026-04-15 11:39:50 +0000 - dagster - INFO - __ASSET_JOB - b79d1b6a-fbb0-4a14-9c78-50c1edef657d - dbt_staging - [0m11:39:46  2 of 10 OK created sql view model `gold`.`stg_document` ........................ [[32mOK[0m in 0.18s]
2026-04-15 11:39:50 +0000 - dagster - INFO - __ASSET_JOB - b79d1b6a-fbb0-4a14-9c78-50c1edef657d - dbt_staging - [0m11:39:46  1 of 10 OK created sql view model `gold`.`stg_client` .......................... [[32mOK[0m in 0.19s]
2026-04-15 11:39:50 +0000 - dagster - INFO - __ASSET_JOB - b79d1b6a-fbb0-4a14-9c78-50c1edef657d - dbt_staging - [0m11:39:46  5 of 10 START sql view model `gold`.`stg_document_type` ........................ [RUN]
2026-04-15 11:39:50 +0000 - dagster - INFO - __ASSET_JOB - b79d1b6a-fbb0-4a14-9c78-50c1edef657d - dbt_staging - [0m11:39:46  6 of 10 START sql view model `gold`.`stg_family` ............................... [RUN]
2026-04-15 11:39:50 +0000 - dagster - INFO - __ASSET_JOB - b79d1b6a-fbb0-4a14-9c78-50c1edef657d - dbt_staging - [0m11:39:46  3 of 10 OK created sql view model `gold`.`stg_document_line` ................... [[32mOK[0m in 0.23s]
2026-04-15 11:39:50 +0000 - dagster - INFO - __ASSET_JOB - b79d1b6a-fbb0-4a14-9c78-50c1edef657d - dbt_staging - [0m11:39:46  4 of 10 OK created sql view model `gold`.`stg_document_status` ................. [[32mOK[0m in 0.23s]
2026-04-15 11:39:50 +0000 - dagster - INFO - __ASSET_JOB - b79d1b6a-fbb0-4a14-9c78-50c1edef657d - dbt_staging - [0m11:39:46  7 of 10 START sql view model `gold`.`stg_geographical_area` .................... [RUN]
2026-04-15 11:39:50 +0000 - dagster - INFO - __ASSET_JOB - b79d1b6a-fbb0-4a14-9c78-50c1edef657d - dbt_staging - [0m11:39:46  8 of 10 START sql view model `gold`.`stg_item` ................................. [RUN]
2026-04-15 11:39:50 +0000 - dagster - INFO - __ASSET_JOB - b79d1b6a-fbb0-4a14-9c78-50c1edef657d - dbt_staging - [0m11:39:46  5 of 10 OK created sql view model `gold`.`stg_document_type` ................... [[32mOK[0m in 0.18s]
2026-04-15 11:39:50 +0000 - dagster - INFO - __ASSET_JOB - b79d1b6a-fbb0-4a14-9c78-50c1edef657d - dbt_staging - [0m11:39:46  6 of 10 OK created sql view model `gold`.`stg_family` .......................... [[32mOK[0m in 0.18s]
2026-04-15 11:39:50 +0000 - dagster - INFO - __ASSET_JOB - b79d1b6a-fbb0-4a14-9c78-50c1edef657d - dbt_staging - [0m11:39:46  9 of 10 START sql view model `gold`.`stg_product_item` ......................... [RUN]
2026-04-15 11:39:50 +0000 - dagster - INFO - __ASSET_JOB - b79d1b6a-fbb0-4a14-9c78-50c1edef657d - dbt_staging - [0m11:39:46  10 of 10 START sql view model `gold`.`stg_warehouse` ........................... [RUN]
2026-04-15 11:39:50 +0000 - dagster - INFO - __ASSET_JOB - b79d1b6a-fbb0-4a14-9c78-50c1edef657d - dbt_staging - [0m11:39:46  8 of 10 OK created sql view model `gold`.`stg_item` ............................ [[32mOK[0m in 0.12s]
2026-04-15 11:39:50 +0000 - dagster - INFO - __ASSET_JOB - b79d1b6a-fbb0-4a14-9c78-50c1edef657d - dbt_staging - [0m11:39:46  7 of 10 OK created sql view model `gold`.`stg_geographical_area` ............... [[32mOK[0m in 0.13s]
2026-04-15 11:39:50 +0000 - dagster - INFO - __ASSET_JOB - b79d1b6a-fbb0-4a14-9c78-50c1edef657d - dbt_staging - [0m11:39:46  10 of 10 OK created sql view model `gold`.`stg_warehouse` ...................... [[32mOK[0m in 0.09s]
2026-04-15 11:39:50 +0000 - dagster - INFO - __ASSET_JOB - b79d1b6a-fbb0-4a14-9c78-50c1edef657d - dbt_staging - [0m11:39:46  9 of 10 OK created sql view model `gold`.`stg_product_item` .................... [[32mOK[0m in 0.09s]
2026-04-15 11:39:50 +0000 - dagster - INFO - __ASSET_JOB - b79d1b6a-fbb0-4a14-9c78-50c1edef657d - dbt_staging - [0m11:39:46  
2026-04-15 11:39:50 +0000 - dagster - INFO - __ASSET_JOB - b79d1b6a-fbb0-4a14-9c78-50c1edef657d - dbt_staging - [0m11:39:46  Finished running 10 view models in 0 hours 0 minutes and 0.78 seconds (0.78s).
2026-04-15 11:39:50 +0000 - dagster - INFO - __ASSET_JOB - b79d1b6a-fbb0-4a14-9c78-50c1edef657d - dbt_staging - [0m11:39:46  
2026-04-15 11:39:50 +0000 - dagster - INFO - __ASSET_JOB - b79d1b6a-fbb0-4a14-9c78-50c1edef657d - dbt_staging - [0m11:39:46  [32mCompleted successfully[0m
2026-04-15 11:39:50 +0000 - dagster - INFO - __ASSET_JOB - b79d1b6a-fbb0-4a14-9c78-50c1edef657d - dbt_staging - [0m11:39:46  
2026-04-15 11:39:50 +0000 - dagster - INFO - __ASSET_JOB - b79d1b6a-fbb0-4a14-9c78-50c1edef657d - dbt_staging - [0m11:39:46  Done. PASS=10 WARN=0 ERROR=0 SKIP=0 TOTAL=10
2026-04-15 11:39:50 +0000 - dagster - INFO - __ASSET_JOB - b79d1b6a-fbb0-4a14-9c78-50c1edef657d - dbt_staging - dbt staging terminé avec succès.
2026-04-15 11:39:50 +0000 - dagster - DEBUG - __ASSET_JOB - b79d1b6a-fbb0-4a14-9c78-50c1edef657d - 6076 - dbt_staging - STEP_OUTPUT - Yielded output "result" of type "Any". (Type check passed).
2026-04-15 11:39:50 +0000 - dagster - DEBUG - __ASSET_JOB - b79d1b6a-fbb0-4a14-9c78-50c1edef657d - dbt_staging - Writing file at: /dagster/storage/dbt_staging using PickledObjectFilesystemIOManager...
2026-04-15 11:39:50 +0000 - dagster - DEBUG - __ASSET_JOB - b79d1b6a-fbb0-4a14-9c78-50c1edef657d - 6076 - dbt_staging - ASSET_MATERIALIZATION - Materialized value dbt_staging.
2026-04-15 11:39:50 +0000 - dagster - DEBUG - __ASSET_JOB - b79d1b6a-fbb0-4a14-9c78-50c1edef657d - 6076 - dbt_staging - HANDLED_OUTPUT - Handled output "result" using IO manager "io_manager"
2026-04-15 11:39:50 +0000 - dagster - DEBUG - __ASSET_JOB - b79d1b6a-fbb0-4a14-9c78-50c1edef657d - 6076 - dbt_staging - STEP_SUCCESS - Finished execution of step "dbt_staging" in 7.89s.
