2026-05-18 16:04:17 +0000 - dagster - DEBUG - __ASSET_JOB - be55cac9-d68e-4bf0-af41-2e3072db1f92 - 16001 - LOGS_CAPTURED - Started capturing logs in process (pid: 16001).
2026-05-18 16:04:17 +0000 - dagster - DEBUG - __ASSET_JOB - be55cac9-d68e-4bf0-af41-2e3072db1f92 - 16001 - dbt_models - STEP_START - Started execution of step "dbt_models".
2026-05-18 16:04:17 +0000 - dagster - INFO - __ASSET_JOB - be55cac9-d68e-4bf0-af41-2e3072db1f92 - dbt_models - A dbt subsetted execution is not being performed. Using the default dbt selection arguments `['--select', 'fqn:*']`.
2026-05-18 16:04:17 +0000 - dagster - INFO - __ASSET_JOB - be55cac9-d68e-4bf0-af41-2e3072db1f92 - dbt_models - Copying `/dbt/target/partial_parse.msgpack` to `/dbt/target/dbt_models-be55cac-ecbe213/partial_parse.msgpack` to take advantage of partial parsing.
2026-05-18 16:04:17 +0000 - dagster - INFO - __ASSET_JOB - be55cac9-d68e-4bf0-af41-2e3072db1f92 - dbt_models - Running dbt command: `dbt run --target dev --select fqn:*`.
2026-05-18 16:04:20 +0000 - dagster - DEBUG - __ASSET_JOB - be55cac9-d68e-4bf0-af41-2e3072db1f92 - 16001 - dbt_models - STEP_OUTPUT - Yielded output "model_sagap_stg_client" of type "Nothing". (Type check passed).
2026-05-18 16:04:21 +0000 - dagster - DEBUG - __ASSET_JOB - be55cac9-d68e-4bf0-af41-2e3072db1f92 - 16001 - dbt_models - ASSET_MATERIALIZATION - Materialized value stg_client.
2026-05-18 16:04:21 +0000 - dagster - DEBUG - __ASSET_JOB - be55cac9-d68e-4bf0-af41-2e3072db1f92 - 16001 - dbt_models - STEP_OUTPUT - Yielded output "model_sagap_stg_document" of type "Nothing". (Type check passed).
2026-05-18 16:04:21 +0000 - dagster - DEBUG - __ASSET_JOB - be55cac9-d68e-4bf0-af41-2e3072db1f92 - 16001 - dbt_models - ASSET_MATERIALIZATION - Materialized value stg_document.
2026-05-18 16:04:21 +0000 - dagster - DEBUG - __ASSET_JOB - be55cac9-d68e-4bf0-af41-2e3072db1f92 - 16001 - dbt_models - STEP_OUTPUT - Yielded output "model_sagap_stg_document_status" of type "Nothing". (Type check passed).
2026-05-18 16:04:21 +0000 - dagster - DEBUG - __ASSET_JOB - be55cac9-d68e-4bf0-af41-2e3072db1f92 - 16001 - dbt_models - ASSET_MATERIALIZATION - Materialized value stg_document_status.
2026-05-18 16:04:21 +0000 - dagster - DEBUG - __ASSET_JOB - be55cac9-d68e-4bf0-af41-2e3072db1f92 - 16001 - dbt_models - STEP_OUTPUT - Yielded output "model_sagap_stg_document_line" of type "Nothing". (Type check passed).
2026-05-18 16:04:21 +0000 - dagster - DEBUG - __ASSET_JOB - be55cac9-d68e-4bf0-af41-2e3072db1f92 - 16001 - dbt_models - ASSET_MATERIALIZATION - Materialized value stg_document_line.
2026-05-18 16:04:21 +0000 - dagster - DEBUG - __ASSET_JOB - be55cac9-d68e-4bf0-af41-2e3072db1f92 - 16001 - dbt_models - STEP_OUTPUT - Yielded output "model_sagap_stg_document_type" of type "Nothing". (Type check passed).
2026-05-18 16:04:21 +0000 - dagster - DEBUG - __ASSET_JOB - be55cac9-d68e-4bf0-af41-2e3072db1f92 - 16001 - dbt_models - ASSET_MATERIALIZATION - Materialized value stg_document_type.
2026-05-18 16:04:21 +0000 - dagster - DEBUG - __ASSET_JOB - be55cac9-d68e-4bf0-af41-2e3072db1f92 - 16001 - dbt_models - STEP_OUTPUT - Yielded output "model_sagap_stg_family" of type "Nothing". (Type check passed).
2026-05-18 16:04:21 +0000 - dagster - DEBUG - __ASSET_JOB - be55cac9-d68e-4bf0-af41-2e3072db1f92 - 16001 - dbt_models - ASSET_MATERIALIZATION - Materialized value stg_family.
2026-05-18 16:04:21 +0000 - dagster - DEBUG - __ASSET_JOB - be55cac9-d68e-4bf0-af41-2e3072db1f92 - 16001 - dbt_models - STEP_OUTPUT - Yielded output "model_sagap_stg_geographical_area" of type "Nothing". (Type check passed).
2026-05-18 16:04:21 +0000 - dagster - DEBUG - __ASSET_JOB - be55cac9-d68e-4bf0-af41-2e3072db1f92 - 16001 - dbt_models - ASSET_MATERIALIZATION - Materialized value stg_geographical_area.
2026-05-18 16:04:21 +0000 - dagster - DEBUG - __ASSET_JOB - be55cac9-d68e-4bf0-af41-2e3072db1f92 - 16001 - dbt_models - STEP_OUTPUT - Yielded output "model_sagap_stg_item" of type "Nothing". (Type check passed).
2026-05-18 16:04:21 +0000 - dagster - DEBUG - __ASSET_JOB - be55cac9-d68e-4bf0-af41-2e3072db1f92 - 16001 - dbt_models - ASSET_MATERIALIZATION - Materialized value stg_item.
2026-05-18 16:04:21 +0000 - dagster - DEBUG - __ASSET_JOB - be55cac9-d68e-4bf0-af41-2e3072db1f92 - 16001 - dbt_models - STEP_OUTPUT - Yielded output "model_sagap_stg_product_item" of type "Nothing". (Type check passed).
2026-05-18 16:04:21 +0000 - dagster - DEBUG - __ASSET_JOB - be55cac9-d68e-4bf0-af41-2e3072db1f92 - 16001 - dbt_models - ASSET_MATERIALIZATION - Materialized value stg_product_item.
2026-05-18 16:04:21 +0000 - dagster - DEBUG - __ASSET_JOB - be55cac9-d68e-4bf0-af41-2e3072db1f92 - 16001 - dbt_models - STEP_OUTPUT - Yielded output "model_sagap_stg_warehouse" of type "Nothing". (Type check passed).
2026-05-18 16:04:21 +0000 - dagster - DEBUG - __ASSET_JOB - be55cac9-d68e-4bf0-af41-2e3072db1f92 - 16001 - dbt_models - ASSET_MATERIALIZATION - Materialized value stg_warehouse.
2026-05-18 16:04:21 +0000 - dagster - DEBUG - __ASSET_JOB - be55cac9-d68e-4bf0-af41-2e3072db1f92 - 16001 - dbt_models - STEP_OUTPUT - Yielded output "model_sagap_dim_client" of type "Nothing". (Type check passed).
2026-05-18 16:04:21 +0000 - dagster - DEBUG - __ASSET_JOB - be55cac9-d68e-4bf0-af41-2e3072db1f92 - 16001 - dbt_models - ASSET_MATERIALIZATION - Materialized value dim_client.
2026-05-18 16:04:21 +0000 - dagster - DEBUG - __ASSET_JOB - be55cac9-d68e-4bf0-af41-2e3072db1f92 - 16001 - dbt_models - STEP_OUTPUT - Yielded output "model_sagap_dim_document_status" of type "Nothing". (Type check passed).
2026-05-18 16:04:21 +0000 - dagster - DEBUG - __ASSET_JOB - be55cac9-d68e-4bf0-af41-2e3072db1f92 - 16001 - dbt_models - ASSET_MATERIALIZATION - Materialized value dim_document_status.
2026-05-18 16:04:21 +0000 - dagster - DEBUG - __ASSET_JOB - be55cac9-d68e-4bf0-af41-2e3072db1f92 - 16001 - dbt_models - STEP_OUTPUT - Yielded output "model_sagap_dim_document_type" of type "Nothing". (Type check passed).
2026-05-18 16:04:21 +0000 - dagster - DEBUG - __ASSET_JOB - be55cac9-d68e-4bf0-af41-2e3072db1f92 - 16001 - dbt_models - ASSET_MATERIALIZATION - Materialized value dim_document_type.
2026-05-18 16:04:21 +0000 - dagster - DEBUG - __ASSET_JOB - be55cac9-d68e-4bf0-af41-2e3072db1f92 - 16001 - dbt_models - STEP_OUTPUT - Yielded output "model_sagap_dim_date" of type "Nothing". (Type check passed).
2026-05-18 16:04:21 +0000 - dagster - DEBUG - __ASSET_JOB - be55cac9-d68e-4bf0-af41-2e3072db1f92 - 16001 - dbt_models - ASSET_MATERIALIZATION - Materialized value dim_date.
2026-05-18 16:04:21 +0000 - dagster - DEBUG - __ASSET_JOB - be55cac9-d68e-4bf0-af41-2e3072db1f92 - 16001 - dbt_models - STEP_OUTPUT - Yielded output "model_sagap_dim_geographical_area" of type "Nothing". (Type check passed).
2026-05-18 16:04:21 +0000 - dagster - DEBUG - __ASSET_JOB - be55cac9-d68e-4bf0-af41-2e3072db1f92 - 16001 - dbt_models - ASSET_MATERIALIZATION - Materialized value dim_geographical_area.
2026-05-18 16:04:21 +0000 - dagster - DEBUG - __ASSET_JOB - be55cac9-d68e-4bf0-af41-2e3072db1f92 - 16001 - dbt_models - STEP_OUTPUT - Yielded output "model_sagap_dim_warehouse" of type "Nothing". (Type check passed).
2026-05-18 16:04:21 +0000 - dagster - DEBUG - __ASSET_JOB - be55cac9-d68e-4bf0-af41-2e3072db1f92 - 16001 - dbt_models - ASSET_MATERIALIZATION - Materialized value dim_warehouse.
2026-05-18 16:04:21 +0000 - dagster - DEBUG - __ASSET_JOB - be55cac9-d68e-4bf0-af41-2e3072db1f92 - 16001 - dbt_models - STEP_OUTPUT - Yielded output "model_sagap_dim_item" of type "Nothing". (Type check passed).
2026-05-18 16:04:22 +0000 - dagster - DEBUG - __ASSET_JOB - be55cac9-d68e-4bf0-af41-2e3072db1f92 - 16001 - dbt_models - ASSET_MATERIALIZATION - Materialized value dim_item.
2026-05-18 16:04:23 +0000 - dagster - DEBUG - __ASSET_JOB - be55cac9-d68e-4bf0-af41-2e3072db1f92 - 16001 - dbt_models - STEP_OUTPUT - Yielded output "model_sagap_fact_sales" of type "Nothing". (Type check passed).
2026-05-18 16:04:24 +0000 - dagster - DEBUG - __ASSET_JOB - be55cac9-d68e-4bf0-af41-2e3072db1f92 - 16001 - dbt_models - ASSET_MATERIALIZATION - Materialized value fact_sales.
2026-05-18 16:04:24 +0000 - dagster - INFO - __ASSET_JOB - be55cac9-d68e-4bf0-af41-2e3072db1f92 - dbt_models - Finished dbt command: `dbt run --target dev --select fqn:*`.
2026-05-18 16:04:24 +0000 - dagster - INFO - __ASSET_JOB - be55cac9-d68e-4bf0-af41-2e3072db1f92 - dbt_models - op 'dbt_models' did not yield or return expected outputs {'dim_date_dbt_utils_accepted_range_dim_date_Month__12__1', 'dim_client_accepted_values_dim_client_IsActive__0__1', 'dim_item_not_null_dim_item_ItemLabel', 'fact_sales_relationships_fact_sales_ClientSK__ClientSK__ref_dim_client_', 'dim_geographical_area_not_null_dim_geographical_area_GeographicalAreaBK', 'dim_document_status_unique_dim_document_status_DocumentStatusSK', 'dim_document_type_unique_dim_document_type_DocumentTypeBK', 'dim_client_accepted_values_dim_client_IsBTOB__0__1', 'dim_geographical_area_not_null_dim_geographical_area_GeographicalAreaSK', 'fact_sales_relationships_fact_sales_DateSK__DateSK__ref_dim_date_', 'fact_sales_not_null_fact_sales_Quantity', 'dim_geographical_area_unique_dim_geographical_area_GeographicalAreaBK', 'dim_date_dbt_utils_accepted_range_dim_date_Day__31__1', 'dim_client_not_null_dim_client_ClientSK', 'fact_sales_relationships_fact_sales_DocumentTypeSK__DocumentTypeSK__ref_dim_document_type_', 'dim_item_not_null_dim_item_ItemCode', 'dim_client_not_null_dim_client_ClientName', 'fact_sales_not_null_fact_sales_DocumentCode', 'dim_date_unique_dim_date_DateBK', 'fact_sales_not_null_fact_sales_DocumentTypeSK', 'fact_sales_not_null_fact_sales_ItemSK', 'dim_date_not_null_dim_date_DateSK', 'dim_document_type_not_null_dim_document_type_DocumentTypeLabel', 'fact_sales_not_null_fact_sales_DocumentStatusSK', 'dim_client_not_null_dim_client_ClientBK', 'dim_geographical_area_not_null_dim_geographical_area_GeographicalAreaLabel', 'dim_document_status_not_null_dim_document_status_DocumentStatusLabel', 'dim_item_unique_dim_item_ItemBK', 'dim_date_accepted_values_dim_date_MonthName__Janvier__F_vrier__Mars__Avril__Mai__Juin__Juillet__Ao_t__Septembre__Octobre__Novembre__D_cembre', 'dim_date_not_null_dim_date_DateBK', 'dim_document_status_not_null_dim_document_status_DocumentStatusBK', 'dim_date_dbt_utils_accepted_range_dim_date_Year__2027__2000', 'dim_document_status_unique_dim_document_status_DocumentStatusBK', 'dim_item_unique_dim_item_ItemSK', 'dim_document_type_not_null_dim_document_type_DocumentTypeBK', 'fact_sales_not_null_fact_sales_ClientSK', 'dim_client_unique_dim_client_ClientSK', 'dim_date_not_null_dim_date_Quarter', 'dim_date_not_null_dim_date_MonthName', 'dim_client_unique_dim_client_ClientBK', 'dim_document_type_unique_dim_document_type_DocumentTypeSK', 'dim_client_not_null_dim_client_IsBTOB', 'dim_date_not_null_dim_date_Day', 'fact_sales_not_null_fact_sales_LinePrice', 'fact_sales_assert_fact_sales_discount_coherence', 'dim_client_not_null_dim_client_IsActive', 'dim_date_not_null_dim_date_Month', 'dim_date_not_null_dim_date_Year', 'fact_sales_relationships_fact_sales_DocumentStatusSK__DocumentStatusSK__ref_dim_document_status_', 'dim_geographical_area_unique_dim_geographical_area_GeographicalAreaSK', 'dim_date_accepted_values_dim_date_DayName__Lundi__Mardi__Mercredi__Jeudi__Vendredi__Samedi__Dimanche', 'dim_item_not_null_dim_item_ItemSK', 'dim_warehouse_not_null_dim_warehouse_WarehouseCode', 'dim_warehouse_unique_dim_warehouse_WarehouseBK', 'dim_date_unique_dim_date_DateSK', 'fact_sales_relationships_fact_sales_ItemSK__ItemSK__ref_dim_item_', 'fact_sales_relationships_fact_sales_GeographicalAreaSK__GeographicalAreaSK__ref_dim_geographical_area_', 'fact_sales_not_null_fact_sales_GeographicalAreaSK', 'dim_client_not_null_dim_client_ClientCode', 'dim_date_dbt_utils_accepted_range_dim_date_Quarter__4__1', 'dim_warehouse_unique_dim_warehouse_WarehouseSK', 'dim_document_status_not_null_dim_document_status_DocumentStatusSK', 'fact_sales_assert_fact_sales_no_negative_priceTT', 'fact_sales_not_null_fact_sales_DateSK', 'dim_document_type_not_null_dim_document_type_DocumentTypeSK', 'dim_date_not_null_dim_date_DayName', 'dim_warehouse_not_null_dim_warehouse_WarehouseName', 'dim_warehouse_not_null_dim_warehouse_WarehouseSK', 'dim_item_not_null_dim_item_ItemBK', 'dim_warehouse_not_null_dim_warehouse_WarehouseBK'}.
2026-05-18 16:04:24 +0000 - dagster - DEBUG - __ASSET_JOB - be55cac9-d68e-4bf0-af41-2e3072db1f92 - 16001 - dbt_models - STEP_SUCCESS - Finished execution of step "dbt_models" in 7.04s.
