2026-04-14 13:09:21 +0000 - dagster - DEBUG - full_pipeline - deafb3a0-d1fc-4419-92a8-ed4a93c1af82 - 8721 - LOGS_CAPTURED - Started capturing logs in process (pid: 8721).
2026-04-14 13:09:21 +0000 - dagster - DEBUG - full_pipeline - deafb3a0-d1fc-4419-92a8-ed4a93c1af82 - 8721 - airbyte_sync - STEP_START - Started execution of step "airbyte_sync".
2026-04-14 13:09:21 +0000 - dagster - INFO - full_pipeline - deafb3a0-d1fc-4419-92a8-ed4a93c1af82 - airbyte_sync - Obtention du token OAuth2 Airbyte...
2026-04-14 13:09:21 +0000 - dagster - INFO - full_pipeline - deafb3a0-d1fc-4419-92a8-ed4a93c1af82 - airbyte_sync - Token OAuth2 obtenu.
2026-04-14 13:09:21 +0000 - dagster - INFO - full_pipeline - deafb3a0-d1fc-4419-92a8-ed4a93c1af82 - airbyte_sync - Déclenchement sync Airbyte connection_id=012ac2da-0a87-4781-8930-2f3fa69063c5...
2026-04-14 13:09:24 +0000 - dagster - INFO - full_pipeline - deafb3a0-d1fc-4419-92a8-ed4a93c1af82 - airbyte_sync - Sync déclenchée — job_id=41
2026-04-14 13:09:34 +0000 - dagster - INFO - full_pipeline - deafb3a0-d1fc-4419-92a8-ed4a93c1af82 - airbyte_sync - [1/360] Airbyte job status: running
2026-04-14 13:09:44 +0000 - dagster - INFO - full_pipeline - deafb3a0-d1fc-4419-92a8-ed4a93c1af82 - airbyte_sync - [2/360] Airbyte job status: running
2026-04-14 13:09:54 +0000 - dagster - INFO - full_pipeline - deafb3a0-d1fc-4419-92a8-ed4a93c1af82 - airbyte_sync - [3/360] Airbyte job status: running
2026-04-14 13:10:04 +0000 - dagster - INFO - full_pipeline - deafb3a0-d1fc-4419-92a8-ed4a93c1af82 - airbyte_sync - [4/360] Airbyte job status: running
2026-04-14 13:10:15 +0000 - dagster - INFO - full_pipeline - deafb3a0-d1fc-4419-92a8-ed4a93c1af82 - airbyte_sync - [5/360] Airbyte job status: running
2026-04-14 13:10:25 +0000 - dagster - INFO - full_pipeline - deafb3a0-d1fc-4419-92a8-ed4a93c1af82 - airbyte_sync - [6/360] Airbyte job status: running
2026-04-14 13:10:35 +0000 - dagster - INFO - full_pipeline - deafb3a0-d1fc-4419-92a8-ed4a93c1af82 - airbyte_sync - [7/360] Airbyte job status: running
2026-04-14 13:10:45 +0000 - dagster - INFO - full_pipeline - deafb3a0-d1fc-4419-92a8-ed4a93c1af82 - airbyte_sync - [8/360] Airbyte job status: running
2026-04-14 13:10:55 +0000 - dagster - INFO - full_pipeline - deafb3a0-d1fc-4419-92a8-ed4a93c1af82 - airbyte_sync - [9/360] Airbyte job status: running
2026-04-14 13:11:06 +0000 - dagster - INFO - full_pipeline - deafb3a0-d1fc-4419-92a8-ed4a93c1af82 - airbyte_sync - [10/360] Airbyte job status: running
2026-04-14 13:11:16 +0000 - dagster - INFO - full_pipeline - deafb3a0-d1fc-4419-92a8-ed4a93c1af82 - airbyte_sync - [11/360] Airbyte job status: running
2026-04-14 13:11:26 +0000 - dagster - INFO - full_pipeline - deafb3a0-d1fc-4419-92a8-ed4a93c1af82 - airbyte_sync - [12/360] Airbyte job status: succeeded
2026-04-14 13:11:26 +0000 - dagster - INFO - full_pipeline - deafb3a0-d1fc-4419-92a8-ed4a93c1af82 - airbyte_sync - Sync Airbyte terminée avec succès.
2026-04-14 13:11:26 +0000 - dagster - DEBUG - full_pipeline - deafb3a0-d1fc-4419-92a8-ed4a93c1af82 - 8721 - airbyte_sync - STEP_OUTPUT - Yielded output "result" of type "Any". (Type check passed).
2026-04-14 13:11:26 +0000 - dagster - DEBUG - full_pipeline - deafb3a0-d1fc-4419-92a8-ed4a93c1af82 - airbyte_sync - Writing file at: /dagster/storage/airbyte_sync using PickledObjectFilesystemIOManager...
2026-04-14 13:11:26 +0000 - dagster - DEBUG - full_pipeline - deafb3a0-d1fc-4419-92a8-ed4a93c1af82 - 8721 - airbyte_sync - ASSET_MATERIALIZATION - Materialized value airbyte_sync.
2026-04-14 13:11:27 +0000 - dagster - DEBUG - full_pipeline - deafb3a0-d1fc-4419-92a8-ed4a93c1af82 - 8721 - airbyte_sync - HANDLED_OUTPUT - Handled output "result" using IO manager "io_manager"
2026-04-14 13:11:27 +0000 - dagster - DEBUG - full_pipeline - deafb3a0-d1fc-4419-92a8-ed4a93c1af82 - 8721 - airbyte_sync - STEP_SUCCESS - Finished execution of step "airbyte_sync" in 2m5s.
